#
# A fatal error has been detected by the Java Runtime Environment:
#
#  EXCEPTION_ACCESS_VIOLATION (0xc0000005) at pc=0x00007ffc1c152a08, pid=844, tid=1116
#
# JRE version: Java(TM) SE Runtime Environment (16.0.2+7) (build 16.0.2+7-67)
# Java VM: Java HotSpot(TM) 64-Bit Server VM (16.0.2+7-67, mixed mode, sharing, tiered, compressed oops, compressed class ptrs, g1 gc, windows-amd64)
# Problematic frame:
# C  [awt.dll+0xd2a08]
#
# No core dump will be written. Minidumps are not enabled by default on client versions of Windows
#
# If you would like to submit a bug report, please visit:
#   https://bugreport.java.com/bugreport/crash.jsp
# The crash happened outside the Java Virtual Machine in native code.
# See problematic frame for where to report the bug.
#

---------------  S U M M A R Y ------------

Command Line: -Dfile.encoding=Cp1252 -XX:+ShowCodeDetailsInExceptionMessages Drawing

Host: Intel(R) Core(TM) i3 CPU       M 370  @ 2.40GHz, 4 cores, 5G,  Windows 10 , 64 bit Build 19041 (10.0.19041.1466)
Time: Tue Jan 25 13:53:54 2022 GMT Standard Time elapsed time: 765.918693 seconds (0d 0h 12m 45s)

---------------  T H R E A D  ---------------

Current thread (0x000002977b703550):  JavaThread "AWT-EventQueue-0" [_thread_in_native, id=1116, stack(0x000000c401a00000,0x000000c401b00000)]

Stack: [0x000000c401a00000,0x000000c401b00000],  sp=0x000000c401afeed0,  free space=1019k
Native frames: (J=compiled Java code, j=interpreted, Vv=VM code, C=native code)
C  [awt.dll+0xd2a08]

Java frames: (J=compiled Java code, j=interpreted, Vv=VM code)
j  sun.awt.Win32GraphicsDevice.initNativeScale(I)V+0 java.desktop@16.0.2
j  sun.awt.Win32GraphicsDevice.initScaleFactors()V+60 java.desktop@16.0.2
j  sun.awt.Win32GraphicsDevice.displayChanged()V+16 java.desktop@16.0.2
j  sun.awt.Win32GraphicsEnvironment.displayChanged()V+271 java.desktop@16.0.2
j  sun.awt.windows.WToolkit.lambda$displayChanged$4()V+15 java.desktop@16.0.2
j  sun.awt.windows.WToolkit$$Lambda$123+0x0000000800c9c218.run()V+0 java.desktop@16.0.2
j  java.awt.event.InvocationEvent.dispatch()V+47 java.desktop@16.0.2
j  java.awt.EventQueue.dispatchEventImpl(Ljava/awt/AWTEvent;Ljava/lang/Object;)V+21 java.desktop@16.0.2
j  java.awt.EventQueue$4.run()Ljava/lang/Void;+32 java.desktop@16.0.2
J 668 c1 java.awt.EventQueue.dispatchEvent(Ljava/awt/AWTEvent;)V java.desktop@16.0.2 (80 bytes) @ 0x0000029700693d14 [0x0000029700693760+0x00000000000005b4]
J 675 c1 java.awt.EventDispatchThread.pumpOneEventForFilters(I)V java.desktop@16.0.2 (113 bytes) @ 0x000002970069963c [0x0000029700698fa0+0x000000000000069c]
j  java.awt.EventDispatchThread.pumpEventsForFilter(ILjava/awt/Conditional;Ljava/awt/EventFilter;)V+35 java.desktop@16.0.2
j  java.awt.EventDispatchThread.pumpEventsForHierarchy(ILjava/awt/Conditional;Ljava/awt/Component;)V+11 java.desktop@16.0.2
j  java.awt.EventDispatchThread.pumpEvents(ILjava/awt/Conditional;)V+4 java.desktop@16.0.2
j  java.awt.EventDispatchThread.pumpEvents(Ljava/awt/Conditional;)V+3 java.desktop@16.0.2
j  java.awt.EventDispatchThread.run()V+9 java.desktop@16.0.2
v  ~StubRoutines::call_stub

siginfo: EXCEPTION_ACCESS_VIOLATION (0xc0000005), reading address 0x000000010000004e


Register to memory mapping:

RIP=0x00007ffc1c152a08 awt.dll
RAX=0x000000c401afeef8 is pointing into the stack for thread: 0x000002977b703550
RBX=0x000002977b5c4880 points into unknown readable memory: 0x000002977b6e3bd0 | d0 3b 6e 7b 97 02 00 00
RCX=0x00000000fffffffe is an unallocated location in the heap
RDX=0x0 is NULL
RSP=0x000000c401afeed0 is pointing into the stack for thread: 0x000002977b703550
RBP=0x000000c401afefb0 is pointing into the stack for thread: 0x000002977b703550
RSI=0x0 is NULL
RDI=0x0 is NULL
R8 =0x0000000000000001 is an unknown value
R9 =0x00000000000000dd is an unknown value
R10=0x000002970000dba1 is at code_begin+961 in an Interpreter codelet
method entry point (kind = native)  [0x000002970000d7e0, 0x000002970000e180]  2464 bytes
R11=0x0000000000000100 is an unknown value
R12=0x0 is NULL
R13={method} {0x000002977ae04670} 'initNativeScale' '(I)V' in 'sun/awt/Win32GraphicsDevice'
R14=0x000000c401afefd8 is pointing into the stack for thread: 0x000002977b703550
R15=0x000002977b703550 is a thread


Registers:
RAX=0x000000c401afeef8, RBX=0x000002977b5c4880, RCX=0x00000000fffffffe, RDX=0x0000000000000000
RSP=0x000000c401afeed0, RBP=0x000000c401afefb0, RSI=0x0000000000000000, RDI=0x0000000000000000
R8 =0x0000000000000001, R9 =0x00000000000000dd, R10=0x000002970000dba1, R11=0x0000000000000100
R12=0x0000000000000000, R13=0x000002977ae04668, R14=0x000000c401afefd8, R15=0x000002977b703550
RIP=0x00007ffc1c152a08, EFLAGS=0x0000000000010202

Top of Stack: (sp=0x000000c401afeed0)
0x000000c401afeed0:   000002977a9488a0 00000000000003d8
0x000000c401afeee0:   000002977b5c4880 0000000000000000
0x000000c401afeef0:   000002977b5c4880 00007ffc1c153e5a
0x000000c401afef00:   00007ffc1c1ac838 000002977ae04668
0x000000c401afef10:   000000c401aff098 000002970000966b
0x000000c401afef20:   000002970000966b 000002970000dbcd
0x000000c401afef30:   000002977ae04668 000000c401afefb0
0x000000c401afef40:   000000c401aff098 00007ffc1cdcfbc4
0x000000c401afef50:   000002977b1dbee0 000000c401afefb0
0x000000c401afef60:   0000000000000000 000000c401afef68
0x000000c401afef70:   0000000000000000 000000c401afefd8
0x000000c401afef80:   000002977ae07040 0000000000000000
0x000000c401afef90:   00000000a8f17288 000002977ae04668
0x000000c401afefa0:   0000000000000000 000000c401afefd0
0x000000c401afefb0:   000000c401aff028 0000029700009512
0x000000c401afefc0:   0000000000000000 000002970000b2b8 

Instructions: (pc=0x00007ffc1c152a08)
0x00007ffc1c152908:   38 41 b8 01 00 00 00 8b d7 48 8b c8 e8 27 59 f5
0x00007ffc1c152918:   ff 48 8b 48 08 33 ff 48 85 c9 74 07 48 8b b9 08
0x00007ffc1c152928:   0c 00 00 48 8b cb e8 8d 5a f5 ff 90 48 8b c7 48
0x00007ffc1c152938:   8b 5c 24 30 48 83 c4 20 5f c3 cc cc f3 0f 10 41
0x00007ffc1c152948:   48 c3 cc cc f3 0f 10 41 4c c3 cc cc 48 89 5c 24
0x00007ffc1c152958:   08 48 89 74 24 18 57 48 83 ec 20 48 8b f1 ba 02
0x00007ffc1c152968:   00 01 00 48 8b 0d 86 64 06 00 e8 48 ec 00 00 48
0x00007ffc1c152978:   8b d8 e8 41 59 f5 ff 48 85 c0 75 08 48 8b cb e8
0x00007ffc1c152988:   14 5b f5 ff e8 2f 59 f5 ff 48 8b d8 48 89 44 24
0x00007ffc1c152998:   38 33 ff 39 78 0c 7e 27 41 b8 01 00 00 00 8b d7
0x00007ffc1c1529a8:   48 8b cb e8 90 58 f5 ff 48 8b 50 28 48 8b ce e8
0x00007ffc1c1529b8:   08 f7 ff ff 85 c0 75 0d ff c7 3b 7b 0c 7c d9 8b
0x00007ffc1c1529c8:   3d 83 69 06 00 48 8b cb e8 eb 59 f5 ff 90 8b c7
0x00007ffc1c1529d8:   48 8b 5c 24 30 48 8b 74 24 40 48 83 c4 20 5f c3
0x00007ffc1c1529e8:   48 8b 41 08 48 8b 80 18 0c 00 00 c3 48 8b 41 08
0x00007ffc1c1529f8:   48 05 00 04 00 00 c3 cc 48 8b c4 53 48 83 ec 20
0x00007ffc1c152a08:   83 79 50 00 48 8b d9 75 52 48 8b 49 28 4c 8d 40
0x00007ffc1c152a18:   10 48 8d 50 08 c7 40 08 00 00 80 bf c7 40 10 00
0x00007ffc1c152a28:   00 80 bf e8 94 cc 00 00 f3 0f 10 54 24 30 0f 57
0x00007ffc1c152a38:   c0 0f 2f d0 76 25 f3 0f 10 4c 24 38 0f 2f c8 76
0x00007ffc1c152a48:   1a f3 0f 5e 15 73 82 02 00 f3 0f 5e 0d 6b 82 02
0x00007ffc1c152a58:   00 f3 0f 11 53 48 f3 0f 11 4b 4c 48 83 c4 20 5b
0x00007ffc1c152a68:   c3 cc cc cc 48 89 5c 24 10 48 89 74 24 18 57 41
0x00007ffc1c152a78:   54 41 56 48 83 ec 40 48 8b d9 48 8b 41 18 33 ff
0x00007ffc1c152a88:   48 85 c0 75 18 b9 28 04 00 00 e8 c5 87 00 00 48
0x00007ffc1c152a98:   89 43 18 c7 00 28 00 00 00 48 8b 43 18 66 89 78
0x00007ffc1c152aa8:   0e 48 8b 4b 28 e8 2a 03 00 00 48 8b f0 41 bc 01
0x00007ffc1c152ab8:   00 00 00 45 8b c4 41 8b d4 48 8b c8 ff 15 06 2a
0x00007ffc1c152ac8:   06 00 4c 8b f0 89 7c 24 30 48 8b 4b 18 48 89 4c
0x00007ffc1c152ad8:   24 28 48 89 7c 24 20 45 8b cc 45 33 c0 48 8b d0
0x00007ffc1c152ae8:   48 8b ce ff 15 c7 2a 06 00 48 8b 0b 48 8b 53 30
0x00007ffc1c152af8:   45 8d 44 24 07 44 39 41 04 0f 8e ca 01 00 00 44 


Stack slot to memory mapping:
stack at sp + 0 slots: 0x000002977a9488a0 points into unknown readable memory: 0x000002977b7586b4 | b4 86 75 7b 97 02 00 00
stack at sp + 1 slots: 0x00000000000003d8 is an unknown value
stack at sp + 2 slots: 0x000002977b5c4880 points into unknown readable memory: 0x000002977b6e3bd0 | d0 3b 6e 7b 97 02 00 00
stack at sp + 3 slots: 0x0 is NULL
stack at sp + 4 slots: 0x000002977b5c4880 points into unknown readable memory: 0x000002977b6e3bd0 | d0 3b 6e 7b 97 02 00 00
stack at sp + 5 slots: 0x00007ffc1c153e5a awt.dll
stack at sp + 6 slots: 0x00007ffc1c1ac838 awt.dll
stack at sp + 7 slots: {method} {0x000002977ae04670} 'initNativeScale' '(I)V' in 'sun/awt/Win32GraphicsDevice'


---------------  P R O C E S S  ---------------

Threads class SMR info:
_java_thread_list=0x000002977b731600, length=16, elements={
0x000002976b703660, 0x000002976b706e60, 0x000002977a8992f0, 0x000002977a89bc10,
0x000002977a89c520, 0x000002977a89ce30, 0x000002977a89db20, 0x000002977a909f70,
0x000002977a90ec90, 0x000002977b46f0a0, 0x000002977b478a80, 0x000002977b682a10,
0x000002977b6859f0, 0x000002977b6889d0, 0x000002977b703550, 0x000002976b629410
}

Java Threads: ( => current thread )
  0x000002976b703660 JavaThread "Reference Handler" daemon [_thread_blocked, id=11116, stack(0x000000c400b00000,0x000000c400c00000)]
  0x000002976b706e60 JavaThread "Finalizer" daemon [_thread_blocked, id=13200, stack(0x000000c400c00000,0x000000c400d00000)]
  0x000002977a8992f0 JavaThread "Signal Dispatcher" daemon [_thread_blocked, id=15336, stack(0x000000c400d00000,0x000000c400e00000)]
  0x000002977a89bc10 JavaThread "Attach Listener" daemon [_thread_blocked, id=9816, stack(0x000000c400e00000,0x000000c400f00000)]
  0x000002977a89c520 JavaThread "Service Thread" daemon [_thread_blocked, id=9832, stack(0x000000c400f00000,0x000000c401000000)]
  0x000002977a89ce30 JavaThread "Monitor Deflation Thread" daemon [_thread_blocked, id=14760, stack(0x000000c401000000,0x000000c401100000)]
  0x000002977a89db20 JavaThread "C2 CompilerThread0" daemon [_thread_blocked, id=7600, stack(0x000000c401100000,0x000000c401200000)]
  0x000002977a909f70 JavaThread "C1 CompilerThread0" daemon [_thread_blocked, id=17192, stack(0x000000c401200000,0x000000c401300000)]
  0x000002977a90ec90 JavaThread "Sweeper thread" daemon [_thread_blocked, id=9488, stack(0x000000c401300000,0x000000c401400000)]
  0x000002977b46f0a0 JavaThread "Notification Thread" daemon [_thread_blocked, id=6684, stack(0x000000c401400000,0x000000c401500000)]
  0x000002977b478a80 JavaThread "Common-Cleaner" daemon [_thread_blocked, id=5620, stack(0x000000c401600000,0x000000c401700000)]
  0x000002977b682a10 JavaThread "Java2D Disposer" daemon [_thread_blocked, id=9028, stack(0x000000c401700000,0x000000c401800000)]
  0x000002977b6859f0 JavaThread "AWT-Shutdown" [_thread_blocked, id=2648, stack(0x000000c401800000,0x000000c401900000)]
  0x000002977b6889d0 JavaThread "AWT-Windows" daemon [_thread_in_native, id=9124, stack(0x000000c401900000,0x000000c401a00000)]
=>0x000002977b703550 JavaThread "AWT-EventQueue-0" [_thread_in_native, id=1116, stack(0x000000c401a00000,0x000000c401b00000)]
  0x000002976b629410 JavaThread "DestroyJavaVM" [_thread_blocked, id=5544, stack(0x000000c400300000,0x000000c400400000)]

Other Threads:
  0x000002976b6ff360 VMThread "VM Thread" [stack: 0x000000c400a00000,0x000000c400b00000] [id=13376]
  0x000002977b4785f0 WatcherThread [stack: 0x000000c401500000,0x000000c401600000] [id=10648]
  0x000002976b660e60 GCTaskThread "GC Thread#0" [stack: 0x000000c400500000,0x000000c400600000] [id=10808]
  0x000002976b66e740 ConcurrentGCThread "G1 Main Marker" [stack: 0x000000c400600000,0x000000c400700000] [id=12296]
  0x000002976b66f9a0 ConcurrentGCThread "G1 Conc#0" [stack: 0x000000c400700000,0x000000c400800000] [id=12752]
  0x000002976b6cf6f0 ConcurrentGCThread "G1 Refine#0" [stack: 0x000000c400800000,0x000000c400900000] [id=13684]
  0x000002976b6d0820 ConcurrentGCThread "G1 Service" [stack: 0x000000c400900000,0x000000c400a00000] [id=8324]

Threads with active compile tasks:

VM state: not at safepoint (normal execution)

VM Mutex/Monitor currently owned by a thread: None

Heap address: 0x00000000a3400000, size: 1484 MB, Compressed Oops mode: 32-bit

CDS archive(s) mapped at: [0x0000000800000000-0x0000000800bb0000-0x0000000800bb0000), size 12255232, SharedBaseAddress: 0x0000000800000000, ArchiveRelocationMode: 0.
Compressed class space mapped at: 0x0000000800c00000-0x0000000840c00000, reserved size: 1073741824
Narrow klass base: 0x0000000800000000, Narrow klass shift: 3, Narrow klass range: 0x100000000

GC Precious Log:
 CPUs: 4 total, 4 available
 Memory: 5933M
 Large Page Support: Disabled
 NUMA Support: Disabled
 Compressed Oops: Enabled (32-bit)
 Heap Region Size: 1M
 Heap Min Capacity: 8M
 Heap Initial Capacity: 94M
 Heap Max Capacity: 1484M
 Pre-touch: Disabled
 Parallel Workers: 4
 Concurrent Workers: 1
 Concurrent Refinement Workers: 4
 Periodic GC: Disabled

Heap:
 garbage-first heap   total 96256K, used 4096K [0x00000000a3400000, 0x0000000100000000)
  region size 1024K, 5 young (5120K), 0 survivors (0K)
 Metaspace       used 5658K, committed 5824K, reserved 1056768K
  class space    used 602K, committed 704K, reserved 1048576K

Heap Regions: E=young(eden), S=young(survivor), O=old, HS=humongous(starts), HC=humongous(continues), CS=collection set, F=free, OA=open archive, CA=closed archive, TAMS=top-at-mark-start (previous, next)
|   0|0x00000000a3400000, 0x00000000a3400000, 0x00000000a3500000|  0%| F|  |TAMS 0x00000000a3400000, 0x00000000a3400000| Untracked 
|   1|0x00000000a3500000, 0x00000000a3500000, 0x00000000a3600000|  0%| F|  |TAMS 0x00000000a3500000, 0x00000000a3500000| Untracked 
|   2|0x00000000a3600000, 0x00000000a3600000, 0x00000000a3700000|  0%| F|  |TAMS 0x00000000a3600000, 0x00000000a3600000| Untracked 
|   3|0x00000000a3700000, 0x00000000a3700000, 0x00000000a3800000|  0%| F|  |TAMS 0x00000000a3700000, 0x00000000a3700000| Untracked 
|   4|0x00000000a3800000, 0x00000000a3800000, 0x00000000a3900000|  0%| F|  |TAMS 0x00000000a3800000, 0x00000000a3800000| Untracked 
|   5|0x00000000a3900000, 0x00000000a3900000, 0x00000000a3a00000|  0%| F|  |TAMS 0x00000000a3900000, 0x00000000a3900000| Untracked 
|   6|0x00000000a3a00000, 0x00000000a3a00000, 0x00000000a3b00000|  0%| F|  |TAMS 0x00000000a3a00000, 0x00000000a3a00000| Untracked 
|   7|0x00000000a3b00000, 0x00000000a3b00000, 0x00000000a3c00000|  0%| F|  |TAMS 0x00000000a3b00000, 0x00000000a3b00000| Untracked 
|   8|0x00000000a3c00000, 0x00000000a3c00000, 0x00000000a3d00000|  0%| F|  |TAMS 0x00000000a3c00000, 0x00000000a3c00000| Untracked 
|   9|0x00000000a3d00000, 0x00000000a3d00000, 0x00000000a3e00000|  0%| F|  |TAMS 0x00000000a3d00000, 0x00000000a3d00000| Untracked 
|  10|0x00000000a3e00000, 0x00000000a3e00000, 0x00000000a3f00000|  0%| F|  |TAMS 0x00000000a3e00000, 0x00000000a3e00000| Untracked 
|  11|0x00000000a3f00000, 0x00000000a3f00000, 0x00000000a4000000|  0%| F|  |TAMS 0x00000000a3f00000, 0x00000000a3f00000| Untracked 
|  12|0x00000000a4000000, 0x00000000a4000000, 0x00000000a4100000|  0%| F|  |TAMS 0x00000000a4000000, 0x00000000a4000000| Untracked 
|  13|0x00000000a4100000, 0x00000000a4100000, 0x00000000a4200000|  0%| F|  |TAMS 0x00000000a4100000, 0x00000000a4100000| Untracked 
|  14|0x00000000a4200000, 0x00000000a4200000, 0x00000000a4300000|  0%| F|  |TAMS 0x00000000a4200000, 0x00000000a4200000| Untracked 
|  15|0x00000000a4300000, 0x00000000a4300000, 0x00000000a4400000|  0%| F|  |TAMS 0x00000000a4300000, 0x00000000a4300000| Untracked 
|  16|0x00000000a4400000, 0x00000000a4400000, 0x00000000a4500000|  0%| F|  |TAMS 0x00000000a4400000, 0x00000000a4400000| Untracked 
|  17|0x00000000a4500000, 0x00000000a4500000, 0x00000000a4600000|  0%| F|  |TAMS 0x00000000a4500000, 0x00000000a4500000| Untracked 
|  18|0x00000000a4600000, 0x00000000a4600000, 0x00000000a4700000|  0%| F|  |TAMS 0x00000000a4600000, 0x00000000a4600000| Untracked 
|  19|0x00000000a4700000, 0x00000000a4700000, 0x00000000a4800000|  0%| F|  |TAMS 0x00000000a4700000, 0x00000000a4700000| Untracked 
|  20|0x00000000a4800000, 0x00000000a4800000, 0x00000000a4900000|  0%| F|  |TAMS 0x00000000a4800000, 0x00000000a4800000| Untracked 
|  21|0x00000000a4900000, 0x00000000a4900000, 0x00000000a4a00000|  0%| F|  |TAMS 0x00000000a4900000, 0x00000000a4900000| Untracked 
|  22|0x00000000a4a00000, 0x00000000a4a00000, 0x00000000a4b00000|  0%| F|  |TAMS 0x00000000a4a00000, 0x00000000a4a00000| Untracked 
|  23|0x00000000a4b00000, 0x00000000a4b00000, 0x00000000a4c00000|  0%| F|  |TAMS 0x00000000a4b00000, 0x00000000a4b00000| Untracked 
|  24|0x00000000a4c00000, 0x00000000a4c00000, 0x00000000a4d00000|  0%| F|  |TAMS 0x00000000a4c00000, 0x00000000a4c00000| Untracked 
|  25|0x00000000a4d00000, 0x00000000a4d00000, 0x00000000a4e00000|  0%| F|  |TAMS 0x00000000a4d00000, 0x00000000a4d00000| Untracked 
|  26|0x00000000a4e00000, 0x00000000a4e00000, 0x00000000a4f00000|  0%| F|  |TAMS 0x00000000a4e00000, 0x00000000a4e00000| Untracked 
|  27|0x00000000a4f00000, 0x00000000a4f00000, 0x00000000a5000000|  0%| F|  |TAMS 0x00000000a4f00000, 0x00000000a4f00000| Untracked 
|  28|0x00000000a5000000, 0x00000000a5000000, 0x00000000a5100000|  0%| F|  |TAMS 0x00000000a5000000, 0x00000000a5000000| Untracked 
|  29|0x00000000a5100000, 0x00000000a5100000, 0x00000000a5200000|  0%| F|  |TAMS 0x00000000a5100000, 0x00000000a5100000| Untracked 
|  30|0x00000000a5200000, 0x00000000a5200000, 0x00000000a5300000|  0%| F|  |TAMS 0x00000000a5200000, 0x00000000a5200000| Untracked 
|  31|0x00000000a5300000, 0x00000000a5300000, 0x00000000a5400000|  0%| F|  |TAMS 0x00000000a5300000, 0x00000000a5300000| Untracked 
|  32|0x00000000a5400000, 0x00000000a5400000, 0x00000000a5500000|  0%| F|  |TAMS 0x00000000a5400000, 0x00000000a5400000| Untracked 
|  33|0x00000000a5500000, 0x00000000a5500000, 0x00000000a5600000|  0%| F|  |TAMS 0x00000000a5500000, 0x00000000a5500000| Untracked 
|  34|0x00000000a5600000, 0x00000000a5600000, 0x00000000a5700000|  0%| F|  |TAMS 0x00000000a5600000, 0x00000000a5600000| Untracked 
|  35|0x00000000a5700000, 0x00000000a5700000, 0x00000000a5800000|  0%| F|  |TAMS 0x00000000a5700000, 0x00000000a5700000| Untracked 
|  36|0x00000000a5800000, 0x00000000a5800000, 0x00000000a5900000|  0%| F|  |TAMS 0x00000000a5800000, 0x00000000a5800000| Untracked 
|  37|0x00000000a5900000, 0x00000000a5900000, 0x00000000a5a00000|  0%| F|  |TAMS 0x00000000a5900000, 0x00000000a5900000| Untracked 
|  38|0x00000000a5a00000, 0x00000000a5a00000, 0x00000000a5b00000|  0%| F|  |TAMS 0x00000000a5a00000, 0x00000000a5a00000| Untracked 
|  39|0x00000000a5b00000, 0x00000000a5b00000, 0x00000000a5c00000|  0%| F|  |TAMS 0x00000000a5b00000, 0x00000000a5b00000| Untracked 
|  40|0x00000000a5c00000, 0x00000000a5c00000, 0x00000000a5d00000|  0%| F|  |TAMS 0x00000000a5c00000, 0x00000000a5c00000| Untracked 
|  41|0x00000000a5d00000, 0x00000000a5d00000, 0x00000000a5e00000|  0%| F|  |TAMS 0x00000000a5d00000, 0x00000000a5d00000| Untracked 
|  42|0x00000000a5e00000, 0x00000000a5e00000, 0x00000000a5f00000|  0%| F|  |TAMS 0x00000000a5e00000, 0x00000000a5e00000| Untracked 
|  43|0x00000000a5f00000, 0x00000000a5f00000, 0x00000000a6000000|  0%| F|  |TAMS 0x00000000a5f00000, 0x00000000a5f00000| Untracked 
|  44|0x00000000a6000000, 0x00000000a6000000, 0x00000000a6100000|  0%| F|  |TAMS 0x00000000a6000000, 0x00000000a6000000| Untracked 
|  45|0x00000000a6100000, 0x00000000a6100000, 0x00000000a6200000|  0%| F|  |TAMS 0x00000000a6100000, 0x00000000a6100000| Untracked 
|  46|0x00000000a6200000, 0x00000000a6200000, 0x00000000a6300000|  0%| F|  |TAMS 0x00000000a6200000, 0x00000000a6200000| Untracked 
|  47|0x00000000a6300000, 0x00000000a6300000, 0x00000000a6400000|  0%| F|  |TAMS 0x00000000a6300000, 0x00000000a6300000| Untracked 
|  48|0x00000000a6400000, 0x00000000a6400000, 0x00000000a6500000|  0%| F|  |TAMS 0x00000000a6400000, 0x00000000a6400000| Untracked 
|  49|0x00000000a6500000, 0x00000000a6500000, 0x00000000a6600000|  0%| F|  |TAMS 0x00000000a6500000, 0x00000000a6500000| Untracked 
|  50|0x00000000a6600000, 0x00000000a6600000, 0x00000000a6700000|  0%| F|  |TAMS 0x00000000a6600000, 0x00000000a6600000| Untracked 
|  51|0x00000000a6700000, 0x00000000a6700000, 0x00000000a6800000|  0%| F|  |TAMS 0x00000000a6700000, 0x00000000a6700000| Untracked 
|  52|0x00000000a6800000, 0x00000000a6800000, 0x00000000a6900000|  0%| F|  |TAMS 0x00000000a6800000, 0x00000000a6800000| Untracked 
|  53|0x00000000a6900000, 0x00000000a6900000, 0x00000000a6a00000|  0%| F|  |TAMS 0x00000000a6900000, 0x00000000a6900000| Untracked 
|  54|0x00000000a6a00000, 0x00000000a6a00000, 0x00000000a6b00000|  0%| F|  |TAMS 0x00000000a6a00000, 0x00000000a6a00000| Untracked 
|  55|0x00000000a6b00000, 0x00000000a6b00000, 0x00000000a6c00000|  0%| F|  |TAMS 0x00000000a6b00000, 0x00000000a6b00000| Untracked 
|  56|0x00000000a6c00000, 0x00000000a6c00000, 0x00000000a6d00000|  0%| F|  |TAMS 0x00000000a6c00000, 0x00000000a6c00000| Untracked 
|  57|0x00000000a6d00000, 0x00000000a6d00000, 0x00000000a6e00000|  0%| F|  |TAMS 0x00000000a6d00000, 0x00000000a6d00000| Untracked 
|  58|0x00000000a6e00000, 0x00000000a6e00000, 0x00000000a6f00000|  0%| F|  |TAMS 0x00000000a6e00000, 0x00000000a6e00000| Untracked 
|  59|0x00000000a6f00000, 0x00000000a6f00000, 0x00000000a7000000|  0%| F|  |TAMS 0x00000000a6f00000, 0x00000000a6f00000| Untracked 
|  60|0x00000000a7000000, 0x00000000a7000000, 0x00000000a7100000|  0%| F|  |TAMS 0x00000000a7000000, 0x00000000a7000000| Untracked 
|  61|0x00000000a7100000, 0x00000000a7100000, 0x00000000a7200000|  0%| F|  |TAMS 0x00000000a7100000, 0x00000000a7100000| Untracked 
|  62|0x00000000a7200000, 0x00000000a7200000, 0x00000000a7300000|  0%| F|  |TAMS 0x00000000a7200000, 0x00000000a7200000| Untracked 
|  63|0x00000000a7300000, 0x00000000a7300000, 0x00000000a7400000|  0%| F|  |TAMS 0x00000000a7300000, 0x00000000a7300000| Untracked 
|  64|0x00000000a7400000, 0x00000000a7400000, 0x00000000a7500000|  0%| F|  |TAMS 0x00000000a7400000, 0x00000000a7400000| Untracked 
|  65|0x00000000a7500000, 0x00000000a7500000, 0x00000000a7600000|  0%| F|  |TAMS 0x00000000a7500000, 0x00000000a7500000| Untracked 
|  66|0x00000000a7600000, 0x00000000a7600000, 0x00000000a7700000|  0%| F|  |TAMS 0x00000000a7600000, 0x00000000a7600000| Untracked 
|  67|0x00000000a7700000, 0x00000000a7700000, 0x00000000a7800000|  0%| F|  |TAMS 0x00000000a7700000, 0x00000000a7700000| Untracked 
|  68|0x00000000a7800000, 0x00000000a7800000, 0x00000000a7900000|  0%| F|  |TAMS 0x00000000a7800000, 0x00000000a7800000| Untracked 
|  69|0x00000000a7900000, 0x00000000a7900000, 0x00000000a7a00000|  0%| F|  |TAMS 0x00000000a7900000, 0x00000000a7900000| Untracked 
|  70|0x00000000a7a00000, 0x00000000a7a00000, 0x00000000a7b00000|  0%| F|  |TAMS 0x00000000a7a00000, 0x00000000a7a00000| Untracked 
|  71|0x00000000a7b00000, 0x00000000a7b00000, 0x00000000a7c00000|  0%| F|  |TAMS 0x00000000a7b00000, 0x00000000a7b00000| Untracked 
|  72|0x00000000a7c00000, 0x00000000a7c00000, 0x00000000a7d00000|  0%| F|  |TAMS 0x00000000a7c00000, 0x00000000a7c00000| Untracked 
|  73|0x00000000a7d00000, 0x00000000a7d00000, 0x00000000a7e00000|  0%| F|  |TAMS 0x00000000a7d00000, 0x00000000a7d00000| Untracked 
|  74|0x00000000a7e00000, 0x00000000a7e00000, 0x00000000a7f00000|  0%| F|  |TAMS 0x00000000a7e00000, 0x00000000a7e00000| Untracked 
|  75|0x00000000a7f00000, 0x00000000a7f00000, 0x00000000a8000000|  0%| F|  |TAMS 0x00000000a7f00000, 0x00000000a7f00000| Untracked 
|  76|0x00000000a8000000, 0x00000000a8000000, 0x00000000a8100000|  0%| F|  |TAMS 0x00000000a8000000, 0x00000000a8000000| Untracked 
|  77|0x00000000a8100000, 0x00000000a8100000, 0x00000000a8200000|  0%| F|  |TAMS 0x00000000a8100000, 0x00000000a8100000| Untracked 
|  78|0x00000000a8200000, 0x00000000a8200000, 0x00000000a8300000|  0%| F|  |TAMS 0x00000000a8200000, 0x00000000a8200000| Untracked 
|  79|0x00000000a8300000, 0x00000000a8300000, 0x00000000a8400000|  0%| F|  |TAMS 0x00000000a8300000, 0x00000000a8300000| Untracked 
|  80|0x00000000a8400000, 0x00000000a8400000, 0x00000000a8500000|  0%| F|  |TAMS 0x00000000a8400000, 0x00000000a8400000| Untracked 
|  81|0x00000000a8500000, 0x00000000a8500000, 0x00000000a8600000|  0%| F|  |TAMS 0x00000000a8500000, 0x00000000a8500000| Untracked 
|  82|0x00000000a8600000, 0x00000000a8600000, 0x00000000a8700000|  0%| F|  |TAMS 0x00000000a8600000, 0x00000000a8600000| Untracked 
|  83|0x00000000a8700000, 0x00000000a8700000, 0x00000000a8800000|  0%| F|  |TAMS 0x00000000a8700000, 0x00000000a8700000| Untracked 
|  84|0x00000000a8800000, 0x00000000a8800000, 0x00000000a8900000|  0%| F|  |TAMS 0x00000000a8800000, 0x00000000a8800000| Untracked 
|  85|0x00000000a8900000, 0x00000000a8900000, 0x00000000a8a00000|  0%| F|  |TAMS 0x00000000a8900000, 0x00000000a8900000| Untracked 
|  86|0x00000000a8a00000, 0x00000000a8a00000, 0x00000000a8b00000|  0%| F|  |TAMS 0x00000000a8a00000, 0x00000000a8a00000| Untracked 
|  87|0x00000000a8b00000, 0x00000000a8b00000, 0x00000000a8c00000|  0%| F|  |TAMS 0x00000000a8b00000, 0x00000000a8b00000| Untracked 
|  88|0x00000000a8c00000, 0x00000000a8c00000, 0x00000000a8d00000|  0%| F|  |TAMS 0x00000000a8c00000, 0x00000000a8c00000| Untracked 
|  89|0x00000000a8d00000, 0x00000000a8e00000, 0x00000000a8e00000|100%| E|  |TAMS 0x00000000a8d00000, 0x00000000a8d00000| Complete 
|  90|0x00000000a8e00000, 0x00000000a8f00000, 0x00000000a8f00000|100%| E|CS|TAMS 0x00000000a8e00000, 0x00000000a8e00000| Complete 
|  91|0x00000000a8f00000, 0x00000000a9000000, 0x00000000a9000000|100%| E|CS|TAMS 0x00000000a8f00000, 0x00000000a8f00000| Complete 
|  92|0x00000000a9000000, 0x00000000a9100000, 0x00000000a9100000|100%| E|CS|TAMS 0x00000000a9000000, 0x00000000a9000000| Complete 
|  93|0x00000000a9100000, 0x00000000a9200000, 0x00000000a9200000|100%| E|CS|TAMS 0x00000000a9100000, 0x00000000a9100000| Complete 

Card table byte_map: [0x0000029774eb0000,0x00000297751a0000] _byte_map_base: 0x0000029774996000

Marking Bits (Prev, Next): (CMBitMap*) 0x000002976b6623f0, (CMBitMap*) 0x000002976b662430
 Prev Bits: [0x0000029775490000, 0x0000029776bc0000)
 Next Bits: [0x0000029776bc0000, 0x00000297782f0000)

Polling page: 0x000002976b710000

Metaspace:

Usage:
  Non-class:      4.94 MB used.
      Class:    602.34 KB used.
       Both:      5.53 MB used.

Virtual space:
  Non-class space:        8.00 MB reserved,       5.00 MB ( 62%) committed,  1 nodes.
      Class space:        1.00 GB reserved,     704.00 KB ( <1%) committed,  1 nodes.
              Both:        1.01 GB reserved,       5.69 MB ( <1%) committed. 

Chunk freelists:
   Non-Class:  2.89 MB
       Class:  3.24 MB
        Both:  6.13 MB

MaxMetaspaceSize: 17179869184.00 GB
CompressedClassSpaceSize: 1.00 GB
 - commit_granule_bytes: 65536.
 - commit_granule_words: 8192.
 - virtual_space_node_default_size: 1048576.
 - enlarge_chunks_in_place: 1.
 - new_chunks_are_fully_committed: 0.
 - uncommit_free_chunks: 1.
 - use_allocation_guard: 0.
 - handle_deallocations: 1.


Internal statistics:

num_allocs_failed_limit: 0.
num_arena_births: 108.
num_arena_deaths: 0.
num_vsnodes_births: 2.
num_vsnodes_deaths: 0.
num_space_committed: 91.
num_space_uncommitted: 0.
num_chunks_returned_to_freelist: 0.
num_chunks_taken_from_freelist: 128.
num_chunk_merges: 0.
num_chunk_splits: 83.
num_chunks_enlarged: 43.
num_purges: 0.

CodeHeap 'non-profiled nmethods': size=120000Kb used=179Kb max_used=179Kb free=119820Kb
 bounds [0x0000029707ad0000, 0x0000029707d40000, 0x000002970f000000]
CodeHeap 'profiled nmethods': size=120000Kb used=1027Kb max_used=1027Kb free=118972Kb
 bounds [0x00000297005a0000, 0x0000029700810000, 0x0000029707ad0000]
CodeHeap 'non-nmethods': size=5760Kb used=1217Kb max_used=1232Kb free=4542Kb
 bounds [0x0000029700000000, 0x0000029700270000, 0x00000297005a0000]
 total_blobs=1211 nmethods=685 adapters=440
 compilation: enabled
              stopped_count=0, restarted_count=0
 full_count=0

Compilation events (20 events):
Event: 54.254 Thread 0x000002977a909f70 nmethod 674 0x0000029700697b10 code [0x0000029700697d60, 0x0000029700698b18]
Event: 54.254 Thread 0x000002977a909f70  675   !   3       java.awt.EventDispatchThread::pumpOneEventForFilters (113 bytes)
Event: 54.255 Thread 0x000002977a909f70 nmethod 675 0x0000029700698d10 code [0x0000029700698fa0, 0x00000297006999e8]
Event: 54.255 Thread 0x000002977a909f70  676   !   3       java.awt.EventQueue::getNextEvent (84 bytes)
Event: 54.256 Thread 0x000002977a909f70 nmethod 676 0x000002970069a090 code [0x000002970069a2e0, 0x000002970069ab88]
Event: 54.256 Thread 0x000002977a909f70  677       3       java.awt.EventQueue::cacheEQItem (60 bytes)
Event: 54.257 Thread 0x000002977a909f70 nmethod 677 0x000002970069af10 code [0x000002970069b100, 0x000002970069b928]
Event: 54.334 Thread 0x000002977a909f70  678       3       sun.awt.SunToolkit::postEvent (144 bytes)
Event: 54.337 Thread 0x000002977a909f70 nmethod 678 0x000002970069bb10 code [0x000002970069bee0, 0x000002970069dd08]
Event: 54.337 Thread 0x000002977a909f70  679   !   3       sun.awt.AWTAccessor::getSequencedEventAccessor (22 bytes)
Event: 54.337 Thread 0x000002977a909f70 nmethod 679 0x000002970069e710 code [0x000002970069e900, 0x000002970069ed18]
Event: 54.337 Thread 0x000002977a909f70  680   !   3       sun.awt.PostEventQueue::postEvent (81 bytes)
Event: 54.338 Thread 0x000002977a909f70 nmethod 680 0x000002970069ef90 code [0x000002970069f200, 0x000002970069fd58]
Event: 54.990 Thread 0x000002977a909f70  681       3       java.awt.EventQueue::uncacheEQItem (53 bytes)
Event: 54.991 Thread 0x000002977a909f70 nmethod 681 0x00000297006a0190 code [0x00000297006a0380, 0x00000297006a0ac8]
Event: 55.014 Thread 0x000002977a909f70  682       1       java.util.LinkedList::size (5 bytes)
Event: 55.014 Thread 0x000002977a909f70 nmethod 682 0x0000029707afbd10 code [0x0000029707afbea0, 0x0000029707afbf78]
Event: 55.025 Thread 0x000002977a909f70  683       1       java.awt.Component::isEnabledImpl (5 bytes)
Event: 55.025 Thread 0x000002977a909f70 nmethod 683 0x0000029707afc010 code [0x0000029707afc1a0, 0x0000029707afc278]
Event: 765.907 Thread 0x000002977a89db20  684       4       jdk.internal.org.objectweb.asm.SymbolTable::put (150 bytes)

GC Heap History (0 events):
No events

Deoptimization events (0 events):
No events

Classes unloaded (0 events):
No events

Classes redefined (0 events):
No events

Internal exceptions (13 events):
Event: 0.198 Thread 0x000002976b629410 Exception <a 'java/lang/NoSuchMethodError'{0x00000000a9018a98}: 'void java.lang.invoke.DirectMethodHandle$Holder.invokeSpecial(java.lang.Object, java.lang.Object, java.lang.Object)'> (0x00000000a9018a98) 
thrown [t:\workspace\open\src\hotspot\share\interpreter\linkResolver.cpp, line 790]
Event: 0.231 Thread 0x000002976b629410 Exception <a 'java/lang/ClassNotFoundException'{0x00000000a90391f0}: sun/awt/resources/spi/awtProvider> (0x00000000a90391f0) 
thrown [t:\workspace\open\src\hotspot\share\classfile\systemDictionary.cpp, line 256]
Event: 0.333 Thread 0x000002976b629410 Exception <a 'java/io/FileNotFoundException'{0x00000000a9093f30}> (0x00000000a9093f30) 
thrown [t:\workspace\open\src\hotspot\share\prims\jni.cpp, line 579]
Event: 0.357 Thread 0x000002976b629410 Exception <a 'java/io/FileNotFoundException'{0x00000000a90c2840}> (0x00000000a90c2840) 
thrown [t:\workspace\open\src\hotspot\share\prims\jni.cpp, line 579]
Event: 0.359 Thread 0x000002976b629410 Exception <a 'java/lang/NoSuchMethodError'{0x00000000a90c3a38}: 'java.lang.Object java.lang.invoke.DirectMethodHandle$Holder.invokeStatic(java.lang.Object)'> (0x00000000a90c3a38) 
thrown [t:\workspace\open\src\hotspot\share\interpreter\linkResolver.cpp, line 790]
Event: 0.471 Thread 0x000002976b629410 Exception <a 'java/lang/NoSuchMethodError'{0x00000000a8f199c0}: 'java.lang.Object java.lang.invoke.DirectMethodHandle$Holder.invokeStaticInit(java.lang.Object)'> (0x00000000a8f199c0) 
thrown [t:\workspace\open\src\hotspot\share\interpreter\linkResolver.cpp, line 790]
Event: 0.591 Thread 0x000002976b629410 Exception <a 'java/lang/NoSuchMethodError'{0x00000000a8fcddf8}: 'java.lang.Object java.lang.invoke.DirectMethodHandle$Holder.newInvokeSpecial(java.lang.Object, java.lang.Object, java.lang.Object, java.lang.Object, java.lang.Object)'> (0x00000000a8fcddf8) 
thrown [t:\workspace\open\src\hotspot\share\interpreter\linkResolver.cpp, line 790]
Event: 0.596 Thread 0x000002976b629410 Exception <a 'java/lang/NoSuchMethodError'{0x00000000a8fd98e0}: 'java.lang.Object java.lang.invoke.DirectMethodHandle$Holder.invokeStatic(java.lang.Object, int, java.lang.Object, java.lang.Object, java.lang.Object, java.lang.Object)'> (0x00000000a8fd98e0) 
thrown [t:\workspace\open\src\hotspot\share\interpreter\linkResolver.cpp, line 790]
Event: 0.613 Thread 0x000002976b629410 Exception <a 'java/lang/NoSuchMethodError'{0x00000000a8fff9a8}: 'java.lang.Object java.lang.invoke.DirectMethodHandle$Holder.invokeStatic(java.lang.Object, int, java.lang.Object)'> (0x00000000a8fff9a8) 
thrown [t:\workspace\open\src\hotspot\share\interpreter\linkResolver.cpp, line 790]
Event: 0.684 Thread 0x000002976b629410 Exception <a 'java/lang/ClassNotFoundException'{0x00000000a8eb8780}: com/sun/swing/internal/plaf/metal/resources/spi/metalProvider> (0x00000000a8eb8780) 
thrown [t:\workspace\open\src\hotspot\share\classfile\systemDictionary.cpp, line 256]
Event: 0.687 Thread 0x000002976b629410 Exception <a 'java/lang/ClassNotFoundException'{0x00000000a8ebc818}: com/sun/swing/internal/plaf/basic/resources/spi/basicProvider> (0x00000000a8ebc818) 
thrown [t:\workspace\open\src\hotspot\share\classfile\systemDictionary.cpp, line 256]
Event: 0.765 Thread 0x000002976b629410 Exception <a 'java/lang/NoSuchMethodError'{0x00000000a8ef70f8}: 'void java.lang.invoke.DirectMethodHandle$Holder.invokeStaticInit(java.lang.Object)'> (0x00000000a8ef70f8) 
thrown [t:\workspace\open\src\hotspot\share\interpreter\linkResolver.cpp, line 790]
Event: 0.860 Thread 0x000002977b6889d0 Exception <a 'java/lang/NoSuchMethodError'{0x00000000a8f537f8}: 'void java.lang.invoke.DirectMethodHandle$Holder.invokeVirtual(java.lang.Object, java.lang.Object)'> (0x00000000a8f537f8) 
thrown [t:\workspace\open\src\hotspot\share\interpreter\linkResolver.cpp, line 790]

Events (20 events):
Event: 2.374 loading class javax/swing/KeyboardManager
Event: 2.374 loading class javax/swing/KeyboardManager done
Event: 2.374 loading class javax/swing/Popup$HeavyWeightWindow
Event: 2.374 loading class sun/awt/ModalExclude
Event: 2.374 loading class sun/awt/ModalExclude done
Event: 2.374 loading class javax/swing/JWindow
Event: 2.374 loading class javax/swing/JWindow done
Event: 2.374 loading class javax/swing/Popup$HeavyWeightWindow done
Event: 2.882 Executing  VM operation: Cleanup
Event: 2.882 Executing  VM operation: Cleanup done
Event: 8.914 Executing  VM operation: Cleanup
Event: 8.914 Executing  VM operation: Cleanup done
Event: 9.925 Executing  VM operation: Cleanup
Event: 9.925 Executing  VM operation: Cleanup done
Event: 12.943 Executing  VM operation: Cleanup
Event: 12.943 Executing  VM operation: Cleanup done
Event: 13.953 Executing  VM operation: Cleanup
Event: 13.953 Executing  VM operation: Cleanup done
Event: 55.281 Executing  VM operation: Cleanup
Event: 55.281 Executing  VM operation: Cleanup done


Dynamic libraries:
0x00007ff68b7f0000 - 0x00007ff68b800000 	C:\Program Files\Java\jdk-16.0.2\bin\javaw.exe
0x00007ffc4be50000 - 0x00007ffc4c045000 	C:\WINDOWS\SYSTEM32\ntdll.dll
0x00007ffc4aa40000 - 0x00007ffc4aafe000 	C:\WINDOWS\System32\KERNEL32.DLL
0x00007ffc49ae0000 - 0x00007ffc49da8000 	C:\WINDOWS\System32\KERNELBASE.dll
0x00007ffc49670000 - 0x00007ffc49770000 	C:\WINDOWS\System32\ucrtbase.dll
0x00007ffc44090000 - 0x00007ffc440a8000 	C:\Program Files\Java\jdk-16.0.2\bin\jli.dll
0x00007ffc4b330000 - 0x00007ffc4b3de000 	C:\WINDOWS\System32\ADVAPI32.dll
0x00007ffc4a000000 - 0x00007ffc4a09e000 	C:\WINDOWS\System32\msvcrt.dll
0x00007ffc49f40000 - 0x00007ffc49fdc000 	C:\WINDOWS\System32\sechost.dll
0x00007ffc4b140000 - 0x00007ffc4b265000 	C:\WINDOWS\System32\RPCRT4.dll
0x00007ffc4a140000 - 0x00007ffc4a2e1000 	C:\WINDOWS\System32\USER32.dll
0x00007ffc49e60000 - 0x00007ffc49e82000 	C:\WINDOWS\System32\win32u.dll
0x00007ffc4a300000 - 0x00007ffc4a32b000 	C:\WINDOWS\System32\GDI32.dll
0x00007ffc49560000 - 0x00007ffc4966d000 	C:\WINDOWS\System32\gdi32full.dll
0x00007ffc49770000 - 0x00007ffc4980d000 	C:\WINDOWS\System32\msvcp_win.dll
0x00007ffc442e0000 - 0x00007ffc442f9000 	C:\Program Files\Java\jdk-16.0.2\bin\VCRUNTIME140.dll
0x00007ffc3be90000 - 0x00007ffc3c12a000 	C:\WINDOWS\WinSxS\amd64_microsoft.windows.common-controls_6595b64144ccf1df_6.0.19041.1110_none_60b5254171f9507e\COMCTL32.dll
0x00007ffc3af90000 - 0x00007ffc3af9a000 	C:\WINDOWS\SYSTEM32\VERSION.dll
0x00007ffc4aa10000 - 0x00007ffc4aa40000 	C:\WINDOWS\System32\IMM32.DLL
0x00007ffc46b30000 - 0x00007ffc46b3c000 	C:\Program Files\Java\jdk-16.0.2\bin\vcruntime140_1.dll
0x00007ffc3cfd0000 - 0x00007ffc3d061000 	C:\Program Files\Java\jdk-16.0.2\bin\msvcp140.dll
0x00007ffc1c7b0000 - 0x00007ffc1d35b000 	C:\Program Files\Java\jdk-16.0.2\bin\server\jvm.dll
0x00007ffc4a0a0000 - 0x00007ffc4a0a8000 	C:\WINDOWS\System32\PSAPI.DLL
0x00007ffc44fe0000 - 0x00007ffc44fe9000 	C:\WINDOWS\SYSTEM32\WSOCK32.dll
0x00007ffc4b0d0000 - 0x00007ffc4b13b000 	C:\WINDOWS\System32\WS2_32.dll
0x00007ffc36660000 - 0x00007ffc36687000 	C:\WINDOWS\SYSTEM32\WINMM.dll
0x00007ffc47450000 - 0x00007ffc47462000 	C:\WINDOWS\SYSTEM32\kernel.appcore.dll
0x00007ffc44f70000 - 0x00007ffc44f7a000 	C:\Program Files\Java\jdk-16.0.2\bin\jimage.dll
0x00007ffc389d0000 - 0x00007ffc38bb4000 	C:\WINDOWS\SYSTEM32\DBGHELP.DLL
0x00007ffc389a0000 - 0x00007ffc389cc000 	C:\WINDOWS\SYSTEM32\dbgcore.DLL
0x00007ffc498c0000 - 0x00007ffc49942000 	C:\WINDOWS\System32\bcryptPrimitives.dll
0x00007ffc42890000 - 0x00007ffc428b5000 	C:\Program Files\Java\jdk-16.0.2\bin\java.dll
0x00007ffc4b6c0000 - 0x00007ffc4be04000 	C:\WINDOWS\System32\SHELL32.dll
0x00007ffc47650000 - 0x00007ffc47de5000 	C:\WINDOWS\SYSTEM32\windows.storage.dll
0x00007ffc4ad00000 - 0x00007ffc4b055000 	C:\WINDOWS\System32\combase.dll
0x00007ffc48fb0000 - 0x00007ffc48fde000 	C:\WINDOWS\SYSTEM32\Wldp.dll
0x00007ffc4a460000 - 0x00007ffc4a50d000 	C:\WINDOWS\System32\SHCORE.dll
0x00007ffc4b270000 - 0x00007ffc4b2c5000 	C:\WINDOWS\System32\shlwapi.dll
0x00007ffc494a0000 - 0x00007ffc494bf000 	C:\WINDOWS\SYSTEM32\profapi.dll
0x00007ffc1c080000 - 0x00007ffc1c200000 	C:\Program Files\Java\jdk-16.0.2\bin\awt.dll
0x00007ffc4b3e0000 - 0x00007ffc4b4ad000 	C:\WINDOWS\System32\OLEAUT32.dll
0x00007ffc46d90000 - 0x00007ffc46e20000 	C:\WINDOWS\SYSTEM32\apphelp.dll
0x00007ffc47160000 - 0x00007ffc4718f000 	C:\WINDOWS\system32\DWMAPI.DLL
0x00007ffc46f50000 - 0x00007ffc46fee000 	C:\WINDOWS\system32\uxtheme.dll
0x00007ffc1bd50000 - 0x00007ffc1be75000 	C:\WINDOWS\system32\opengl32.dll
0x00007ffc2d6c0000 - 0x00007ffc2d6ec000 	C:\WINDOWS\SYSTEM32\GLU32.dll
0x00007ffc4abe0000 - 0x00007ffc4acf5000 	C:\WINDOWS\System32\MSCTF.dll
0x00007ffc4a330000 - 0x00007ffc4a45a000 	C:\WINDOWS\System32\ole32.dll
0x00007ffc2b1a0000 - 0x00007ffc2b229000 	C:\Program Files\Java\jdk-16.0.2\bin\freetype.dll
0x00007ffc1e780000 - 0x00007ffc1e876000 	C:\Program Files\Java\jdk-16.0.2\bin\harfbuzz.dll
0x00007ffc2ef10000 - 0x00007ffc2ef22000 	C:\Program Files\Java\jdk-16.0.2\bin\fontmanager.dll
0x00007ffc40190000 - 0x00007ffc40289000 	C:\WINDOWS\SYSTEM32\textinputframework.dll
0x00007ffc46710000 - 0x00007ffc46a6e000 	C:\WINDOWS\System32\CoreUIComponents.dll
0x00007ffc46b50000 - 0x00007ffc46c42000 	C:\WINDOWS\System32\CoreMessaging.dll
0x00007ffc48370000 - 0x00007ffc483a3000 	C:\WINDOWS\SYSTEM32\ntmarta.dll
0x00007ffc46040000 - 0x00007ffc46194000 	C:\WINDOWS\SYSTEM32\wintypes.dll

dbghelp: loaded successfully - version: 4.0.5 - missing functions: none
symbol engine: initialized successfully - sym options: 0x614 - pdb path: .;C:\Program Files\Java\jdk-16.0.2\bin;C:\WINDOWS\SYSTEM32;C:\WINDOWS\WinSxS\amd64_microsoft.windows.common-controls_6595b64144ccf1df_6.0.19041.1110_none_60b5254171f9507e;C:\Program Files\Java\jdk-16.0.2\bin\server

VM Arguments:
jvm_args: -Dfile.encoding=Cp1252 -XX:+ShowCodeDetailsInExceptionMessages 
java_command: Drawing
java_class_path (initial): C:\Users\miko\eclipse-workspace\LabExer9\bin
Launcher Type: SUN_STANDARD

[Global flags]
     intx CICompilerCount                          = 3                                         {product} {ergonomic}
     uint ConcGCThreads                            = 1                                         {product} {ergonomic}
     uint G1ConcRefinementThreads                  = 4                                         {product} {ergonomic}
   size_t G1HeapRegionSize                         = 1048576                                   {product} {ergonomic}
    uintx GCDrainStackTargetSize                   = 64                                        {product} {ergonomic}
   size_t InitialHeapSize                          = 98566144                                  {product} {ergonomic}
   size_t MarkStackSize                            = 4194304                                   {product} {ergonomic}
   size_t MaxHeapSize                              = 1556086784                                {product} {ergonomic}
   size_t MaxNewSize                               = 933232640                                 {product} {ergonomic}
   size_t MinHeapDeltaBytes                        = 1048576                                   {product} {ergonomic}
   size_t MinHeapSize                              = 8388608                                   {product} {ergonomic}
    uintx NonNMethodCodeHeapSize                   = 5832780                                {pd product} {ergonomic}
    uintx NonProfiledCodeHeapSize                  = 122912730                              {pd product} {ergonomic}
    uintx ProfiledCodeHeapSize                     = 122912730                              {pd product} {ergonomic}
    uintx ReservedCodeCacheSize                    = 251658240                              {pd product} {ergonomic}
     bool SegmentedCodeCache                       = true                                      {product} {ergonomic}
     bool ShowCodeDetailsInExceptionMessages       = true                                   {manageable} {command line}
   size_t SoftMaxHeapSize                          = 1556086784                             {manageable} {ergonomic}
     bool UseCompressedClassPointers               = true                           {product lp64_product} {ergonomic}
     bool UseCompressedOops                        = true                           {product lp64_product} {ergonomic}
     bool UseG1GC                                  = true                                      {product} {ergonomic}
     bool UseLargePagesIndividualAllocation        = false                                  {pd product} {ergonomic}

Logging:
Log output configuration:
 #0: stdout all=warning uptime,level,tags
 #1: stderr all=off uptime,level,tags

Environment Variables:
PATH=C:\Program Files\Python310\Scripts\;C:\Program Files\Python310\;C:\Program Files\Common Files\Oracle\Java\javapath;C:\WINDOWS\system32;C:\WINDOWS;C:\WINDOWS\System32\Wbem;C:\WINDOWS\System32\WindowsPowerShell\v1.0\;C:\WINDOWS\System32\OpenSSH\;C:\Users\miko\AppData\Local\Microsoft\WindowsApps;C:\adb;C:\Program Files\nodejs\;C:\Users\miko\AppData\Local\Microsoft\WindowsApps;C:\Users\miko\AppData\Roaming\npm;C:\Users\miko\AppData\Local\Programs\Microsoft VS Code\bin
USERNAME=miko
OS=Windows_NT
PROCESSOR_IDENTIFIER=Intel64 Family 6 Model 37 Stepping 5, GenuineIntel



---------------  S Y S T E M  ---------------

OS:
 Windows 10 , 64 bit Build 19041 (10.0.19041.1466)
OS uptime: 1 days 21:52 hours

CPU: total 4 (initial active 4) (2 cores per cpu, 2 threads per core) family 6 model 37 stepping 5 microcode 0x7, cx8, cmov, fxsr, ht, mmx, sse, sse2, sse3, ssse3, sse4.1, sse4.2, popcnt, tsc, tscinvbit, clflush

Memory: 4k page, system-wide physical 5933M (1272M free)
TotalPageFile size 16685M (AvailPageFile size 152M)
current process WorkingSet (physical memory assigned to process): 48M, peak: 48M
current process commit charge ("private bytes"): 173M, peak: 174M

vm_info: Java HotSpot(TM) 64-Bit Server VM (16.0.2+7-67) for windows-amd64 JRE (16.0.2+7-67), built on Jun  8 2021 23:24:19 by "mach5one" with MS VC++ 16.7 (VS2019)

END.
