#
# A fatal error has been detected by the Java Runtime Environment:
#
#  EXCEPTION_ACCESS_VIOLATION (0xc0000005) at pc=0x00007ffc1c152a08, pid=4484, tid=5440
#
# JRE version: Java(TM) SE Runtime Environment (16.0.2+7) (build 16.0.2+7-67)
# Java VM: Java HotSpot(TM) 64-Bit Server VM (16.0.2+7-67, mixed mode, sharing, tiered, compressed oops, compressed class ptrs, g1 gc, windows-amd64)
# Problematic frame:
# C  [awt.dll+0xd2a08]
#
# No core dump will be written. Minidumps are not enabled by default on client versions of Windows
#
# If you would like to submit a bug report, please visit:
#   https://bugreport.java.com/bugreport/crash.jsp
# The crash happened outside the Java Virtual Machine in native code.
# See problematic frame for where to report the bug.
#

---------------  S U M M A R Y ------------

Command Line: -Dfile.encoding=Cp1252 -XX:+ShowCodeDetailsInExceptionMessages Drawing

Host: Intel(R) Core(TM) i3 CPU       M 370  @ 2.40GHz, 4 cores, 5G,  Windows 10 , 64 bit Build 19041 (10.0.19041.1466)
Time: Tue Jan 25 13:53:54 2022 GMT Standard Time elapsed time: 826.276889 seconds (0d 0h 13m 46s)

---------------  T H R E A D  ---------------

Current thread (0x0000028e49711610):  JavaThread "AWT-EventQueue-0" [_thread_in_native, id=5440, stack(0x000000bef1400000,0x000000bef1500000)]

Stack: [0x000000bef1400000,0x000000bef1500000],  sp=0x000000bef14fee60,  free space=1019k
Native frames: (J=compiled Java code, j=interpreted, Vv=VM code, C=native code)
C  [awt.dll+0xd2a08]

Java frames: (J=compiled Java code, j=interpreted, Vv=VM code)
j  sun.awt.Win32GraphicsDevice.initNativeScale(I)V+0 java.desktop@16.0.2
j  sun.awt.Win32GraphicsDevice.initScaleFactors()V+60 java.desktop@16.0.2
j  sun.awt.Win32GraphicsDevice.displayChanged()V+16 java.desktop@16.0.2
j  sun.awt.Win32GraphicsEnvironment.displayChanged()V+271 java.desktop@16.0.2
j  sun.awt.windows.WToolkit.lambda$displayChanged$4()V+15 java.desktop@16.0.2
j  sun.awt.windows.WToolkit$$Lambda$123+0x0000000800c9c218.run()V+0 java.desktop@16.0.2
J 731 c1 java.awt.event.InvocationEvent.dispatch()V java.desktop@16.0.2 (69 bytes) @ 0x0000028e3452219c [0x0000028e34521f80+0x000000000000021c]
J 688 c1 java.awt.EventQueue.dispatchEventImpl(Ljava/awt/AWTEvent;Ljava/lang/Object;)V java.desktop@16.0.2 (136 bytes) @ 0x0000028e344e6bbc [0x0000028e344e5080+0x0000000000001b3c]
J 687 c1 java.awt.EventQueue$4.run()Ljava/lang/Void; java.desktop@16.0.2 (60 bytes) @ 0x0000028e344e492c [0x0000028e344e4800+0x000000000000012c]
J 656 c1 java.awt.EventQueue.dispatchEvent(Ljava/awt/AWTEvent;)V java.desktop@16.0.2 (80 bytes) @ 0x0000028e344ce294 [0x0000028e344cdce0+0x00000000000005b4]
J 659 c1 java.awt.EventDispatchThread.pumpOneEventForFilters(I)V java.desktop@16.0.2 (113 bytes) @ 0x0000028e344d173c [0x0000028e344d10a0+0x000000000000069c]
j  java.awt.EventDispatchThread.pumpEventsForFilter(ILjava/awt/Conditional;Ljava/awt/EventFilter;)V+35 java.desktop@16.0.2
j  java.awt.EventDispatchThread.pumpEventsForHierarchy(ILjava/awt/Conditional;Ljava/awt/Component;)V+11 java.desktop@16.0.2
j  java.awt.EventDispatchThread.pumpEvents(ILjava/awt/Conditional;)V+4 java.desktop@16.0.2
j  java.awt.EventDispatchThread.pumpEvents(Ljava/awt/Conditional;)V+3 java.desktop@16.0.2
j  java.awt.EventDispatchThread.run()V+9 java.desktop@16.0.2
v  ~StubRoutines::call_stub

siginfo: EXCEPTION_ACCESS_VIOLATION (0xc0000005), reading address 0xffffffffffffffff


Register to memory mapping:

RIP=0x00007ffc1c152a08 awt.dll
RAX=0x000000bef14fee88 is pointing into the stack for thread: 0x0000028e49711610
RBX=0x0000028e49740780 points into unknown readable memory: 0x0000028e496b03f0 | f0 03 6b 49 8e 02 00 00
RCX=0x006c696154736163 is an unknown value
RDX=0x0 is NULL
RSP=0x000000bef14fee60 is pointing into the stack for thread: 0x0000028e49711610
RBP=0x000000bef14fef40 is pointing into the stack for thread: 0x0000028e49711610
RSI=0x0 is NULL
RDI=0x0 is NULL
R8 =0x0000000000000001 is an unknown value
R9 =0x00000000000000dd is an unknown value
R10=0x0000028e33e4dba1 is at code_begin+961 in an Interpreter codelet
method entry point (kind = native)  [0x0000028e33e4d7e0, 0x0000028e33e4e180]  2464 bytes
R11=0x0000000000000100 is an unknown value
R12=0x0 is NULL
R13={method} {0x0000028e48e004c0} 'initNativeScale' '(I)V' in 'sun/awt/Win32GraphicsDevice'
R14=0x000000bef14fef68 is pointing into the stack for thread: 0x0000028e49711610
R15=0x0000028e49711610 is a thread


Registers:
RAX=0x000000bef14fee88, RBX=0x0000028e49740780, RCX=0x006c696154736163, RDX=0x0000000000000000
RSP=0x000000bef14fee60, RBP=0x000000bef14fef40, RSI=0x0000000000000000, RDI=0x0000000000000000
R8 =0x0000000000000001, R9 =0x00000000000000dd, R10=0x0000028e33e4dba1, R11=0x0000000000000100
R12=0x0000000000000000, R13=0x0000028e48e004b8, R14=0x000000bef14fef68, R15=0x0000028e49711610
RIP=0x00007ffc1c152a08, EFLAGS=0x0000000000010206

Top of Stack: (sp=0x000000bef14fee60)
0x000000bef14fee60:   0000028e48a407a0 00000000000003d8
0x000000bef14fee70:   0000028e49740780 0000000000000000
0x000000bef14fee80:   0000028e49740780 00007ffc1c153e5a
0x000000bef14fee90:   00007ffc1c1ac838 0000028e48e004b8
0x000000bef14feea0:   000000bef14ff028 0000028e33e4966b
0x000000bef14feeb0:   0000028e33e4966b 0000028e33e4dbcd
0x000000bef14feec0:   0000028e48e004b8 000000bef14fef40
0x000000bef14feed0:   000000bef14ff028 00007ffc1cdcfbc4
0x000000bef14feee0:   0000028e49086030 000000bef14fef40
0x000000bef14feef0:   0000000000000000 000000bef14feef8
0x000000bef14fef00:   0000000000000000 000000bef14fef68
0x000000bef14fef10:   0000028e48e02e90 0000000000000000
0x000000bef14fef20:   00000000a8f17288 0000028e48e004b8
0x000000bef14fef30:   0000000000000000 000000bef14fef60
0x000000bef14fef40:   000000bef14fefb8 0000028e33e49512
0x000000bef14fef50:   0000000000000000 0000028e33e4b2b8 

Instructions: (pc=0x00007ffc1c152a08)
0x00007ffc1c152908:   38 41 b8 01 00 00 00 8b d7 48 8b c8 e8 27 59 f5
0x00007ffc1c152918:   ff 48 8b 48 08 33 ff 48 85 c9 74 07 48 8b b9 08
0x00007ffc1c152928:   0c 00 00 48 8b cb e8 8d 5a f5 ff 90 48 8b c7 48
0x00007ffc1c152938:   8b 5c 24 30 48 83 c4 20 5f c3 cc cc f3 0f 10 41
0x00007ffc1c152948:   48 c3 cc cc f3 0f 10 41 4c c3 cc cc 48 89 5c 24
0x00007ffc1c152958:   08 48 89 74 24 18 57 48 83 ec 20 48 8b f1 ba 02
0x00007ffc1c152968:   00 01 00 48 8b 0d 86 64 06 00 e8 48 ec 00 00 48
0x00007ffc1c152978:   8b d8 e8 41 59 f5 ff 48 85 c0 75 08 48 8b cb e8
0x00007ffc1c152988:   14 5b f5 ff e8 2f 59 f5 ff 48 8b d8 48 89 44 24
0x00007ffc1c152998:   38 33 ff 39 78 0c 7e 27 41 b8 01 00 00 00 8b d7
0x00007ffc1c1529a8:   48 8b cb e8 90 58 f5 ff 48 8b 50 28 48 8b ce e8
0x00007ffc1c1529b8:   08 f7 ff ff 85 c0 75 0d ff c7 3b 7b 0c 7c d9 8b
0x00007ffc1c1529c8:   3d 83 69 06 00 48 8b cb e8 eb 59 f5 ff 90 8b c7
0x00007ffc1c1529d8:   48 8b 5c 24 30 48 8b 74 24 40 48 83 c4 20 5f c3
0x00007ffc1c1529e8:   48 8b 41 08 48 8b 80 18 0c 00 00 c3 48 8b 41 08
0x00007ffc1c1529f8:   48 05 00 04 00 00 c3 cc 48 8b c4 53 48 83 ec 20
0x00007ffc1c152a08:   83 79 50 00 48 8b d9 75 52 48 8b 49 28 4c 8d 40
0x00007ffc1c152a18:   10 48 8d 50 08 c7 40 08 00 00 80 bf c7 40 10 00
0x00007ffc1c152a28:   00 80 bf e8 94 cc 00 00 f3 0f 10 54 24 30 0f 57
0x00007ffc1c152a38:   c0 0f 2f d0 76 25 f3 0f 10 4c 24 38 0f 2f c8 76
0x00007ffc1c152a48:   1a f3 0f 5e 15 73 82 02 00 f3 0f 5e 0d 6b 82 02
0x00007ffc1c152a58:   00 f3 0f 11 53 48 f3 0f 11 4b 4c 48 83 c4 20 5b
0x00007ffc1c152a68:   c3 cc cc cc 48 89 5c 24 10 48 89 74 24 18 57 41
0x00007ffc1c152a78:   54 41 56 48 83 ec 40 48 8b d9 48 8b 41 18 33 ff
0x00007ffc1c152a88:   48 85 c0 75 18 b9 28 04 00 00 e8 c5 87 00 00 48
0x00007ffc1c152a98:   89 43 18 c7 00 28 00 00 00 48 8b 43 18 66 89 78
0x00007ffc1c152aa8:   0e 48 8b 4b 28 e8 2a 03 00 00 48 8b f0 41 bc 01
0x00007ffc1c152ab8:   00 00 00 45 8b c4 41 8b d4 48 8b c8 ff 15 06 2a
0x00007ffc1c152ac8:   06 00 4c 8b f0 89 7c 24 30 48 8b 4b 18 48 89 4c
0x00007ffc1c152ad8:   24 28 48 89 7c 24 20 45 8b cc 45 33 c0 48 8b d0
0x00007ffc1c152ae8:   48 8b ce ff 15 c7 2a 06 00 48 8b 0b 48 8b 53 30
0x00007ffc1c152af8:   45 8d 44 24 07 44 39 41 04 0f 8e ca 01 00 00 44 


Stack slot to memory mapping:
stack at sp + 0 slots: 0x0000028e48a407a0 points into unknown readable memory: 0x0000028e4976aa54 | 54 aa 76 49 8e 02 00 00
stack at sp + 1 slots: 0x00000000000003d8 is an unknown value
stack at sp + 2 slots: 0x0000028e49740780 points into unknown readable memory: 0x0000028e496b03f0 | f0 03 6b 49 8e 02 00 00
stack at sp + 3 slots: 0x0 is NULL
stack at sp + 4 slots: 0x0000028e49740780 points into unknown readable memory: 0x0000028e496b03f0 | f0 03 6b 49 8e 02 00 00
stack at sp + 5 slots: 0x00007ffc1c153e5a awt.dll
stack at sp + 6 slots: 0x00007ffc1c1ac838 awt.dll
stack at sp + 7 slots: {method} {0x0000028e48e004c0} 'initNativeScale' '(I)V' in 'sun/awt/Win32GraphicsDevice'


---------------  P R O C E S S  ---------------

Threads class SMR info:
_java_thread_list=0x0000028e4974d8f0, length=16, elements={
0x0000028e489cf9b0, 0x0000028e489d3020, 0x0000028e489e67a0, 0x0000028e489e83b0,
0x0000028e489ebe00, 0x0000028e489ec800, 0x0000028e489f1a20, 0x0000028e489f2cb0,
0x0000028e48a08280, 0x0000028e49487d30, 0x0000028e4948f980, 0x0000028e49645ce0,
0x0000028e49646200, 0x0000028e4966a560, 0x0000028e49711610, 0x0000028e2c6b7a70
}

Java Threads: ( => current thread )
  0x0000028e489cf9b0 JavaThread "Reference Handler" daemon [_thread_blocked, id=8648, stack(0x000000bef0500000,0x000000bef0600000)]
  0x0000028e489d3020 JavaThread "Finalizer" daemon [_thread_blocked, id=6128, stack(0x000000bef0600000,0x000000bef0700000)]
  0x0000028e489e67a0 JavaThread "Signal Dispatcher" daemon [_thread_blocked, id=9172, stack(0x000000bef0700000,0x000000bef0800000)]
  0x0000028e489e83b0 JavaThread "Attach Listener" daemon [_thread_blocked, id=14320, stack(0x000000bef0800000,0x000000bef0900000)]
  0x0000028e489ebe00 JavaThread "Service Thread" daemon [_thread_blocked, id=7664, stack(0x000000bef0900000,0x000000bef0a00000)]
  0x0000028e489ec800 JavaThread "Monitor Deflation Thread" daemon [_thread_blocked, id=15848, stack(0x000000bef0a00000,0x000000bef0b00000)]
  0x0000028e489f1a20 JavaThread "C2 CompilerThread0" daemon [_thread_blocked, id=15728, stack(0x000000bef0b00000,0x000000bef0c00000)]
  0x0000028e489f2cb0 JavaThread "C1 CompilerThread0" daemon [_thread_blocked, id=9504, stack(0x000000bef0c00000,0x000000bef0d00000)]
  0x0000028e48a08280 JavaThread "Sweeper thread" daemon [_thread_blocked, id=12736, stack(0x000000bef0d00000,0x000000bef0e00000)]
  0x0000028e49487d30 JavaThread "Notification Thread" daemon [_thread_blocked, id=17336, stack(0x000000bef0e00000,0x000000bef0f00000)]
  0x0000028e4948f980 JavaThread "Common-Cleaner" daemon [_thread_blocked, id=2584, stack(0x000000bef1000000,0x000000bef1100000)]
  0x0000028e49645ce0 JavaThread "Java2D Disposer" daemon [_thread_blocked, id=7796, stack(0x000000bef1100000,0x000000bef1200000)]
  0x0000028e49646200 JavaThread "AWT-Shutdown" [_thread_blocked, id=12512, stack(0x000000bef1200000,0x000000bef1300000)]
  0x0000028e4966a560 JavaThread "AWT-Windows" daemon [_thread_in_native, id=11984, stack(0x000000bef1300000,0x000000bef1400000)]
=>0x0000028e49711610 JavaThread "AWT-EventQueue-0" [_thread_in_native, id=5440, stack(0x000000bef1400000,0x000000bef1500000)]
  0x0000028e2c6b7a70 JavaThread "DestroyJavaVM" [_thread_blocked, id=17324, stack(0x000000beefe00000,0x000000beeff00000)]

Other Threads:
  0x0000028e489c95b0 VMThread "VM Thread" [stack: 0x000000bef0400000,0x000000bef0500000] [id=10044]
  0x0000028e4948d270 WatcherThread [stack: 0x000000bef0f00000,0x000000bef1000000] [id=12608]
  0x0000028e2c6ee430 GCTaskThread "GC Thread#0" [stack: 0x000000beeff00000,0x000000bef0000000] [id=14540]
  0x0000028e2c719c40 ConcurrentGCThread "G1 Main Marker" [stack: 0x000000bef0000000,0x000000bef0100000] [id=16148]
  0x0000028e2c71b6c0 ConcurrentGCThread "G1 Conc#0" [stack: 0x000000bef0100000,0x000000bef0200000] [id=11840]
  0x0000028e2c77ddf0 ConcurrentGCThread "G1 Refine#0" [stack: 0x000000bef0200000,0x000000bef0300000] [id=392]
  0x0000028e2c77e870 ConcurrentGCThread "G1 Service" [stack: 0x000000bef0300000,0x000000bef0400000] [id=17292]

Threads with active compile tasks:

VM state: not at safepoint (normal execution)

VM Mutex/Monitor currently owned by a thread: None

Heap address: 0x00000000a3400000, size: 1484 MB, Compressed Oops mode: 32-bit

CDS archive(s) mapped at: [0x0000000800000000-0x0000000800bb0000-0x0000000800bb0000), size 12255232, SharedBaseAddress: 0x0000000800000000, ArchiveRelocationMode: 0.
Compressed class space mapped at: 0x0000000800c00000-0x0000000840c00000, reserved size: 1073741824
Narrow klass base: 0x0000000800000000, Narrow klass shift: 3, Narrow klass range: 0x100000000

GC Precious Log:
 CPUs: 4 total, 4 available
 Memory: 5933M
 Large Page Support: Disabled
 NUMA Support: Disabled
 Compressed Oops: Enabled (32-bit)
 Heap Region Size: 1M
 Heap Min Capacity: 8M
 Heap Initial Capacity: 94M
 Heap Max Capacity: 1484M
 Pre-touch: Disabled
 Parallel Workers: 4
 Concurrent Workers: 1
 Concurrent Refinement Workers: 4
 Periodic GC: Disabled

Heap:
 garbage-first heap   total 96256K, used 5120K [0x00000000a3400000, 0x0000000100000000)
  region size 1024K, 6 young (6144K), 0 survivors (0K)
 Metaspace       used 5827K, committed 6016K, reserved 1056768K
  class space    used 602K, committed 704K, reserved 1048576K

Heap Regions: E=young(eden), S=young(survivor), O=old, HS=humongous(starts), HC=humongous(continues), CS=collection set, F=free, OA=open archive, CA=closed archive, TAMS=top-at-mark-start (previous, next)
|   0|0x00000000a3400000, 0x00000000a3400000, 0x00000000a3500000|  0%| F|  |TAMS 0x00000000a3400000, 0x00000000a3400000| Untracked 
|   1|0x00000000a3500000, 0x00000000a3500000, 0x00000000a3600000|  0%| F|  |TAMS 0x00000000a3500000, 0x00000000a3500000| Untracked 
|   2|0x00000000a3600000, 0x00000000a3600000, 0x00000000a3700000|  0%| F|  |TAMS 0x00000000a3600000, 0x00000000a3600000| Untracked 
|   3|0x00000000a3700000, 0x00000000a3700000, 0x00000000a3800000|  0%| F|  |TAMS 0x00000000a3700000, 0x00000000a3700000| Untracked 
|   4|0x00000000a3800000, 0x00000000a3800000, 0x00000000a3900000|  0%| F|  |TAMS 0x00000000a3800000, 0x00000000a3800000| Untracked 
|   5|0x00000000a3900000, 0x00000000a3900000, 0x00000000a3a00000|  0%| F|  |TAMS 0x00000000a3900000, 0x00000000a3900000| Untracked 
|   6|0x00000000a3a00000, 0x00000000a3a00000, 0x00000000a3b00000|  0%| F|  |TAMS 0x00000000a3a00000, 0x00000000a3a00000| Untracked 
|   7|0x00000000a3b00000, 0x00000000a3b00000, 0x00000000a3c00000|  0%| F|  |TAMS 0x00000000a3b00000, 0x00000000a3b00000| Untracked 
|   8|0x00000000a3c00000, 0x00000000a3c00000, 0x00000000a3d00000|  0%| F|  |TAMS 0x00000000a3c00000, 0x00000000a3c00000| Untracked 
|   9|0x00000000a3d00000, 0x00000000a3d00000, 0x00000000a3e00000|  0%| F|  |TAMS 0x00000000a3d00000, 0x00000000a3d00000| Untracked 
|  10|0x00000000a3e00000, 0x00000000a3e00000, 0x00000000a3f00000|  0%| F|  |TAMS 0x00000000a3e00000, 0x00000000a3e00000| Untracked 
|  11|0x00000000a3f00000, 0x00000000a3f00000, 0x00000000a4000000|  0%| F|  |TAMS 0x00000000a3f00000, 0x00000000a3f00000| Untracked 
|  12|0x00000000a4000000, 0x00000000a4000000, 0x00000000a4100000|  0%| F|  |TAMS 0x00000000a4000000, 0x00000000a4000000| Untracked 
|  13|0x00000000a4100000, 0x00000000a4100000, 0x00000000a4200000|  0%| F|  |TAMS 0x00000000a4100000, 0x00000000a4100000| Untracked 
|  14|0x00000000a4200000, 0x00000000a4200000, 0x00000000a4300000|  0%| F|  |TAMS 0x00000000a4200000, 0x00000000a4200000| Untracked 
|  15|0x00000000a4300000, 0x00000000a4300000, 0x00000000a4400000|  0%| F|  |TAMS 0x00000000a4300000, 0x00000000a4300000| Untracked 
|  16|0x00000000a4400000, 0x00000000a4400000, 0x00000000a4500000|  0%| F|  |TAMS 0x00000000a4400000, 0x00000000a4400000| Untracked 
|  17|0x00000000a4500000, 0x00000000a4500000, 0x00000000a4600000|  0%| F|  |TAMS 0x00000000a4500000, 0x00000000a4500000| Untracked 
|  18|0x00000000a4600000, 0x00000000a4600000, 0x00000000a4700000|  0%| F|  |TAMS 0x00000000a4600000, 0x00000000a4600000| Untracked 
|  19|0x00000000a4700000, 0x00000000a4700000, 0x00000000a4800000|  0%| F|  |TAMS 0x00000000a4700000, 0x00000000a4700000| Untracked 
|  20|0x00000000a4800000, 0x00000000a4800000, 0x00000000a4900000|  0%| F|  |TAMS 0x00000000a4800000, 0x00000000a4800000| Untracked 
|  21|0x00000000a4900000, 0x00000000a4900000, 0x00000000a4a00000|  0%| F|  |TAMS 0x00000000a4900000, 0x00000000a4900000| Untracked 
|  22|0x00000000a4a00000, 0x00000000a4a00000, 0x00000000a4b00000|  0%| F|  |TAMS 0x00000000a4a00000, 0x00000000a4a00000| Untracked 
|  23|0x00000000a4b00000, 0x00000000a4b00000, 0x00000000a4c00000|  0%| F|  |TAMS 0x00000000a4b00000, 0x00000000a4b00000| Untracked 
|  24|0x00000000a4c00000, 0x00000000a4c00000, 0x00000000a4d00000|  0%| F|  |TAMS 0x00000000a4c00000, 0x00000000a4c00000| Untracked 
|  25|0x00000000a4d00000, 0x00000000a4d00000, 0x00000000a4e00000|  0%| F|  |TAMS 0x00000000a4d00000, 0x00000000a4d00000| Untracked 
|  26|0x00000000a4e00000, 0x00000000a4e00000, 0x00000000a4f00000|  0%| F|  |TAMS 0x00000000a4e00000, 0x00000000a4e00000| Untracked 
|  27|0x00000000a4f00000, 0x00000000a4f00000, 0x00000000a5000000|  0%| F|  |TAMS 0x00000000a4f00000, 0x00000000a4f00000| Untracked 
|  28|0x00000000a5000000, 0x00000000a5000000, 0x00000000a5100000|  0%| F|  |TAMS 0x00000000a5000000, 0x00000000a5000000| Untracked 
|  29|0x00000000a5100000, 0x00000000a5100000, 0x00000000a5200000|  0%| F|  |TAMS 0x00000000a5100000, 0x00000000a5100000| Untracked 
|  30|0x00000000a5200000, 0x00000000a5200000, 0x00000000a5300000|  0%| F|  |TAMS 0x00000000a5200000, 0x00000000a5200000| Untracked 
|  31|0x00000000a5300000, 0x00000000a5300000, 0x00000000a5400000|  0%| F|  |TAMS 0x00000000a5300000, 0x00000000a5300000| Untracked 
|  32|0x00000000a5400000, 0x00000000a5400000, 0x00000000a5500000|  0%| F|  |TAMS 0x00000000a5400000, 0x00000000a5400000| Untracked 
|  33|0x00000000a5500000, 0x00000000a5500000, 0x00000000a5600000|  0%| F|  |TAMS 0x00000000a5500000, 0x00000000a5500000| Untracked 
|  34|0x00000000a5600000, 0x00000000a5600000, 0x00000000a5700000|  0%| F|  |TAMS 0x00000000a5600000, 0x00000000a5600000| Untracked 
|  35|0x00000000a5700000, 0x00000000a5700000, 0x00000000a5800000|  0%| F|  |TAMS 0x00000000a5700000, 0x00000000a5700000| Untracked 
|  36|0x00000000a5800000, 0x00000000a5800000, 0x00000000a5900000|  0%| F|  |TAMS 0x00000000a5800000, 0x00000000a5800000| Untracked 
|  37|0x00000000a5900000, 0x00000000a5900000, 0x00000000a5a00000|  0%| F|  |TAMS 0x00000000a5900000, 0x00000000a5900000| Untracked 
|  38|0x00000000a5a00000, 0x00000000a5a00000, 0x00000000a5b00000|  0%| F|  |TAMS 0x00000000a5a00000, 0x00000000a5a00000| Untracked 
|  39|0x00000000a5b00000, 0x00000000a5b00000, 0x00000000a5c00000|  0%| F|  |TAMS 0x00000000a5b00000, 0x00000000a5b00000| Untracked 
|  40|0x00000000a5c00000, 0x00000000a5c00000, 0x00000000a5d00000|  0%| F|  |TAMS 0x00000000a5c00000, 0x00000000a5c00000| Untracked 
|  41|0x00000000a5d00000, 0x00000000a5d00000, 0x00000000a5e00000|  0%| F|  |TAMS 0x00000000a5d00000, 0x00000000a5d00000| Untracked 
|  42|0x00000000a5e00000, 0x00000000a5e00000, 0x00000000a5f00000|  0%| F|  |TAMS 0x00000000a5e00000, 0x00000000a5e00000| Untracked 
|  43|0x00000000a5f00000, 0x00000000a5f00000, 0x00000000a6000000|  0%| F|  |TAMS 0x00000000a5f00000, 0x00000000a5f00000| Untracked 
|  44|0x00000000a6000000, 0x00000000a6000000, 0x00000000a6100000|  0%| F|  |TAMS 0x00000000a6000000, 0x00000000a6000000| Untracked 
|  45|0x00000000a6100000, 0x00000000a6100000, 0x00000000a6200000|  0%| F|  |TAMS 0x00000000a6100000, 0x00000000a6100000| Untracked 
|  46|0x00000000a6200000, 0x00000000a6200000, 0x00000000a6300000|  0%| F|  |TAMS 0x00000000a6200000, 0x00000000a6200000| Untracked 
|  47|0x00000000a6300000, 0x00000000a6300000, 0x00000000a6400000|  0%| F|  |TAMS 0x00000000a6300000, 0x00000000a6300000| Untracked 
|  48|0x00000000a6400000, 0x00000000a6400000, 0x00000000a6500000|  0%| F|  |TAMS 0x00000000a6400000, 0x00000000a6400000| Untracked 
|  49|0x00000000a6500000, 0x00000000a6500000, 0x00000000a6600000|  0%| F|  |TAMS 0x00000000a6500000, 0x00000000a6500000| Untracked 
|  50|0x00000000a6600000, 0x00000000a6600000, 0x00000000a6700000|  0%| F|  |TAMS 0x00000000a6600000, 0x00000000a6600000| Untracked 
|  51|0x00000000a6700000, 0x00000000a6700000, 0x00000000a6800000|  0%| F|  |TAMS 0x00000000a6700000, 0x00000000a6700000| Untracked 
|  52|0x00000000a6800000, 0x00000000a6800000, 0x00000000a6900000|  0%| F|  |TAMS 0x00000000a6800000, 0x00000000a6800000| Untracked 
|  53|0x00000000a6900000, 0x00000000a6900000, 0x00000000a6a00000|  0%| F|  |TAMS 0x00000000a6900000, 0x00000000a6900000| Untracked 
|  54|0x00000000a6a00000, 0x00000000a6a00000, 0x00000000a6b00000|  0%| F|  |TAMS 0x00000000a6a00000, 0x00000000a6a00000| Untracked 
|  55|0x00000000a6b00000, 0x00000000a6b00000, 0x00000000a6c00000|  0%| F|  |TAMS 0x00000000a6b00000, 0x00000000a6b00000| Untracked 
|  56|0x00000000a6c00000, 0x00000000a6c00000, 0x00000000a6d00000|  0%| F|  |TAMS 0x00000000a6c00000, 0x00000000a6c00000| Untracked 
|  57|0x00000000a6d00000, 0x00000000a6d00000, 0x00000000a6e00000|  0%| F|  |TAMS 0x00000000a6d00000, 0x00000000a6d00000| Untracked 
|  58|0x00000000a6e00000, 0x00000000a6e00000, 0x00000000a6f00000|  0%| F|  |TAMS 0x00000000a6e00000, 0x00000000a6e00000| Untracked 
|  59|0x00000000a6f00000, 0x00000000a6f00000, 0x00000000a7000000|  0%| F|  |TAMS 0x00000000a6f00000, 0x00000000a6f00000| Untracked 
|  60|0x00000000a7000000, 0x00000000a7000000, 0x00000000a7100000|  0%| F|  |TAMS 0x00000000a7000000, 0x00000000a7000000| Untracked 
|  61|0x00000000a7100000, 0x00000000a7100000, 0x00000000a7200000|  0%| F|  |TAMS 0x00000000a7100000, 0x00000000a7100000| Untracked 
|  62|0x00000000a7200000, 0x00000000a7200000, 0x00000000a7300000|  0%| F|  |TAMS 0x00000000a7200000, 0x00000000a7200000| Untracked 
|  63|0x00000000a7300000, 0x00000000a7300000, 0x00000000a7400000|  0%| F|  |TAMS 0x00000000a7300000, 0x00000000a7300000| Untracked 
|  64|0x00000000a7400000, 0x00000000a7400000, 0x00000000a7500000|  0%| F|  |TAMS 0x00000000a7400000, 0x00000000a7400000| Untracked 
|  65|0x00000000a7500000, 0x00000000a7500000, 0x00000000a7600000|  0%| F|  |TAMS 0x00000000a7500000, 0x00000000a7500000| Untracked 
|  66|0x00000000a7600000, 0x00000000a7600000, 0x00000000a7700000|  0%| F|  |TAMS 0x00000000a7600000, 0x00000000a7600000| Untracked 
|  67|0x00000000a7700000, 0x00000000a7700000, 0x00000000a7800000|  0%| F|  |TAMS 0x00000000a7700000, 0x00000000a7700000| Untracked 
|  68|0x00000000a7800000, 0x00000000a7800000, 0x00000000a7900000|  0%| F|  |TAMS 0x00000000a7800000, 0x00000000a7800000| Untracked 
|  69|0x00000000a7900000, 0x00000000a7900000, 0x00000000a7a00000|  0%| F|  |TAMS 0x00000000a7900000, 0x00000000a7900000| Untracked 
|  70|0x00000000a7a00000, 0x00000000a7a00000, 0x00000000a7b00000|  0%| F|  |TAMS 0x00000000a7a00000, 0x00000000a7a00000| Untracked 
|  71|0x00000000a7b00000, 0x00000000a7b00000, 0x00000000a7c00000|  0%| F|  |TAMS 0x00000000a7b00000, 0x00000000a7b00000| Untracked 
|  72|0x00000000a7c00000, 0x00000000a7c00000, 0x00000000a7d00000|  0%| F|  |TAMS 0x00000000a7c00000, 0x00000000a7c00000| Untracked 
|  73|0x00000000a7d00000, 0x00000000a7d00000, 0x00000000a7e00000|  0%| F|  |TAMS 0x00000000a7d00000, 0x00000000a7d00000| Untracked 
|  74|0x00000000a7e00000, 0x00000000a7e00000, 0x00000000a7f00000|  0%| F|  |TAMS 0x00000000a7e00000, 0x00000000a7e00000| Untracked 
|  75|0x00000000a7f00000, 0x00000000a7f00000, 0x00000000a8000000|  0%| F|  |TAMS 0x00000000a7f00000, 0x00000000a7f00000| Untracked 
|  76|0x00000000a8000000, 0x00000000a8000000, 0x00000000a8100000|  0%| F|  |TAMS 0x00000000a8000000, 0x00000000a8000000| Untracked 
|  77|0x00000000a8100000, 0x00000000a8100000, 0x00000000a8200000|  0%| F|  |TAMS 0x00000000a8100000, 0x00000000a8100000| Untracked 
|  78|0x00000000a8200000, 0x00000000a8200000, 0x00000000a8300000|  0%| F|  |TAMS 0x00000000a8200000, 0x00000000a8200000| Untracked 
|  79|0x00000000a8300000, 0x00000000a8300000, 0x00000000a8400000|  0%| F|  |TAMS 0x00000000a8300000, 0x00000000a8300000| Untracked 
|  80|0x00000000a8400000, 0x00000000a8400000, 0x00000000a8500000|  0%| F|  |TAMS 0x00000000a8400000, 0x00000000a8400000| Untracked 
|  81|0x00000000a8500000, 0x00000000a8500000, 0x00000000a8600000|  0%| F|  |TAMS 0x00000000a8500000, 0x00000000a8500000| Untracked 
|  82|0x00000000a8600000, 0x00000000a8600000, 0x00000000a8700000|  0%| F|  |TAMS 0x00000000a8600000, 0x00000000a8600000| Untracked 
|  83|0x00000000a8700000, 0x00000000a8700000, 0x00000000a8800000|  0%| F|  |TAMS 0x00000000a8700000, 0x00000000a8700000| Untracked 
|  84|0x00000000a8800000, 0x00000000a8800000, 0x00000000a8900000|  0%| F|  |TAMS 0x00000000a8800000, 0x00000000a8800000| Untracked 
|  85|0x00000000a8900000, 0x00000000a8900000, 0x00000000a8a00000|  0%| F|  |TAMS 0x00000000a8900000, 0x00000000a8900000| Untracked 
|  86|0x00000000a8a00000, 0x00000000a8a00000, 0x00000000a8b00000|  0%| F|  |TAMS 0x00000000a8a00000, 0x00000000a8a00000| Untracked 
|  87|0x00000000a8b00000, 0x00000000a8b00000, 0x00000000a8c00000|  0%| F|  |TAMS 0x00000000a8b00000, 0x00000000a8b00000| Untracked 
|  88|0x00000000a8c00000, 0x00000000a8c43110, 0x00000000a8d00000| 26%| E|  |TAMS 0x00000000a8c00000, 0x00000000a8c00000| Complete 
|  89|0x00000000a8d00000, 0x00000000a8e00000, 0x00000000a8e00000|100%| E|CS|TAMS 0x00000000a8d00000, 0x00000000a8d00000| Complete 
|  90|0x00000000a8e00000, 0x00000000a8f00000, 0x00000000a8f00000|100%| E|CS|TAMS 0x00000000a8e00000, 0x00000000a8e00000| Complete 
|  91|0x00000000a8f00000, 0x00000000a9000000, 0x00000000a9000000|100%| E|CS|TAMS 0x00000000a8f00000, 0x00000000a8f00000| Complete 
|  92|0x00000000a9000000, 0x00000000a9100000, 0x00000000a9100000|100%| E|CS|TAMS 0x00000000a9000000, 0x00000000a9000000| Complete 
|  93|0x00000000a9100000, 0x00000000a9200000, 0x00000000a9200000|100%| E|CS|TAMS 0x00000000a9100000, 0x00000000a9100000| Complete 

Card table byte_map: [0x0000028e43130000,0x0000028e43420000] _byte_map_base: 0x0000028e42c16000

Marking Bits (Prev, Next): (CMBitMap*) 0x0000028e2c6eeb20, (CMBitMap*) 0x0000028e2c6eeb60
 Prev Bits: [0x0000028e43710000, 0x0000028e44e40000)
 Next Bits: [0x0000028e44e40000, 0x0000028e46570000)

Polling page: 0x0000028e2a690000

Metaspace:

Usage:
  Non-class:      5.10 MB used.
      Class:    602.34 KB used.
       Both:      5.69 MB used.

Virtual space:
  Non-class space:        8.00 MB reserved,       5.19 MB ( 65%) committed,  1 nodes.
      Class space:        1.00 GB reserved,     704.00 KB ( <1%) committed,  1 nodes.
              Both:        1.01 GB reserved,       5.88 MB ( <1%) committed. 

Chunk freelists:
   Non-Class:  2.39 MB
       Class:  3.24 MB
        Both:  5.63 MB

MaxMetaspaceSize: 17179869184.00 GB
CompressedClassSpaceSize: 1.00 GB
 - commit_granule_bytes: 65536.
 - commit_granule_words: 8192.
 - virtual_space_node_default_size: 1048576.
 - enlarge_chunks_in_place: 1.
 - new_chunks_are_fully_committed: 0.
 - uncommit_free_chunks: 1.
 - use_allocation_guard: 0.
 - handle_deallocations: 1.


Internal statistics:

num_allocs_failed_limit: 0.
num_arena_births: 108.
num_arena_deaths: 0.
num_vsnodes_births: 2.
num_vsnodes_deaths: 0.
num_space_committed: 94.
num_space_uncommitted: 0.
num_chunks_returned_to_freelist: 0.
num_chunks_taken_from_freelist: 129.
num_chunk_merges: 0.
num_chunk_splits: 83.
num_chunks_enlarged: 43.
num_purges: 0.

CodeHeap 'non-profiled nmethods': size=120000Kb used=185Kb max_used=185Kb free=119814Kb
 bounds [0x0000028e3b910000, 0x0000028e3bb80000, 0x0000028e42e40000]
CodeHeap 'profiled nmethods': size=120000Kb used=1383Kb max_used=1383Kb free=118616Kb
 bounds [0x0000028e343e0000, 0x0000028e34650000, 0x0000028e3b910000]
CodeHeap 'non-nmethods': size=5760Kb used=1217Kb max_used=1232Kb free=4542Kb
 bounds [0x0000028e33e40000, 0x0000028e340b0000, 0x0000028e343e0000]
 total_blobs=1288 nmethods=762 adapters=440
 compilation: enabled
              stopped_count=0, restarted_count=0
 full_count=0

Compilation events (20 events):
Event: 22.732 Thread 0x0000028e489f2cb0  752       3       java.util.concurrent.locks.AbstractQueuedSynchronizer$Node::clearStatus (12 bytes)
Event: 22.732 Thread 0x0000028e489f2cb0 nmethod 752 0x0000028e34534810 code [0x0000028e345349c0, 0x0000028e34534b68]
Event: 23.049 Thread 0x0000028e489f2cb0  753       3       java.util.concurrent.locks.AbstractQueuedSynchronizer$Node::setStatusRelaxed (12 bytes)
Event: 23.049 Thread 0x0000028e489f2cb0 nmethod 753 0x0000028e34534c10 code [0x0000028e34534da0, 0x0000028e34534eb8]
Event: 23.049 Thread 0x0000028e489f2cb0  755       3       java.util.concurrent.locks.AbstractQueuedSynchronizer$ConditionNode::block (15 bytes)
Event: 23.049 Thread 0x0000028e489f2cb0 nmethod 755 0x0000028e34534f90 code [0x0000028e34535160, 0x0000028e345355a8]
Event: 23.049 Thread 0x0000028e489f2cb0  756       3       java.util.concurrent.locks.LockSupport::park (9 bytes)
Event: 23.049 Thread 0x0000028e489f2cb0 nmethod 756 0x0000028e34535710 code [0x0000028e345358c0, 0x0000028e34535a08]
Event: 23.957 Thread 0x0000028e489f2cb0  757   !   3       java.util.concurrent.ForkJoinPool::managedBlock (158 bytes)
Event: 23.959 Thread 0x0000028e489f2cb0 nmethod 757 0x0000028e34535a90 code [0x0000028e34535da0, 0x0000028e34537638]
Event: 23.997 Thread 0x0000028e489f1a20  758       4       java.util.ArrayList$Itr::hasNext (20 bytes)
Event: 23.998 Thread 0x0000028e489f1a20 nmethod 758 0x0000028e3b93e090 code [0x0000028e3b93e220, 0x0000028e3b93e2b8]
Event: 24.069 Thread 0x0000028e489f2cb0  759       3       java.awt.Component::updateCursorImmediately (55 bytes)
Event: 24.069 Thread 0x0000028e489f2cb0 nmethod 759 0x0000028e34537c90 code [0x0000028e34537ec0, 0x0000028e345387b8]
Event: 24.069 Thread 0x0000028e489f2cb0  760       3       sun.awt.windows.WComponentPeer::updateCursorImmediately (7 bytes)
Event: 24.070 Thread 0x0000028e489f2cb0 nmethod 760 0x0000028e34538990 code [0x0000028e34538b80, 0x0000028e345390b8]
Event: 24.165 Thread 0x0000028e489f2cb0  761   !   3       java.awt.event.InvocationEvent::finishedDispatching (53 bytes)
Event: 24.165 Thread 0x0000028e489f2cb0 nmethod 761 0x0000028e34539290 code [0x0000028e34539460, 0x0000028e345397f8]
Event: 826.263 Thread 0x0000028e489f1a20  762       4       jdk.internal.org.objectweb.asm.ByteVector::putShort (52 bytes)
Event: 826.265 Thread 0x0000028e489f2cb0  763       3       java.util.AbstractList::<init> (10 bytes)

GC Heap History (0 events):
No events

Deoptimization events (0 events):
No events

Classes unloaded (0 events):
No events

Classes redefined (0 events):
No events

Internal exceptions (13 events):
Event: 0.121 Thread 0x0000028e2c6b7a70 Exception <a 'java/lang/NoSuchMethodError'{0x00000000a9018b30}: 'void java.lang.invoke.DirectMethodHandle$Holder.invokeSpecial(java.lang.Object, java.lang.Object, java.lang.Object)'> (0x00000000a9018b30) 
thrown [t:\workspace\open\src\hotspot\share\interpreter\linkResolver.cpp, line 790]
Event: 0.150 Thread 0x0000028e2c6b7a70 Exception <a 'java/lang/ClassNotFoundException'{0x00000000a90392e0}: sun/awt/resources/spi/awtProvider> (0x00000000a90392e0) 
thrown [t:\workspace\open\src\hotspot\share\classfile\systemDictionary.cpp, line 256]
Event: 0.203 Thread 0x0000028e2c6b7a70 Exception <a 'java/io/FileNotFoundException'{0x00000000a9093f28}> (0x00000000a9093f28) 
thrown [t:\workspace\open\src\hotspot\share\prims\jni.cpp, line 579]
Event: 0.225 Thread 0x0000028e2c6b7a70 Exception <a 'java/io/FileNotFoundException'{0x00000000a90c27d0}> (0x00000000a90c27d0) 
thrown [t:\workspace\open\src\hotspot\share\prims\jni.cpp, line 579]
Event: 0.226 Thread 0x0000028e2c6b7a70 Exception <a 'java/lang/NoSuchMethodError'{0x00000000a90c39c8}: 'java.lang.Object java.lang.invoke.DirectMethodHandle$Holder.invokeStatic(java.lang.Object)'> (0x00000000a90c39c8) 
thrown [t:\workspace\open\src\hotspot\share\interpreter\linkResolver.cpp, line 790]
Event: 0.305 Thread 0x0000028e2c6b7a70 Exception <a 'java/lang/NoSuchMethodError'{0x00000000a8f199c0}: 'java.lang.Object java.lang.invoke.DirectMethodHandle$Holder.invokeStaticInit(java.lang.Object)'> (0x00000000a8f199c0) 
thrown [t:\workspace\open\src\hotspot\share\interpreter\linkResolver.cpp, line 790]
Event: 0.385 Thread 0x0000028e2c6b7a70 Exception <a 'java/lang/NoSuchMethodError'{0x00000000a8fcdd20}: 'java.lang.Object java.lang.invoke.DirectMethodHandle$Holder.newInvokeSpecial(java.lang.Object, java.lang.Object, java.lang.Object, java.lang.Object, java.lang.Object)'> (0x00000000a8fcdd20) 
thrown [t:\workspace\open\src\hotspot\share\interpreter\linkResolver.cpp, line 790]
Event: 0.389 Thread 0x0000028e2c6b7a70 Exception <a 'java/lang/NoSuchMethodError'{0x00000000a8fd9808}: 'java.lang.Object java.lang.invoke.DirectMethodHandle$Holder.invokeStatic(java.lang.Object, int, java.lang.Object, java.lang.Object, java.lang.Object, java.lang.Object)'> (0x00000000a8fd9808) 
thrown [t:\workspace\open\src\hotspot\share\interpreter\linkResolver.cpp, line 790]
Event: 0.400 Thread 0x0000028e2c6b7a70 Exception <a 'java/lang/NoSuchMethodError'{0x00000000a8fff8d0}: 'java.lang.Object java.lang.invoke.DirectMethodHandle$Holder.invokeStatic(java.lang.Object, int, java.lang.Object)'> (0x00000000a8fff8d0) 
thrown [t:\workspace\open\src\hotspot\share\interpreter\linkResolver.cpp, line 790]
Event: 0.463 Thread 0x0000028e2c6b7a70 Exception <a 'java/lang/ClassNotFoundException'{0x00000000a8eb8298}: com/sun/swing/internal/plaf/metal/resources/spi/metalProvider> (0x00000000a8eb8298) 
thrown [t:\workspace\open\src\hotspot\share\classfile\systemDictionary.cpp, line 256]
Event: 0.465 Thread 0x0000028e2c6b7a70 Exception <a 'java/lang/ClassNotFoundException'{0x00000000a8ebc330}: com/sun/swing/internal/plaf/basic/resources/spi/basicProvider> (0x00000000a8ebc330) 
thrown [t:\workspace\open\src\hotspot\share\classfile\systemDictionary.cpp, line 256]
Event: 0.532 Thread 0x0000028e2c6b7a70 Exception <a 'java/lang/NoSuchMethodError'{0x00000000a8ef6c30}: 'void java.lang.invoke.DirectMethodHandle$Holder.invokeStaticInit(java.lang.Object)'> (0x00000000a8ef6c30) 
thrown [t:\workspace\open\src\hotspot\share\interpreter\linkResolver.cpp, line 790]
Event: 0.632 Thread 0x0000028e4966a560 Exception <a 'java/lang/NoSuchMethodError'{0x00000000a8f537f8}: 'void java.lang.invoke.DirectMethodHandle$Holder.invokeVirtual(java.lang.Object, java.lang.Object)'> (0x00000000a8f537f8) 
thrown [t:\workspace\open\src\hotspot\share\interpreter\linkResolver.cpp, line 790]

Events (20 events):
Event: 7.314 loading class java/applet/Applet
Event: 7.314 loading class java/awt/Panel
Event: 7.314 loading class java/awt/Panel done
Event: 7.314 loading class java/applet/Applet done
Event: 7.314 loading class javax/swing/KeyboardManager
Event: 7.314 loading class javax/swing/KeyboardManager done
Event: 7.315 loading class javax/swing/Popup$HeavyWeightWindow
Event: 7.315 loading class sun/awt/ModalExclude
Event: 7.315 loading class sun/awt/ModalExclude done
Event: 7.315 loading class javax/swing/JWindow
Event: 7.315 loading class javax/swing/JWindow done
Event: 7.315 loading class javax/swing/Popup$HeavyWeightWindow done
Event: 7.616 Executing  VM operation: Cleanup
Event: 7.616 Executing  VM operation: Cleanup done
Event: 8.630 Executing  VM operation: Cleanup
Event: 8.630 Executing  VM operation: Cleanup done
Event: 19.741 Executing  VM operation: Cleanup
Event: 19.742 Executing  VM operation: Cleanup done
Event: 24.794 Executing  VM operation: Cleanup
Event: 24.794 Executing  VM operation: Cleanup done


Dynamic libraries:
0x00007ff68b7f0000 - 0x00007ff68b800000 	C:\Program Files\Java\jdk-16.0.2\bin\javaw.exe
0x00007ffc4be50000 - 0x00007ffc4c045000 	C:\WINDOWS\SYSTEM32\ntdll.dll
0x00007ffc4aa40000 - 0x00007ffc4aafe000 	C:\WINDOWS\System32\KERNEL32.DLL
0x00007ffc49ae0000 - 0x00007ffc49da8000 	C:\WINDOWS\System32\KERNELBASE.dll
0x00007ffc49670000 - 0x00007ffc49770000 	C:\WINDOWS\System32\ucrtbase.dll
0x00007ffc442e0000 - 0x00007ffc442f9000 	C:\Program Files\Java\jdk-16.0.2\bin\VCRUNTIME140.dll
0x00007ffc44090000 - 0x00007ffc440a8000 	C:\Program Files\Java\jdk-16.0.2\bin\jli.dll
0x00007ffc4b330000 - 0x00007ffc4b3de000 	C:\WINDOWS\System32\ADVAPI32.dll
0x00007ffc4a000000 - 0x00007ffc4a09e000 	C:\WINDOWS\System32\msvcrt.dll
0x00007ffc49f40000 - 0x00007ffc49fdc000 	C:\WINDOWS\System32\sechost.dll
0x00007ffc4b140000 - 0x00007ffc4b265000 	C:\WINDOWS\System32\RPCRT4.dll
0x00007ffc4a140000 - 0x00007ffc4a2e1000 	C:\WINDOWS\System32\USER32.dll
0x00007ffc3be90000 - 0x00007ffc3c12a000 	C:\WINDOWS\WinSxS\amd64_microsoft.windows.common-controls_6595b64144ccf1df_6.0.19041.1110_none_60b5254171f9507e\COMCTL32.dll
0x00007ffc49e60000 - 0x00007ffc49e82000 	C:\WINDOWS\System32\win32u.dll
0x00007ffc4a300000 - 0x00007ffc4a32b000 	C:\WINDOWS\System32\GDI32.dll
0x00007ffc49560000 - 0x00007ffc4966d000 	C:\WINDOWS\System32\gdi32full.dll
0x00007ffc49770000 - 0x00007ffc4980d000 	C:\WINDOWS\System32\msvcp_win.dll
0x00007ffc3af90000 - 0x00007ffc3af9a000 	C:\WINDOWS\SYSTEM32\VERSION.dll
0x00007ffc4aa10000 - 0x00007ffc4aa40000 	C:\WINDOWS\System32\IMM32.DLL
0x00007ffc46b30000 - 0x00007ffc46b3c000 	C:\Program Files\Java\jdk-16.0.2\bin\vcruntime140_1.dll
0x00007ffc3cfd0000 - 0x00007ffc3d061000 	C:\Program Files\Java\jdk-16.0.2\bin\msvcp140.dll
0x00007ffc1c7b0000 - 0x00007ffc1d35b000 	C:\Program Files\Java\jdk-16.0.2\bin\server\jvm.dll
0x00007ffc4a0a0000 - 0x00007ffc4a0a8000 	C:\WINDOWS\System32\PSAPI.DLL
0x00007ffc44fe0000 - 0x00007ffc44fe9000 	C:\WINDOWS\SYSTEM32\WSOCK32.dll
0x00007ffc4b0d0000 - 0x00007ffc4b13b000 	C:\WINDOWS\System32\WS2_32.dll
0x00007ffc36660000 - 0x00007ffc36687000 	C:\WINDOWS\SYSTEM32\WINMM.dll
0x00007ffc47450000 - 0x00007ffc47462000 	C:\WINDOWS\SYSTEM32\kernel.appcore.dll
0x00007ffc44f70000 - 0x00007ffc44f7a000 	C:\Program Files\Java\jdk-16.0.2\bin\jimage.dll
0x00007ffc389d0000 - 0x00007ffc38bb4000 	C:\WINDOWS\SYSTEM32\DBGHELP.DLL
0x00007ffc389a0000 - 0x00007ffc389cc000 	C:\WINDOWS\SYSTEM32\dbgcore.DLL
0x00007ffc498c0000 - 0x00007ffc49942000 	C:\WINDOWS\System32\bcryptPrimitives.dll
0x00007ffc42890000 - 0x00007ffc428b5000 	C:\Program Files\Java\jdk-16.0.2\bin\java.dll
0x00007ffc4b6c0000 - 0x00007ffc4be04000 	C:\WINDOWS\System32\SHELL32.dll
0x00007ffc47650000 - 0x00007ffc47de5000 	C:\WINDOWS\SYSTEM32\windows.storage.dll
0x00007ffc4ad00000 - 0x00007ffc4b055000 	C:\WINDOWS\System32\combase.dll
0x00007ffc48fb0000 - 0x00007ffc48fde000 	C:\WINDOWS\SYSTEM32\Wldp.dll
0x00007ffc4a460000 - 0x00007ffc4a50d000 	C:\WINDOWS\System32\SHCORE.dll
0x00007ffc4b270000 - 0x00007ffc4b2c5000 	C:\WINDOWS\System32\shlwapi.dll
0x00007ffc494a0000 - 0x00007ffc494bf000 	C:\WINDOWS\SYSTEM32\profapi.dll
0x00007ffc1c080000 - 0x00007ffc1c200000 	C:\Program Files\Java\jdk-16.0.2\bin\awt.dll
0x00007ffc4b3e0000 - 0x00007ffc4b4ad000 	C:\WINDOWS\System32\OLEAUT32.dll
0x00007ffc46d90000 - 0x00007ffc46e20000 	C:\WINDOWS\SYSTEM32\apphelp.dll
0x00007ffc47160000 - 0x00007ffc4718f000 	C:\WINDOWS\system32\DWMAPI.DLL
0x00007ffc46f50000 - 0x00007ffc46fee000 	C:\WINDOWS\system32\uxtheme.dll
0x00007ffc1bd50000 - 0x00007ffc1be75000 	C:\WINDOWS\system32\opengl32.dll
0x00007ffc2d6c0000 - 0x00007ffc2d6ec000 	C:\WINDOWS\SYSTEM32\GLU32.dll
0x00007ffc4abe0000 - 0x00007ffc4acf5000 	C:\WINDOWS\System32\MSCTF.dll
0x00007ffc4a330000 - 0x00007ffc4a45a000 	C:\WINDOWS\System32\ole32.dll
0x00007ffc2b1a0000 - 0x00007ffc2b229000 	C:\Program Files\Java\jdk-16.0.2\bin\freetype.dll
0x00007ffc1e780000 - 0x00007ffc1e876000 	C:\Program Files\Java\jdk-16.0.2\bin\harfbuzz.dll
0x00007ffc2ef10000 - 0x00007ffc2ef22000 	C:\Program Files\Java\jdk-16.0.2\bin\fontmanager.dll
0x00007ffc40190000 - 0x00007ffc40289000 	C:\WINDOWS\SYSTEM32\textinputframework.dll
0x00007ffc46710000 - 0x00007ffc46a6e000 	C:\WINDOWS\System32\CoreUIComponents.dll
0x00007ffc46b50000 - 0x00007ffc46c42000 	C:\WINDOWS\System32\CoreMessaging.dll
0x00007ffc48370000 - 0x00007ffc483a3000 	C:\WINDOWS\SYSTEM32\ntmarta.dll
0x00007ffc46040000 - 0x00007ffc46194000 	C:\WINDOWS\SYSTEM32\wintypes.dll

dbghelp: loaded successfully - version: 4.0.5 - missing functions: none
symbol engine: initialized successfully - sym options: 0x614 - pdb path: .;C:\Program Files\Java\jdk-16.0.2\bin;C:\WINDOWS\SYSTEM32;C:\WINDOWS\WinSxS\amd64_microsoft.windows.common-controls_6595b64144ccf1df_6.0.19041.1110_none_60b5254171f9507e;C:\Program Files\Java\jdk-16.0.2\bin\server

VM Arguments:
jvm_args: -Dfile.encoding=Cp1252 -XX:+ShowCodeDetailsInExceptionMessages 
java_command: Drawing
java_class_path (initial): C:\Users\miko\eclipse-workspace\LabExer9\bin
Launcher Type: SUN_STANDARD

[Global flags]
     intx CICompilerCount                          = 3                                         {product} {ergonomic}
     uint ConcGCThreads                            = 1                                         {product} {ergonomic}
     uint G1ConcRefinementThreads                  = 4                                         {product} {ergonomic}
   size_t G1HeapRegionSize                         = 1048576                                   {product} {ergonomic}
    uintx GCDrainStackTargetSize                   = 64                                        {product} {ergonomic}
   size_t InitialHeapSize                          = 98566144                                  {product} {ergonomic}
   size_t MarkStackSize                            = 4194304                                   {product} {ergonomic}
   size_t MaxHeapSize                              = 1556086784                                {product} {ergonomic}
   size_t MaxNewSize                               = 933232640                                 {product} {ergonomic}
   size_t MinHeapDeltaBytes                        = 1048576                                   {product} {ergonomic}
   size_t MinHeapSize                              = 8388608                                   {product} {ergonomic}
    uintx NonNMethodCodeHeapSize                   = 5832780                                {pd product} {ergonomic}
    uintx NonProfiledCodeHeapSize                  = 122912730                              {pd product} {ergonomic}
    uintx ProfiledCodeHeapSize                     = 122912730                              {pd product} {ergonomic}
    uintx ReservedCodeCacheSize                    = 251658240                              {pd product} {ergonomic}
     bool SegmentedCodeCache                       = true                                      {product} {ergonomic}
     bool ShowCodeDetailsInExceptionMessages       = true                                   {manageable} {command line}
   size_t SoftMaxHeapSize                          = 1556086784                             {manageable} {ergonomic}
     bool UseCompressedClassPointers               = true                           {product lp64_product} {ergonomic}
     bool UseCompressedOops                        = true                           {product lp64_product} {ergonomic}
     bool UseG1GC                                  = true                                      {product} {ergonomic}
     bool UseLargePagesIndividualAllocation        = false                                  {pd product} {ergonomic}

Logging:
Log output configuration:
 #0: stdout all=warning uptime,level,tags
 #1: stderr all=off uptime,level,tags

Environment Variables:
PATH=C:\Program Files\Python310\Scripts\;C:\Program Files\Python310\;C:\Program Files\Common Files\Oracle\Java\javapath;C:\WINDOWS\system32;C:\WINDOWS;C:\WINDOWS\System32\Wbem;C:\WINDOWS\System32\WindowsPowerShell\v1.0\;C:\WINDOWS\System32\OpenSSH\;C:\Users\miko\AppData\Local\Microsoft\WindowsApps;C:\adb;C:\Program Files\nodejs\;C:\Users\miko\AppData\Local\Microsoft\WindowsApps;C:\Users\miko\AppData\Roaming\npm;C:\Users\miko\AppData\Local\Programs\Microsoft VS Code\bin
USERNAME=miko
OS=Windows_NT
PROCESSOR_IDENTIFIER=Intel64 Family 6 Model 37 Stepping 5, GenuineIntel



---------------  S Y S T E M  ---------------

OS:
 Windows 10 , 64 bit Build 19041 (10.0.19041.1466)
OS uptime: 1 days 21:52 hours

CPU: total 4 (initial active 4) (2 cores per cpu, 2 threads per core) family 6 model 37 stepping 5 microcode 0x7, cx8, cmov, fxsr, ht, mmx, sse, sse2, sse3, ssse3, sse4.1, sse4.2, popcnt, tsc, tscinvbit, clflush

Memory: 4k page, system-wide physical 5933M (1271M free)
TotalPageFile size 16685M (AvailPageFile size 148M)
current process WorkingSet (physical memory assigned to process): 48M, peak: 57M
current process commit charge ("private bytes"): 174M, peak: 178M

vm_info: Java HotSpot(TM) 64-Bit Server VM (16.0.2+7-67) for windows-amd64 JRE (16.0.2+7-67), built on Jun  8 2021 23:24:19 by "mach5one" with MS VC++ 16.7 (VS2019)

END.
