#
# A fatal error has been detected by the Java Runtime Environment:
#
#  EXCEPTION_ACCESS_VIOLATION (0xc0000005) at pc=0x00007ffc1c152a08, pid=5632, tid=6432
#
# JRE version: Java(TM) SE Runtime Environment (16.0.2+7) (build 16.0.2+7-67)
# Java VM: Java HotSpot(TM) 64-Bit Server VM (16.0.2+7-67, mixed mode, sharing, tiered, compressed oops, compressed class ptrs, g1 gc, windows-amd64)
# Problematic frame:
# C  [awt.dll+0xd2a08]
#
# No core dump will be written. Minidumps are not enabled by default on client versions of Windows
#
# If you would like to submit a bug report, please visit:
#   https://bugreport.java.com/bugreport/crash.jsp
# The crash happened outside the Java Virtual Machine in native code.
# See problematic frame for where to report the bug.
#

---------------  S U M M A R Y ------------

Command Line: -Dfile.encoding=Cp1252 -XX:+ShowCodeDetailsInExceptionMessages Drawing

Host: Intel(R) Core(TM) i3 CPU       M 370  @ 2.40GHz, 4 cores, 5G,  Windows 10 , 64 bit Build 19041 (10.0.19041.1466)
Time: Tue Jan 25 13:53:54 2022 GMT Standard Time elapsed time: 1074.669608 seconds (0d 0h 17m 54s)

---------------  T H R E A D  ---------------

Current thread (0x00000206d67d0c00):  JavaThread "AWT-EventQueue-0" [_thread_in_native, id=6432, stack(0x000000422c100000,0x000000422c200000)]

Stack: [0x000000422c100000,0x000000422c200000],  sp=0x000000422c1fea90,  free space=1018k
Native frames: (J=compiled Java code, j=interpreted, Vv=VM code, C=native code)
C  [awt.dll+0xd2a08]

Java frames: (J=compiled Java code, j=interpreted, Vv=VM code)
j  sun.awt.Win32GraphicsDevice.initNativeScale(I)V+0 java.desktop@16.0.2
j  sun.awt.Win32GraphicsDevice.initScaleFactors()V+60 java.desktop@16.0.2
j  sun.awt.Win32GraphicsDevice.displayChanged()V+16 java.desktop@16.0.2
j  sun.awt.Win32GraphicsEnvironment.displayChanged()V+271 java.desktop@16.0.2
j  sun.awt.windows.WToolkit.lambda$displayChanged$4()V+15 java.desktop@16.0.2
j  sun.awt.windows.WToolkit$$Lambda$123+0x0000000800c97970.run()V+0 java.desktop@16.0.2
j  java.awt.event.InvocationEvent.dispatch()V+47 java.desktop@16.0.2
j  java.awt.EventQueue.dispatchEventImpl(Ljava/awt/AWTEvent;Ljava/lang/Object;)V+21 java.desktop@16.0.2
j  java.awt.EventQueue$4.run()Ljava/lang/Void;+32 java.desktop@16.0.2
j  java.awt.EventQueue$4.run()Ljava/lang/Object;+1 java.desktop@16.0.2
J 558 c1 java.security.AccessController.executePrivileged(Ljava/security/PrivilegedAction;Ljava/security/AccessControlContext;Ljava/lang/Class;)Ljava/lang/Object; java.base@16.0.2 (65 bytes) @ 0x00000206c15abd44 [0x00000206c15abbe0+0x0000000000000164]
j  java.security.AccessController.doPrivileged(Ljava/security/PrivilegedAction;Ljava/security/AccessControlContext;)Ljava/lang/Object;+13 java.base@16.0.2
j  java.security.ProtectionDomain$JavaSecurityAccessImpl.doIntersectionPrivilege(Ljava/security/PrivilegedAction;Ljava/security/AccessControlContext;Ljava/security/AccessControlContext;)Ljava/lang/Object;+18 java.base@16.0.2
j  java.awt.EventQueue.dispatchEvent(Ljava/awt/AWTEvent;)V+46 java.desktop@16.0.2
j  java.awt.EventDispatchThread.pumpOneEventForFilters(I)V+78 java.desktop@16.0.2
j  java.awt.EventDispatchThread.pumpEventsForFilter(ILjava/awt/Conditional;Ljava/awt/EventFilter;)V+35 java.desktop@16.0.2
j  java.awt.EventDispatchThread.pumpEventsForHierarchy(ILjava/awt/Conditional;Ljava/awt/Component;)V+11 java.desktop@16.0.2
j  java.awt.EventDispatchThread.pumpEvents(ILjava/awt/Conditional;)V+4 java.desktop@16.0.2
j  java.awt.EventDispatchThread.pumpEvents(Ljava/awt/Conditional;)V+3 java.desktop@16.0.2
j  java.awt.EventDispatchThread.run()V+9 java.desktop@16.0.2
v  ~StubRoutines::call_stub

siginfo: EXCEPTION_ACCESS_VIOLATION (0xc0000005), reading address 0xffffffffffffffff


Register to memory mapping:

RIP=0x00007ffc1c152a08 awt.dll
RAX=0x000000422c1feab8 is pointing into the stack for thread: 0x00000206d67d0c00
RBX=0x00000206d67e6950 points into unknown readable memory: 0x00000206d67c64e0 | e0 64 7c d6 06 02 00 00
RCX=0x4400736c61757165 is an unknown value
RDX=0x0 is NULL
RSP=0x000000422c1fea90 is pointing into the stack for thread: 0x00000206d67d0c00
RBP=0x000000422c1feb70 is pointing into the stack for thread: 0x00000206d67d0c00
RSI=0x0000000000000158 is an unknown value
RDI=0x0 is NULL
R8 =0x0000000000000001 is an unknown value
R9 =0x00000000000000dd is an unknown value
R10=0x00000206c0f4dba1 is at code_begin+961 in an Interpreter codelet
method entry point (kind = native)  [0x00000206c0f4d7e0, 0x00000206c0f4e180]  2464 bytes
R11=0x0000000000000100 is an unknown value
R12=0x0 is NULL
R13={method} {0x00000206d5e04c90} 'initNativeScale' '(I)V' in 'sun/awt/Win32GraphicsDevice'
R14=0x000000422c1feb98 is pointing into the stack for thread: 0x00000206d67d0c00
R15=0x00000206d67d0c00 is a thread


Registers:
RAX=0x000000422c1feab8, RBX=0x00000206d67e6950, RCX=0x4400736c61757165, RDX=0x0000000000000000
RSP=0x000000422c1fea90, RBP=0x000000422c1feb70, RSI=0x0000000000000158, RDI=0x0000000000000000
R8 =0x0000000000000001, R9 =0x00000000000000dd, R10=0x00000206c0f4dba1, R11=0x0000000000000100
R12=0x0000000000000000, R13=0x00000206d5e04c88, R14=0x000000422c1feb98, R15=0x00000206d67d0c00
RIP=0x00007ffc1c152a08, EFLAGS=0x0000000000010206

Top of Stack: (sp=0x000000422c1fea90)
0x000000422c1fea90:   00000206d5af9e70 00000000000003d8
0x000000422c1feaa0:   00000206d67e6950 0000000000000158
0x000000422c1feab0:   00000206d67e6950 00007ffc1c153e5a
0x000000422c1feac0:   00007ffc1c1ac838 00000206d5e04c88
0x000000422c1fead0:   000000422c1fec58 00000206c0f4966b
0x000000422c1feae0:   00000206c0f4966b 00000206c0f4dbcd
0x000000422c1feaf0:   00000206d5e04c88 000000422c1feb70
0x000000422c1feb00:   000000422c1fec58 00007ffc1cdcfbc4
0x000000422c1feb10:   00000206d61b6918 000000422c1feb70
0x000000422c1feb20:   0000000000000000 000000422c1feb28
0x000000422c1feb30:   0000000000000000 000000422c1feb98
0x000000422c1feb40:   00000206d5e07660 0000000000000000
0x000000422c1feb50:   00000000a8f17288 00000206d5e04c88
0x000000422c1feb60:   0000000000000000 000000422c1feb90
0x000000422c1feb70:   000000422c1febe8 00000206c0f49512
0x000000422c1feb80:   0000000000000000 00000206c0f4b2b8 

Instructions: (pc=0x00007ffc1c152a08)
0x00007ffc1c152908:   38 41 b8 01 00 00 00 8b d7 48 8b c8 e8 27 59 f5
0x00007ffc1c152918:   ff 48 8b 48 08 33 ff 48 85 c9 74 07 48 8b b9 08
0x00007ffc1c152928:   0c 00 00 48 8b cb e8 8d 5a f5 ff 90 48 8b c7 48
0x00007ffc1c152938:   8b 5c 24 30 48 83 c4 20 5f c3 cc cc f3 0f 10 41
0x00007ffc1c152948:   48 c3 cc cc f3 0f 10 41 4c c3 cc cc 48 89 5c 24
0x00007ffc1c152958:   08 48 89 74 24 18 57 48 83 ec 20 48 8b f1 ba 02
0x00007ffc1c152968:   00 01 00 48 8b 0d 86 64 06 00 e8 48 ec 00 00 48
0x00007ffc1c152978:   8b d8 e8 41 59 f5 ff 48 85 c0 75 08 48 8b cb e8
0x00007ffc1c152988:   14 5b f5 ff e8 2f 59 f5 ff 48 8b d8 48 89 44 24
0x00007ffc1c152998:   38 33 ff 39 78 0c 7e 27 41 b8 01 00 00 00 8b d7
0x00007ffc1c1529a8:   48 8b cb e8 90 58 f5 ff 48 8b 50 28 48 8b ce e8
0x00007ffc1c1529b8:   08 f7 ff ff 85 c0 75 0d ff c7 3b 7b 0c 7c d9 8b
0x00007ffc1c1529c8:   3d 83 69 06 00 48 8b cb e8 eb 59 f5 ff 90 8b c7
0x00007ffc1c1529d8:   48 8b 5c 24 30 48 8b 74 24 40 48 83 c4 20 5f c3
0x00007ffc1c1529e8:   48 8b 41 08 48 8b 80 18 0c 00 00 c3 48 8b 41 08
0x00007ffc1c1529f8:   48 05 00 04 00 00 c3 cc 48 8b c4 53 48 83 ec 20
0x00007ffc1c152a08:   83 79 50 00 48 8b d9 75 52 48 8b 49 28 4c 8d 40
0x00007ffc1c152a18:   10 48 8d 50 08 c7 40 08 00 00 80 bf c7 40 10 00
0x00007ffc1c152a28:   00 80 bf e8 94 cc 00 00 f3 0f 10 54 24 30 0f 57
0x00007ffc1c152a38:   c0 0f 2f d0 76 25 f3 0f 10 4c 24 38 0f 2f c8 76
0x00007ffc1c152a48:   1a f3 0f 5e 15 73 82 02 00 f3 0f 5e 0d 6b 82 02
0x00007ffc1c152a58:   00 f3 0f 11 53 48 f3 0f 11 4b 4c 48 83 c4 20 5b
0x00007ffc1c152a68:   c3 cc cc cc 48 89 5c 24 10 48 89 74 24 18 57 41
0x00007ffc1c152a78:   54 41 56 48 83 ec 40 48 8b d9 48 8b 41 18 33 ff
0x00007ffc1c152a88:   48 85 c0 75 18 b9 28 04 00 00 e8 c5 87 00 00 48
0x00007ffc1c152a98:   89 43 18 c7 00 28 00 00 00 48 8b 43 18 66 89 78
0x00007ffc1c152aa8:   0e 48 8b 4b 28 e8 2a 03 00 00 48 8b f0 41 bc 01
0x00007ffc1c152ab8:   00 00 00 45 8b c4 41 8b d4 48 8b c8 ff 15 06 2a
0x00007ffc1c152ac8:   06 00 4c 8b f0 89 7c 24 30 48 8b 4b 18 48 89 4c
0x00007ffc1c152ad8:   24 28 48 89 7c 24 20 45 8b cc 45 33 c0 48 8b d0
0x00007ffc1c152ae8:   48 8b ce ff 15 c7 2a 06 00 48 8b 0b 48 8b 53 30
0x00007ffc1c152af8:   45 8d 44 24 07 44 39 41 04 0f 8e ca 01 00 00 44 


Stack slot to memory mapping:
stack at sp + 0 slots: 0x00000206d5af9e70 points into unknown readable memory: 0x00000206d67db83c | 3c b8 7d d6 06 02 00 00
stack at sp + 1 slots: 0x00000000000003d8 is an unknown value
stack at sp + 2 slots: 0x00000206d67e6950 points into unknown readable memory: 0x00000206d67c64e0 | e0 64 7c d6 06 02 00 00
stack at sp + 3 slots: 0x0000000000000158 is an unknown value
stack at sp + 4 slots: 0x00000206d67e6950 points into unknown readable memory: 0x00000206d67c64e0 | e0 64 7c d6 06 02 00 00
stack at sp + 5 slots: 0x00007ffc1c153e5a awt.dll
stack at sp + 6 slots: 0x00007ffc1c1ac838 awt.dll
stack at sp + 7 slots: {method} {0x00000206d5e04c90} 'initNativeScale' '(I)V' in 'sun/awt/Win32GraphicsDevice'


---------------  P R O C E S S  ---------------

Threads class SMR info:
_java_thread_list=0x00000206d68052a0, length=16, elements={
0x00000206b9892580, 0x00000206b9897d90, 0x00000206d5aca980, 0x00000206d5acd2a0,
0x00000206d5acdbb0, 0x00000206d5ace4c0, 0x00000206d5acf1b0, 0x00000206d5b3ae00,
0x00000206d5b3fb20, 0x00000206d6561ff0, 0x00000206d656b6e0, 0x00000206d6758930,
0x00000206d675bd20, 0x00000206d675f330, 0x00000206d67d0c00, 0x00000206b97b6f00
}

Java Threads: ( => current thread )
  0x00000206b9892580 JavaThread "Reference Handler" daemon [_thread_blocked, id=6480, stack(0x000000422b200000,0x000000422b300000)]
  0x00000206b9897d90 JavaThread "Finalizer" daemon [_thread_blocked, id=9968, stack(0x000000422b300000,0x000000422b400000)]
  0x00000206d5aca980 JavaThread "Signal Dispatcher" daemon [_thread_blocked, id=14596, stack(0x000000422b400000,0x000000422b500000)]
  0x00000206d5acd2a0 JavaThread "Attach Listener" daemon [_thread_blocked, id=4468, stack(0x000000422b500000,0x000000422b600000)]
  0x00000206d5acdbb0 JavaThread "Service Thread" daemon [_thread_blocked, id=16104, stack(0x000000422b600000,0x000000422b700000)]
  0x00000206d5ace4c0 JavaThread "Monitor Deflation Thread" daemon [_thread_blocked, id=11412, stack(0x000000422b700000,0x000000422b800000)]
  0x00000206d5acf1b0 JavaThread "C2 CompilerThread0" daemon [_thread_blocked, id=5624, stack(0x000000422b800000,0x000000422b900000)]
  0x00000206d5b3ae00 JavaThread "C1 CompilerThread0" daemon [_thread_blocked, id=8288, stack(0x000000422b900000,0x000000422ba00000)]
  0x00000206d5b3fb20 JavaThread "Sweeper thread" daemon [_thread_blocked, id=12728, stack(0x000000422ba00000,0x000000422bb00000)]
  0x00000206d6561ff0 JavaThread "Notification Thread" daemon [_thread_blocked, id=6840, stack(0x000000422bb00000,0x000000422bc00000)]
  0x00000206d656b6e0 JavaThread "Common-Cleaner" daemon [_thread_blocked, id=17252, stack(0x000000422bd00000,0x000000422be00000)]
  0x00000206d6758930 JavaThread "Java2D Disposer" daemon [_thread_blocked, id=10300, stack(0x000000422be00000,0x000000422bf00000)]
  0x00000206d675bd20 JavaThread "AWT-Shutdown" [_thread_blocked, id=3044, stack(0x000000422bf00000,0x000000422c000000)]
  0x00000206d675f330 JavaThread "AWT-Windows" daemon [_thread_in_native, id=5756, stack(0x000000422c000000,0x000000422c100000)]
=>0x00000206d67d0c00 JavaThread "AWT-EventQueue-0" [_thread_in_native, id=6432, stack(0x000000422c100000,0x000000422c200000)]
  0x00000206b97b6f00 JavaThread "DestroyJavaVM" [_thread_blocked, id=10944, stack(0x000000422aa00000,0x000000422ab00000)]

Other Threads:
  0x00000206b988e280 VMThread "VM Thread" [stack: 0x000000422b100000,0x000000422b200000] [id=16744]
  0x00000206d5b9ecc0 WatcherThread [stack: 0x000000422bc00000,0x000000422bd00000] [id=15856]
  0x00000206b97ef960 GCTaskThread "GC Thread#0" [stack: 0x000000422ac00000,0x000000422ad00000] [id=3120]
  0x00000206b97fd340 ConcurrentGCThread "G1 Main Marker" [stack: 0x000000422ad00000,0x000000422ae00000] [id=3516]
  0x00000206b97fe620 ConcurrentGCThread "G1 Conc#0" [stack: 0x000000422ae00000,0x000000422af00000] [id=11024]
  0x00000206b985f380 ConcurrentGCThread "G1 Refine#0" [stack: 0x000000422af00000,0x000000422b000000] [id=7748]
  0x00000206b98604b0 ConcurrentGCThread "G1 Service" [stack: 0x000000422b000000,0x000000422b100000] [id=16928]

Threads with active compile tasks:

VM state: not at safepoint (normal execution)

VM Mutex/Monitor currently owned by a thread: None

Heap address: 0x00000000a3400000, size: 1484 MB, Compressed Oops mode: 32-bit

CDS archive(s) mapped at: [0x0000000800000000-0x0000000800bb0000-0x0000000800bb0000), size 12255232, SharedBaseAddress: 0x0000000800000000, ArchiveRelocationMode: 0.
Compressed class space mapped at: 0x0000000800c00000-0x0000000840c00000, reserved size: 1073741824
Narrow klass base: 0x0000000800000000, Narrow klass shift: 3, Narrow klass range: 0x100000000

GC Precious Log:
 CPUs: 4 total, 4 available
 Memory: 5933M
 Large Page Support: Disabled
 NUMA Support: Disabled
 Compressed Oops: Enabled (32-bit)
 Heap Region Size: 1M
 Heap Min Capacity: 8M
 Heap Initial Capacity: 94M
 Heap Max Capacity: 1484M
 Pre-touch: Disabled
 Parallel Workers: 4
 Concurrent Workers: 1
 Concurrent Refinement Workers: 4
 Periodic GC: Disabled

Heap:
 garbage-first heap   total 96256K, used 4096K [0x00000000a3400000, 0x0000000100000000)
  region size 1024K, 5 young (5120K), 0 survivors (0K)
 Metaspace       used 5490K, committed 5696K, reserved 1056768K
  class space    used 584K, committed 704K, reserved 1048576K

Heap Regions: E=young(eden), S=young(survivor), O=old, HS=humongous(starts), HC=humongous(continues), CS=collection set, F=free, OA=open archive, CA=closed archive, TAMS=top-at-mark-start (previous, next)
|   0|0x00000000a3400000, 0x00000000a3400000, 0x00000000a3500000|  0%| F|  |TAMS 0x00000000a3400000, 0x00000000a3400000| Untracked 
|   1|0x00000000a3500000, 0x00000000a3500000, 0x00000000a3600000|  0%| F|  |TAMS 0x00000000a3500000, 0x00000000a3500000| Untracked 
|   2|0x00000000a3600000, 0x00000000a3600000, 0x00000000a3700000|  0%| F|  |TAMS 0x00000000a3600000, 0x00000000a3600000| Untracked 
|   3|0x00000000a3700000, 0x00000000a3700000, 0x00000000a3800000|  0%| F|  |TAMS 0x00000000a3700000, 0x00000000a3700000| Untracked 
|   4|0x00000000a3800000, 0x00000000a3800000, 0x00000000a3900000|  0%| F|  |TAMS 0x00000000a3800000, 0x00000000a3800000| Untracked 
|   5|0x00000000a3900000, 0x00000000a3900000, 0x00000000a3a00000|  0%| F|  |TAMS 0x00000000a3900000, 0x00000000a3900000| Untracked 
|   6|0x00000000a3a00000, 0x00000000a3a00000, 0x00000000a3b00000|  0%| F|  |TAMS 0x00000000a3a00000, 0x00000000a3a00000| Untracked 
|   7|0x00000000a3b00000, 0x00000000a3b00000, 0x00000000a3c00000|  0%| F|  |TAMS 0x00000000a3b00000, 0x00000000a3b00000| Untracked 
|   8|0x00000000a3c00000, 0x00000000a3c00000, 0x00000000a3d00000|  0%| F|  |TAMS 0x00000000a3c00000, 0x00000000a3c00000| Untracked 
|   9|0x00000000a3d00000, 0x00000000a3d00000, 0x00000000a3e00000|  0%| F|  |TAMS 0x00000000a3d00000, 0x00000000a3d00000| Untracked 
|  10|0x00000000a3e00000, 0x00000000a3e00000, 0x00000000a3f00000|  0%| F|  |TAMS 0x00000000a3e00000, 0x00000000a3e00000| Untracked 
|  11|0x00000000a3f00000, 0x00000000a3f00000, 0x00000000a4000000|  0%| F|  |TAMS 0x00000000a3f00000, 0x00000000a3f00000| Untracked 
|  12|0x00000000a4000000, 0x00000000a4000000, 0x00000000a4100000|  0%| F|  |TAMS 0x00000000a4000000, 0x00000000a4000000| Untracked 
|  13|0x00000000a4100000, 0x00000000a4100000, 0x00000000a4200000|  0%| F|  |TAMS 0x00000000a4100000, 0x00000000a4100000| Untracked 
|  14|0x00000000a4200000, 0x00000000a4200000, 0x00000000a4300000|  0%| F|  |TAMS 0x00000000a4200000, 0x00000000a4200000| Untracked 
|  15|0x00000000a4300000, 0x00000000a4300000, 0x00000000a4400000|  0%| F|  |TAMS 0x00000000a4300000, 0x00000000a4300000| Untracked 
|  16|0x00000000a4400000, 0x00000000a4400000, 0x00000000a4500000|  0%| F|  |TAMS 0x00000000a4400000, 0x00000000a4400000| Untracked 
|  17|0x00000000a4500000, 0x00000000a4500000, 0x00000000a4600000|  0%| F|  |TAMS 0x00000000a4500000, 0x00000000a4500000| Untracked 
|  18|0x00000000a4600000, 0x00000000a4600000, 0x00000000a4700000|  0%| F|  |TAMS 0x00000000a4600000, 0x00000000a4600000| Untracked 
|  19|0x00000000a4700000, 0x00000000a4700000, 0x00000000a4800000|  0%| F|  |TAMS 0x00000000a4700000, 0x00000000a4700000| Untracked 
|  20|0x00000000a4800000, 0x00000000a4800000, 0x00000000a4900000|  0%| F|  |TAMS 0x00000000a4800000, 0x00000000a4800000| Untracked 
|  21|0x00000000a4900000, 0x00000000a4900000, 0x00000000a4a00000|  0%| F|  |TAMS 0x00000000a4900000, 0x00000000a4900000| Untracked 
|  22|0x00000000a4a00000, 0x00000000a4a00000, 0x00000000a4b00000|  0%| F|  |TAMS 0x00000000a4a00000, 0x00000000a4a00000| Untracked 
|  23|0x00000000a4b00000, 0x00000000a4b00000, 0x00000000a4c00000|  0%| F|  |TAMS 0x00000000a4b00000, 0x00000000a4b00000| Untracked 
|  24|0x00000000a4c00000, 0x00000000a4c00000, 0x00000000a4d00000|  0%| F|  |TAMS 0x00000000a4c00000, 0x00000000a4c00000| Untracked 
|  25|0x00000000a4d00000, 0x00000000a4d00000, 0x00000000a4e00000|  0%| F|  |TAMS 0x00000000a4d00000, 0x00000000a4d00000| Untracked 
|  26|0x00000000a4e00000, 0x00000000a4e00000, 0x00000000a4f00000|  0%| F|  |TAMS 0x00000000a4e00000, 0x00000000a4e00000| Untracked 
|  27|0x00000000a4f00000, 0x00000000a4f00000, 0x00000000a5000000|  0%| F|  |TAMS 0x00000000a4f00000, 0x00000000a4f00000| Untracked 
|  28|0x00000000a5000000, 0x00000000a5000000, 0x00000000a5100000|  0%| F|  |TAMS 0x00000000a5000000, 0x00000000a5000000| Untracked 
|  29|0x00000000a5100000, 0x00000000a5100000, 0x00000000a5200000|  0%| F|  |TAMS 0x00000000a5100000, 0x00000000a5100000| Untracked 
|  30|0x00000000a5200000, 0x00000000a5200000, 0x00000000a5300000|  0%| F|  |TAMS 0x00000000a5200000, 0x00000000a5200000| Untracked 
|  31|0x00000000a5300000, 0x00000000a5300000, 0x00000000a5400000|  0%| F|  |TAMS 0x00000000a5300000, 0x00000000a5300000| Untracked 
|  32|0x00000000a5400000, 0x00000000a5400000, 0x00000000a5500000|  0%| F|  |TAMS 0x00000000a5400000, 0x00000000a5400000| Untracked 
|  33|0x00000000a5500000, 0x00000000a5500000, 0x00000000a5600000|  0%| F|  |TAMS 0x00000000a5500000, 0x00000000a5500000| Untracked 
|  34|0x00000000a5600000, 0x00000000a5600000, 0x00000000a5700000|  0%| F|  |TAMS 0x00000000a5600000, 0x00000000a5600000| Untracked 
|  35|0x00000000a5700000, 0x00000000a5700000, 0x00000000a5800000|  0%| F|  |TAMS 0x00000000a5700000, 0x00000000a5700000| Untracked 
|  36|0x00000000a5800000, 0x00000000a5800000, 0x00000000a5900000|  0%| F|  |TAMS 0x00000000a5800000, 0x00000000a5800000| Untracked 
|  37|0x00000000a5900000, 0x00000000a5900000, 0x00000000a5a00000|  0%| F|  |TAMS 0x00000000a5900000, 0x00000000a5900000| Untracked 
|  38|0x00000000a5a00000, 0x00000000a5a00000, 0x00000000a5b00000|  0%| F|  |TAMS 0x00000000a5a00000, 0x00000000a5a00000| Untracked 
|  39|0x00000000a5b00000, 0x00000000a5b00000, 0x00000000a5c00000|  0%| F|  |TAMS 0x00000000a5b00000, 0x00000000a5b00000| Untracked 
|  40|0x00000000a5c00000, 0x00000000a5c00000, 0x00000000a5d00000|  0%| F|  |TAMS 0x00000000a5c00000, 0x00000000a5c00000| Untracked 
|  41|0x00000000a5d00000, 0x00000000a5d00000, 0x00000000a5e00000|  0%| F|  |TAMS 0x00000000a5d00000, 0x00000000a5d00000| Untracked 
|  42|0x00000000a5e00000, 0x00000000a5e00000, 0x00000000a5f00000|  0%| F|  |TAMS 0x00000000a5e00000, 0x00000000a5e00000| Untracked 
|  43|0x00000000a5f00000, 0x00000000a5f00000, 0x00000000a6000000|  0%| F|  |TAMS 0x00000000a5f00000, 0x00000000a5f00000| Untracked 
|  44|0x00000000a6000000, 0x00000000a6000000, 0x00000000a6100000|  0%| F|  |TAMS 0x00000000a6000000, 0x00000000a6000000| Untracked 
|  45|0x00000000a6100000, 0x00000000a6100000, 0x00000000a6200000|  0%| F|  |TAMS 0x00000000a6100000, 0x00000000a6100000| Untracked 
|  46|0x00000000a6200000, 0x00000000a6200000, 0x00000000a6300000|  0%| F|  |TAMS 0x00000000a6200000, 0x00000000a6200000| Untracked 
|  47|0x00000000a6300000, 0x00000000a6300000, 0x00000000a6400000|  0%| F|  |TAMS 0x00000000a6300000, 0x00000000a6300000| Untracked 
|  48|0x00000000a6400000, 0x00000000a6400000, 0x00000000a6500000|  0%| F|  |TAMS 0x00000000a6400000, 0x00000000a6400000| Untracked 
|  49|0x00000000a6500000, 0x00000000a6500000, 0x00000000a6600000|  0%| F|  |TAMS 0x00000000a6500000, 0x00000000a6500000| Untracked 
|  50|0x00000000a6600000, 0x00000000a6600000, 0x00000000a6700000|  0%| F|  |TAMS 0x00000000a6600000, 0x00000000a6600000| Untracked 
|  51|0x00000000a6700000, 0x00000000a6700000, 0x00000000a6800000|  0%| F|  |TAMS 0x00000000a6700000, 0x00000000a6700000| Untracked 
|  52|0x00000000a6800000, 0x00000000a6800000, 0x00000000a6900000|  0%| F|  |TAMS 0x00000000a6800000, 0x00000000a6800000| Untracked 
|  53|0x00000000a6900000, 0x00000000a6900000, 0x00000000a6a00000|  0%| F|  |TAMS 0x00000000a6900000, 0x00000000a6900000| Untracked 
|  54|0x00000000a6a00000, 0x00000000a6a00000, 0x00000000a6b00000|  0%| F|  |TAMS 0x00000000a6a00000, 0x00000000a6a00000| Untracked 
|  55|0x00000000a6b00000, 0x00000000a6b00000, 0x00000000a6c00000|  0%| F|  |TAMS 0x00000000a6b00000, 0x00000000a6b00000| Untracked 
|  56|0x00000000a6c00000, 0x00000000a6c00000, 0x00000000a6d00000|  0%| F|  |TAMS 0x00000000a6c00000, 0x00000000a6c00000| Untracked 
|  57|0x00000000a6d00000, 0x00000000a6d00000, 0x00000000a6e00000|  0%| F|  |TAMS 0x00000000a6d00000, 0x00000000a6d00000| Untracked 
|  58|0x00000000a6e00000, 0x00000000a6e00000, 0x00000000a6f00000|  0%| F|  |TAMS 0x00000000a6e00000, 0x00000000a6e00000| Untracked 
|  59|0x00000000a6f00000, 0x00000000a6f00000, 0x00000000a7000000|  0%| F|  |TAMS 0x00000000a6f00000, 0x00000000a6f00000| Untracked 
|  60|0x00000000a7000000, 0x00000000a7000000, 0x00000000a7100000|  0%| F|  |TAMS 0x00000000a7000000, 0x00000000a7000000| Untracked 
|  61|0x00000000a7100000, 0x00000000a7100000, 0x00000000a7200000|  0%| F|  |TAMS 0x00000000a7100000, 0x00000000a7100000| Untracked 
|  62|0x00000000a7200000, 0x00000000a7200000, 0x00000000a7300000|  0%| F|  |TAMS 0x00000000a7200000, 0x00000000a7200000| Untracked 
|  63|0x00000000a7300000, 0x00000000a7300000, 0x00000000a7400000|  0%| F|  |TAMS 0x00000000a7300000, 0x00000000a7300000| Untracked 
|  64|0x00000000a7400000, 0x00000000a7400000, 0x00000000a7500000|  0%| F|  |TAMS 0x00000000a7400000, 0x00000000a7400000| Untracked 
|  65|0x00000000a7500000, 0x00000000a7500000, 0x00000000a7600000|  0%| F|  |TAMS 0x00000000a7500000, 0x00000000a7500000| Untracked 
|  66|0x00000000a7600000, 0x00000000a7600000, 0x00000000a7700000|  0%| F|  |TAMS 0x00000000a7600000, 0x00000000a7600000| Untracked 
|  67|0x00000000a7700000, 0x00000000a7700000, 0x00000000a7800000|  0%| F|  |TAMS 0x00000000a7700000, 0x00000000a7700000| Untracked 
|  68|0x00000000a7800000, 0x00000000a7800000, 0x00000000a7900000|  0%| F|  |TAMS 0x00000000a7800000, 0x00000000a7800000| Untracked 
|  69|0x00000000a7900000, 0x00000000a7900000, 0x00000000a7a00000|  0%| F|  |TAMS 0x00000000a7900000, 0x00000000a7900000| Untracked 
|  70|0x00000000a7a00000, 0x00000000a7a00000, 0x00000000a7b00000|  0%| F|  |TAMS 0x00000000a7a00000, 0x00000000a7a00000| Untracked 
|  71|0x00000000a7b00000, 0x00000000a7b00000, 0x00000000a7c00000|  0%| F|  |TAMS 0x00000000a7b00000, 0x00000000a7b00000| Untracked 
|  72|0x00000000a7c00000, 0x00000000a7c00000, 0x00000000a7d00000|  0%| F|  |TAMS 0x00000000a7c00000, 0x00000000a7c00000| Untracked 
|  73|0x00000000a7d00000, 0x00000000a7d00000, 0x00000000a7e00000|  0%| F|  |TAMS 0x00000000a7d00000, 0x00000000a7d00000| Untracked 
|  74|0x00000000a7e00000, 0x00000000a7e00000, 0x00000000a7f00000|  0%| F|  |TAMS 0x00000000a7e00000, 0x00000000a7e00000| Untracked 
|  75|0x00000000a7f00000, 0x00000000a7f00000, 0x00000000a8000000|  0%| F|  |TAMS 0x00000000a7f00000, 0x00000000a7f00000| Untracked 
|  76|0x00000000a8000000, 0x00000000a8000000, 0x00000000a8100000|  0%| F|  |TAMS 0x00000000a8000000, 0x00000000a8000000| Untracked 
|  77|0x00000000a8100000, 0x00000000a8100000, 0x00000000a8200000|  0%| F|  |TAMS 0x00000000a8100000, 0x00000000a8100000| Untracked 
|  78|0x00000000a8200000, 0x00000000a8200000, 0x00000000a8300000|  0%| F|  |TAMS 0x00000000a8200000, 0x00000000a8200000| Untracked 
|  79|0x00000000a8300000, 0x00000000a8300000, 0x00000000a8400000|  0%| F|  |TAMS 0x00000000a8300000, 0x00000000a8300000| Untracked 
|  80|0x00000000a8400000, 0x00000000a8400000, 0x00000000a8500000|  0%| F|  |TAMS 0x00000000a8400000, 0x00000000a8400000| Untracked 
|  81|0x00000000a8500000, 0x00000000a8500000, 0x00000000a8600000|  0%| F|  |TAMS 0x00000000a8500000, 0x00000000a8500000| Untracked 
|  82|0x00000000a8600000, 0x00000000a8600000, 0x00000000a8700000|  0%| F|  |TAMS 0x00000000a8600000, 0x00000000a8600000| Untracked 
|  83|0x00000000a8700000, 0x00000000a8700000, 0x00000000a8800000|  0%| F|  |TAMS 0x00000000a8700000, 0x00000000a8700000| Untracked 
|  84|0x00000000a8800000, 0x00000000a8800000, 0x00000000a8900000|  0%| F|  |TAMS 0x00000000a8800000, 0x00000000a8800000| Untracked 
|  85|0x00000000a8900000, 0x00000000a8900000, 0x00000000a8a00000|  0%| F|  |TAMS 0x00000000a8900000, 0x00000000a8900000| Untracked 
|  86|0x00000000a8a00000, 0x00000000a8a00000, 0x00000000a8b00000|  0%| F|  |TAMS 0x00000000a8a00000, 0x00000000a8a00000| Untracked 
|  87|0x00000000a8b00000, 0x00000000a8b00000, 0x00000000a8c00000|  0%| F|  |TAMS 0x00000000a8b00000, 0x00000000a8b00000| Untracked 
|  88|0x00000000a8c00000, 0x00000000a8c00000, 0x00000000a8d00000|  0%| F|  |TAMS 0x00000000a8c00000, 0x00000000a8c00000| Untracked 
|  89|0x00000000a8d00000, 0x00000000a8e00000, 0x00000000a8e00000|100%| E|  |TAMS 0x00000000a8d00000, 0x00000000a8d00000| Complete 
|  90|0x00000000a8e00000, 0x00000000a8f00000, 0x00000000a8f00000|100%| E|CS|TAMS 0x00000000a8e00000, 0x00000000a8e00000| Complete 
|  91|0x00000000a8f00000, 0x00000000a9000000, 0x00000000a9000000|100%| E|CS|TAMS 0x00000000a8f00000, 0x00000000a8f00000| Complete 
|  92|0x00000000a9000000, 0x00000000a9100000, 0x00000000a9100000|100%| E|CS|TAMS 0x00000000a9000000, 0x00000000a9000000| Complete 
|  93|0x00000000a9100000, 0x00000000a9200000, 0x00000000a9200000|100%| E|CS|TAMS 0x00000000a9100000, 0x00000000a9100000| Complete 

Card table byte_map: [0x00000206d0230000,0x00000206d0520000] _byte_map_base: 0x00000206cfd16000

Marking Bits (Prev, Next): (CMBitMap*) 0x00000206b97f0f70, (CMBitMap*) 0x00000206b97f0fb0
 Prev Bits: [0x00000206d0810000, 0x00000206d1f40000)
 Next Bits: [0x00000206d1f40000, 0x00000206d3670000)

Polling page: 0x00000206b77a0000

Metaspace:

Usage:
  Non-class:      4.79 MB used.
      Class:    584.17 KB used.
       Both:      5.36 MB used.

Virtual space:
  Non-class space:        8.00 MB reserved,       4.88 MB ( 61%) committed,  1 nodes.
      Class space:        1.00 GB reserved,     704.00 KB ( <1%) committed,  1 nodes.
              Both:        1.01 GB reserved,       5.56 MB ( <1%) committed. 

Chunk freelists:
   Non-Class:  2.89 MB
       Class:  3.24 MB
        Both:  6.13 MB

MaxMetaspaceSize: 17179869184.00 GB
CompressedClassSpaceSize: 1.00 GB
 - commit_granule_bytes: 65536.
 - commit_granule_words: 8192.
 - virtual_space_node_default_size: 1048576.
 - enlarge_chunks_in_place: 1.
 - new_chunks_are_fully_committed: 0.
 - uncommit_free_chunks: 1.
 - use_allocation_guard: 0.
 - handle_deallocations: 1.


Internal statistics:

num_allocs_failed_limit: 0.
num_arena_births: 108.
num_arena_deaths: 0.
num_vsnodes_births: 2.
num_vsnodes_deaths: 0.
num_space_committed: 89.
num_space_uncommitted: 0.
num_chunks_returned_to_freelist: 0.
num_chunks_taken_from_freelist: 128.
num_chunk_merges: 0.
num_chunk_splits: 83.
num_chunks_enlarged: 43.
num_purges: 0.

CodeHeap 'non-profiled nmethods': size=120000Kb used=155Kb max_used=155Kb free=119844Kb
 bounds [0x00000206c8a10000, 0x00000206c8c80000, 0x00000206cff40000]
CodeHeap 'profiled nmethods': size=120000Kb used=822Kb max_used=822Kb free=119177Kb
 bounds [0x00000206c14e0000, 0x00000206c1750000, 0x00000206c8a10000]
CodeHeap 'non-nmethods': size=5760Kb used=1217Kb max_used=1231Kb free=4542Kb
 bounds [0x00000206c0f40000, 0x00000206c11b0000, 0x00000206c14e0000]
 total_blobs=1095 nmethods=569 adapters=440
 compilation: enabled
              stopped_count=0, restarted_count=0
 full_count=0

Compilation events (20 events):
Event: 0.968 Thread 0x00000206d5b3ae00  559       1       java.awt.AWTEvent::getID (5 bytes)
Event: 0.968 Thread 0x00000206d5b3ae00 nmethod 559 0x00000206c8a35490 code [0x00000206c8a35620, 0x00000206c8a356f8]
Event: 0.968 Thread 0x00000206d5b3ae00  561       1       java.beans.PropertyChangeEvent::getPropertyName (5 bytes)
Event: 0.968 Thread 0x00000206d5b3ae00 nmethod 561 0x00000206c8a35790 code [0x00000206c8a35920, 0x00000206c8a359f8]
Event: 0.977 Thread 0x00000206d5b3ae00  563       1       java.util.concurrent.locks.AbstractOwnableSynchronizer::setExclusiveOwnerThread (6 bytes)
Event: 0.977 Thread 0x00000206d5b3ae00 nmethod 563 0x00000206c8a35f90 code [0x00000206c8a36120, 0x00000206c8a36238]
Event: 6.845 Thread 0x00000206d5b3ae00  564       3       jdk.internal.logger.LazyLoggers$LazyLoggerWrapper::platformProxy (10 bytes)
Event: 6.845 Thread 0x00000206d5b3ae00 nmethod 564 0x00000206c15ac090 code [0x00000206c15ac240, 0x00000206c15ac3e8]
Event: 6.845 Thread 0x00000206d5b3ae00  565   !   3       jdk.internal.logger.LazyLoggers$LazyLoggerAccessor::platform (103 bytes)
Event: 6.847 Thread 0x00000206d5b3ae00 nmethod 565 0x00000206c15ac510 code [0x00000206c15ac760, 0x00000206c15ad468]
Event: 6.847 Thread 0x00000206d5b3ae00  566       3       jdk.internal.logger.SurrogateLogger::defaultPlatformLevel (4 bytes)
Event: 6.847 Thread 0x00000206d5b3ae00 nmethod 566 0x00000206c15ad790 code [0x00000206c15ad920, 0x00000206c15ada38]
Event: 24.763 Thread 0x00000206d5b3ae00  567       1       java.util.concurrent.locks.AbstractOwnableSynchronizer::getExclusiveOwnerThread (5 bytes)
Event: 24.764 Thread 0x00000206d5b3ae00 nmethod 567 0x00000206c8a36290 code [0x00000206c8a36420, 0x00000206c8a364f8]
Event: 1074.528 Thread 0x00000206d5acf1b0  568       4       java.lang.invoke.MemberName::getReferenceKind (12 bytes)
Event: 1074.529 Thread 0x00000206d5acf1b0 nmethod 568 0x00000206c8a36590 code [0x00000206c8a36700, 0x00000206c8a36778]
Event: 1074.530 Thread 0x00000206d5acf1b0  569       4       jdk.internal.org.objectweb.asm.ByteVector::putShort (52 bytes)
Event: 1074.532 Thread 0x00000206d5acf1b0 nmethod 569 0x00000206c8a36890 code [0x00000206c8a36a20, 0x00000206c8a36b58]
Event: 1074.661 Thread 0x00000206d5b3ae00  570       1       java.util.EventObject::getSource (5 bytes)
Event: 1074.661 Thread 0x00000206d5b3ae00 nmethod 570 0x00000206c8a36c90 code [0x00000206c8a36e20, 0x00000206c8a36ef8]

GC Heap History (0 events):
No events

Deoptimization events (0 events):
No events

Classes unloaded (0 events):
No events

Classes redefined (0 events):
No events

Internal exceptions (13 events):
Event: 0.317 Thread 0x00000206b97b6f00 Exception <a 'java/lang/NoSuchMethodError'{0x00000000a9018b90}: 'void java.lang.invoke.DirectMethodHandle$Holder.invokeSpecial(java.lang.Object, java.lang.Object, java.lang.Object)'> (0x00000000a9018b90) 
thrown [t:\workspace\open\src\hotspot\share\interpreter\linkResolver.cpp, line 790]
Event: 0.390 Thread 0x00000206b97b6f00 Exception <a 'java/lang/ClassNotFoundException'{0x00000000a9039260}: sun/awt/resources/spi/awtProvider> (0x00000000a9039260) 
thrown [t:\workspace\open\src\hotspot\share\classfile\systemDictionary.cpp, line 256]
Event: 0.468 Thread 0x00000206b97b6f00 Exception <a 'java/io/FileNotFoundException'{0x00000000a9093f40}> (0x00000000a9093f40) 
thrown [t:\workspace\open\src\hotspot\share\prims\jni.cpp, line 579]
Event: 0.492 Thread 0x00000206b97b6f00 Exception <a 'java/io/FileNotFoundException'{0x00000000a90c27e8}> (0x00000000a90c27e8) 
thrown [t:\workspace\open\src\hotspot\share\prims\jni.cpp, line 579]
Event: 0.493 Thread 0x00000206b97b6f00 Exception <a 'java/lang/NoSuchMethodError'{0x00000000a90c39e0}: 'java.lang.Object java.lang.invoke.DirectMethodHandle$Holder.invokeStatic(java.lang.Object)'> (0x00000000a90c39e0) 
thrown [t:\workspace\open\src\hotspot\share\interpreter\linkResolver.cpp, line 790]
Event: 0.599 Thread 0x00000206b97b6f00 Exception <a 'java/lang/NoSuchMethodError'{0x00000000a8f199c0}: 'java.lang.Object java.lang.invoke.DirectMethodHandle$Holder.invokeStaticInit(java.lang.Object)'> (0x00000000a8f199c0) 
thrown [t:\workspace\open\src\hotspot\share\interpreter\linkResolver.cpp, line 790]
Event: 0.715 Thread 0x00000206b97b6f00 Exception <a 'java/lang/NoSuchMethodError'{0x00000000a8fcddf8}: 'java.lang.Object java.lang.invoke.DirectMethodHandle$Holder.newInvokeSpecial(java.lang.Object, java.lang.Object, java.lang.Object, java.lang.Object, java.lang.Object)'> (0x00000000a8fcddf8) 
thrown [t:\workspace\open\src\hotspot\share\interpreter\linkResolver.cpp, line 790]
Event: 0.719 Thread 0x00000206b97b6f00 Exception <a 'java/lang/NoSuchMethodError'{0x00000000a8fd98e0}: 'java.lang.Object java.lang.invoke.DirectMethodHandle$Holder.invokeStatic(java.lang.Object, int, java.lang.Object, java.lang.Object, java.lang.Object, java.lang.Object)'> (0x00000000a8fd98e0) 
thrown [t:\workspace\open\src\hotspot\share\interpreter\linkResolver.cpp, line 790]
Event: 0.732 Thread 0x00000206b97b6f00 Exception <a 'java/lang/NoSuchMethodError'{0x00000000a8fff9a8}: 'java.lang.Object java.lang.invoke.DirectMethodHandle$Holder.invokeStatic(java.lang.Object, int, java.lang.Object)'> (0x00000000a8fff9a8) 
thrown [t:\workspace\open\src\hotspot\share\interpreter\linkResolver.cpp, line 790]
Event: 0.787 Thread 0x00000206b97b6f00 Exception <a 'java/lang/ClassNotFoundException'{0x00000000a8eb82f0}: com/sun/swing/internal/plaf/metal/resources/spi/metalProvider> (0x00000000a8eb82f0) 
thrown [t:\workspace\open\src\hotspot\share\classfile\systemDictionary.cpp, line 256]
Event: 0.790 Thread 0x00000206b97b6f00 Exception <a 'java/lang/ClassNotFoundException'{0x00000000a8ebc388}: com/sun/swing/internal/plaf/basic/resources/spi/basicProvider> (0x00000000a8ebc388) 
thrown [t:\workspace\open\src\hotspot\share\classfile\systemDictionary.cpp, line 256]
Event: 0.848 Thread 0x00000206b97b6f00 Exception <a 'java/lang/NoSuchMethodError'{0x00000000a8ef6d28}: 'void java.lang.invoke.DirectMethodHandle$Holder.invokeStaticInit(java.lang.Object)'> (0x00000000a8ef6d28) 
thrown [t:\workspace\open\src\hotspot\share\interpreter\linkResolver.cpp, line 790]
Event: 0.936 Thread 0x00000206d675f330 Exception <a 'java/lang/NoSuchMethodError'{0x00000000a8f537f8}: 'void java.lang.invoke.DirectMethodHandle$Holder.invokeVirtual(java.lang.Object, java.lang.Object)'> (0x00000000a8f537f8) 
thrown [t:\workspace\open\src\hotspot\share\interpreter\linkResolver.cpp, line 790]

Events (20 events):
Event: 0.966 loading class javax/swing/Scrollable done
Event: 0.966 loading class javax/swing/text/JTextComponent done
Event: 0.968 loading class java/awt/KeyboardFocusManager$3
Event: 0.968 loading class java/awt/KeyboardFocusManager$3 done
Event: 0.975 loading class sun/awt/im/CompositionAreaHandler
Event: 0.975 loading class java/awt/event/InputMethodListener
Event: 0.975 loading class java/awt/event/InputMethodListener done
Event: 0.975 loading class sun/awt/im/CompositionAreaHandler done
Event: 0.975 loading class java/text/AttributedString
Event: 0.976 loading class java/text/AttributedString done
Event: 0.976 loading class java/text/AttributedString$AttributedStringIterator
Event: 0.976 loading class java/text/AttributedCharacterIterator
Event: 0.976 loading class java/text/CharacterIterator
Event: 0.976 loading class java/text/CharacterIterator done
Event: 0.976 loading class java/text/AttributedCharacterIterator done
Event: 0.976 loading class java/text/AttributedString$AttributedStringIterator done
Event: 1.885 Executing  VM operation: Cleanup
Event: 1.885 Executing  VM operation: Cleanup done
Event: 6.928 Executing  VM operation: Cleanup
Event: 6.929 Executing  VM operation: Cleanup done


Dynamic libraries:
0x00007ff68b7f0000 - 0x00007ff68b800000 	C:\Program Files\Java\jdk-16.0.2\bin\javaw.exe
0x00007ffc4be50000 - 0x00007ffc4c045000 	C:\WINDOWS\SYSTEM32\ntdll.dll
0x00007ffc4aa40000 - 0x00007ffc4aafe000 	C:\WINDOWS\System32\KERNEL32.DLL
0x00007ffc49ae0000 - 0x00007ffc49da8000 	C:\WINDOWS\System32\KERNELBASE.dll
0x00007ffc49670000 - 0x00007ffc49770000 	C:\WINDOWS\System32\ucrtbase.dll
0x00007ffc44090000 - 0x00007ffc440a8000 	C:\Program Files\Java\jdk-16.0.2\bin\jli.dll
0x00007ffc4b330000 - 0x00007ffc4b3de000 	C:\WINDOWS\System32\ADVAPI32.dll
0x00007ffc4a000000 - 0x00007ffc4a09e000 	C:\WINDOWS\System32\msvcrt.dll
0x00007ffc49f40000 - 0x00007ffc49fdc000 	C:\WINDOWS\System32\sechost.dll
0x00007ffc4b140000 - 0x00007ffc4b265000 	C:\WINDOWS\System32\RPCRT4.dll
0x00007ffc4a140000 - 0x00007ffc4a2e1000 	C:\WINDOWS\System32\USER32.dll
0x00007ffc49e60000 - 0x00007ffc49e82000 	C:\WINDOWS\System32\win32u.dll
0x00007ffc4a300000 - 0x00007ffc4a32b000 	C:\WINDOWS\System32\GDI32.dll
0x00007ffc49560000 - 0x00007ffc4966d000 	C:\WINDOWS\System32\gdi32full.dll
0x00007ffc49770000 - 0x00007ffc4980d000 	C:\WINDOWS\System32\msvcp_win.dll
0x00007ffc442e0000 - 0x00007ffc442f9000 	C:\Program Files\Java\jdk-16.0.2\bin\VCRUNTIME140.dll
0x00007ffc3be90000 - 0x00007ffc3c12a000 	C:\WINDOWS\WinSxS\amd64_microsoft.windows.common-controls_6595b64144ccf1df_6.0.19041.1110_none_60b5254171f9507e\COMCTL32.dll
0x00007ffc3af90000 - 0x00007ffc3af9a000 	C:\WINDOWS\SYSTEM32\VERSION.dll
0x00007ffc4aa10000 - 0x00007ffc4aa40000 	C:\WINDOWS\System32\IMM32.DLL
0x00007ffc46b30000 - 0x00007ffc46b3c000 	C:\Program Files\Java\jdk-16.0.2\bin\vcruntime140_1.dll
0x00007ffc3cfd0000 - 0x00007ffc3d061000 	C:\Program Files\Java\jdk-16.0.2\bin\msvcp140.dll
0x00007ffc1c7b0000 - 0x00007ffc1d35b000 	C:\Program Files\Java\jdk-16.0.2\bin\server\jvm.dll
0x00007ffc4a0a0000 - 0x00007ffc4a0a8000 	C:\WINDOWS\System32\PSAPI.DLL
0x00007ffc44fe0000 - 0x00007ffc44fe9000 	C:\WINDOWS\SYSTEM32\WSOCK32.dll
0x00007ffc4b0d0000 - 0x00007ffc4b13b000 	C:\WINDOWS\System32\WS2_32.dll
0x00007ffc36660000 - 0x00007ffc36687000 	C:\WINDOWS\SYSTEM32\WINMM.dll
0x00007ffc47450000 - 0x00007ffc47462000 	C:\WINDOWS\SYSTEM32\kernel.appcore.dll
0x00007ffc44f70000 - 0x00007ffc44f7a000 	C:\Program Files\Java\jdk-16.0.2\bin\jimage.dll
0x00007ffc389d0000 - 0x00007ffc38bb4000 	C:\WINDOWS\SYSTEM32\DBGHELP.DLL
0x00007ffc389a0000 - 0x00007ffc389cc000 	C:\WINDOWS\SYSTEM32\dbgcore.DLL
0x00007ffc498c0000 - 0x00007ffc49942000 	C:\WINDOWS\System32\bcryptPrimitives.dll
0x00007ffc42890000 - 0x00007ffc428b5000 	C:\Program Files\Java\jdk-16.0.2\bin\java.dll
0x00007ffc4b6c0000 - 0x00007ffc4be04000 	C:\WINDOWS\System32\SHELL32.dll
0x00007ffc47650000 - 0x00007ffc47de5000 	C:\WINDOWS\SYSTEM32\windows.storage.dll
0x00007ffc4ad00000 - 0x00007ffc4b055000 	C:\WINDOWS\System32\combase.dll
0x00007ffc48fb0000 - 0x00007ffc48fde000 	C:\WINDOWS\SYSTEM32\Wldp.dll
0x00007ffc4a460000 - 0x00007ffc4a50d000 	C:\WINDOWS\System32\SHCORE.dll
0x00007ffc4b270000 - 0x00007ffc4b2c5000 	C:\WINDOWS\System32\shlwapi.dll
0x00007ffc494a0000 - 0x00007ffc494bf000 	C:\WINDOWS\SYSTEM32\profapi.dll
0x00007ffc1c080000 - 0x00007ffc1c200000 	C:\Program Files\Java\jdk-16.0.2\bin\awt.dll
0x00007ffc4b3e0000 - 0x00007ffc4b4ad000 	C:\WINDOWS\System32\OLEAUT32.dll
0x00007ffc46d90000 - 0x00007ffc46e20000 	C:\WINDOWS\SYSTEM32\apphelp.dll
0x00007ffc47160000 - 0x00007ffc4718f000 	C:\WINDOWS\system32\DWMAPI.DLL
0x00007ffc46f50000 - 0x00007ffc46fee000 	C:\WINDOWS\system32\uxtheme.dll
0x00007ffc1bd50000 - 0x00007ffc1be75000 	C:\WINDOWS\system32\opengl32.dll
0x00007ffc2d6c0000 - 0x00007ffc2d6ec000 	C:\WINDOWS\SYSTEM32\GLU32.dll
0x00007ffc4abe0000 - 0x00007ffc4acf5000 	C:\WINDOWS\System32\MSCTF.dll
0x00007ffc4a330000 - 0x00007ffc4a45a000 	C:\WINDOWS\System32\ole32.dll
0x00007ffc2b1a0000 - 0x00007ffc2b229000 	C:\Program Files\Java\jdk-16.0.2\bin\freetype.dll
0x00007ffc1e780000 - 0x00007ffc1e876000 	C:\Program Files\Java\jdk-16.0.2\bin\harfbuzz.dll
0x00007ffc2ef10000 - 0x00007ffc2ef22000 	C:\Program Files\Java\jdk-16.0.2\bin\fontmanager.dll
0x00007ffc40190000 - 0x00007ffc40289000 	C:\WINDOWS\SYSTEM32\textinputframework.dll
0x00007ffc46b50000 - 0x00007ffc46c42000 	C:\WINDOWS\System32\CoreMessaging.dll
0x00007ffc46710000 - 0x00007ffc46a6e000 	C:\WINDOWS\System32\CoreUIComponents.dll
0x00007ffc48370000 - 0x00007ffc483a3000 	C:\WINDOWS\SYSTEM32\ntmarta.dll
0x00007ffc46040000 - 0x00007ffc46194000 	C:\WINDOWS\SYSTEM32\wintypes.dll

dbghelp: loaded successfully - version: 4.0.5 - missing functions: none
symbol engine: initialized successfully - sym options: 0x614 - pdb path: .;C:\Program Files\Java\jdk-16.0.2\bin;C:\WINDOWS\SYSTEM32;C:\WINDOWS\WinSxS\amd64_microsoft.windows.common-controls_6595b64144ccf1df_6.0.19041.1110_none_60b5254171f9507e;C:\Program Files\Java\jdk-16.0.2\bin\server

VM Arguments:
jvm_args: -Dfile.encoding=Cp1252 -XX:+ShowCodeDetailsInExceptionMessages 
java_command: Drawing
java_class_path (initial): C:\Users\miko\eclipse-workspace\LabExer9\bin
Launcher Type: SUN_STANDARD

[Global flags]
     intx CICompilerCount                          = 3                                         {product} {ergonomic}
     uint ConcGCThreads                            = 1                                         {product} {ergonomic}
     uint G1ConcRefinementThreads                  = 4                                         {product} {ergonomic}
   size_t G1HeapRegionSize                         = 1048576                                   {product} {ergonomic}
    uintx GCDrainStackTargetSize                   = 64                                        {product} {ergonomic}
   size_t InitialHeapSize                          = 98566144                                  {product} {ergonomic}
   size_t MarkStackSize                            = 4194304                                   {product} {ergonomic}
   size_t MaxHeapSize                              = 1556086784                                {product} {ergonomic}
   size_t MaxNewSize                               = 933232640                                 {product} {ergonomic}
   size_t MinHeapDeltaBytes                        = 1048576                                   {product} {ergonomic}
   size_t MinHeapSize                              = 8388608                                   {product} {ergonomic}
    uintx NonNMethodCodeHeapSize                   = 5832780                                {pd product} {ergonomic}
    uintx NonProfiledCodeHeapSize                  = 122912730                              {pd product} {ergonomic}
    uintx ProfiledCodeHeapSize                     = 122912730                              {pd product} {ergonomic}
    uintx ReservedCodeCacheSize                    = 251658240                              {pd product} {ergonomic}
     bool SegmentedCodeCache                       = true                                      {product} {ergonomic}
     bool ShowCodeDetailsInExceptionMessages       = true                                   {manageable} {command line}
   size_t SoftMaxHeapSize                          = 1556086784                             {manageable} {ergonomic}
     bool UseCompressedClassPointers               = true                           {product lp64_product} {ergonomic}
     bool UseCompressedOops                        = true                           {product lp64_product} {ergonomic}
     bool UseG1GC                                  = true                                      {product} {ergonomic}
     bool UseLargePagesIndividualAllocation        = false                                  {pd product} {ergonomic}

Logging:
Log output configuration:
 #0: stdout all=warning uptime,level,tags
 #1: stderr all=off uptime,level,tags

Environment Variables:
PATH=C:\Program Files\Python310\Scripts\;C:\Program Files\Python310\;C:\Program Files\Common Files\Oracle\Java\javapath;C:\WINDOWS\system32;C:\WINDOWS;C:\WINDOWS\System32\Wbem;C:\WINDOWS\System32\WindowsPowerShell\v1.0\;C:\WINDOWS\System32\OpenSSH\;C:\Users\miko\AppData\Local\Microsoft\WindowsApps;C:\adb;C:\Program Files\nodejs\;C:\Users\miko\AppData\Local\Microsoft\WindowsApps;C:\Users\miko\AppData\Roaming\npm;C:\Users\miko\AppData\Local\Programs\Microsoft VS Code\bin
USERNAME=miko
OS=Windows_NT
PROCESSOR_IDENTIFIER=Intel64 Family 6 Model 37 Stepping 5, GenuineIntel



---------------  S Y S T E M  ---------------

OS:
 Windows 10 , 64 bit Build 19041 (10.0.19041.1466)
OS uptime: 1 days 21:52 hours

CPU: total 4 (initial active 4) (2 cores per cpu, 2 threads per core) family 6 model 37 stepping 5 microcode 0x7, cx8, cmov, fxsr, ht, mmx, sse, sse2, sse3, ssse3, sse4.1, sse4.2, popcnt, tsc, tscinvbit, clflush

Memory: 4k page, system-wide physical 5933M (1272M free)
TotalPageFile size 16685M (AvailPageFile size 152M)
current process WorkingSet (physical memory assigned to process): 47M, peak: 48M
current process commit charge ("private bytes"): 174M, peak: 174M

vm_info: Java HotSpot(TM) 64-Bit Server VM (16.0.2+7-67) for windows-amd64 JRE (16.0.2+7-67), built on Jun  8 2021 23:24:19 by "mach5one" with MS VC++ 16.7 (VS2019)

END.
