#
# There is insufficient memory for the Java Runtime Environment to continue.
# Native memory allocation (malloc) failed to allocate 32744 bytes for ChunkPool::allocate
# Possible reasons:
#   The system is out of physical RAM or swap space
#   The process is running with CompressedOops enabled, and the Java Heap may be blocking the growth of the native heap
# Possible solutions:
#   Reduce memory load on the system
#   Increase physical memory or swap space
#   Check if swap backing store is full
#   Decrease Java heap size (-Xmx/-Xms)
#   Decrease number of Java threads
#   Decrease Java thread stack sizes (-Xss)
#   Set larger code cache with -XX:ReservedCodeCacheSize=
#   JVM is running with Unscaled Compressed Oops mode in which the Java heap is
#     placed in the first 4GB address space. The Java Heap base address is the
#     maximum limit for the native heap growth. Please use -XX:HeapBaseMinAddress
#     to set the Java Heap base and to place the Java Heap above 4GB virtual address.
# This output file may be truncated or incomplete.
#
#  Out of Memory Error (arena.cpp:79), pid=8116, tid=11004
#
# JRE version: Java(TM) SE Runtime Environment (16.0.2+7) (build 16.0.2+7-67)
# Java VM: Java HotSpot(TM) 64-Bit Server VM (16.0.2+7-67, mixed mode, sharing, tiered, compressed oops, compressed class ptrs, g1 gc, windows-amd64)
# No core dump will be written. Minidumps are not enabled by default on client versions of Windows
#

---------------  S U M M A R Y ------------

Command Line: -Dfile.encoding=Cp1252 -XX:+ShowCodeDetailsInExceptionMessages Drawing

Host: Intel(R) Core(TM) i3 CPU       M 370  @ 2.40GHz, 4 cores, 5G,  Windows 10 , 64 bit Build 19041 (10.0.19041.1466)
Time: Mon Jan 24 16:50:12 2022 GMT Standard Time elapsed time: 1547.835078 seconds (0d 0h 25m 47s)

---------------  T H R E A D  ---------------

Current thread (0x00000219771aeab0):  JavaThread "C2 CompilerThread0" daemon [_thread_in_native, id=11004, stack(0x0000005bb6500000,0x0000005bb6600000)]


Current CompileTask:
C2:1547835  618       4       sun.java2d.loops.GraphicsPrimitiveMgr$2::compare (39 bytes)

Stack: [0x0000005bb6500000,0x0000005bb6600000]
Native frames: (J=compiled Java code, j=interpreted, Vv=VM code, C=native code)
V  [jvm.dll+0x6681ca]
V  [jvm.dll+0x7c9e69]
V  [jvm.dll+0x7cb61e]
V  [jvm.dll+0x7cbc73]
V  [jvm.dll+0x242c55]
V  [jvm.dll+0xae10f]
V  [jvm.dll+0xae45c]
V  [jvm.dll+0x5f9c72]
V  [jvm.dll+0x5fb1d3]
V  [jvm.dll+0x5f979c]
V  [jvm.dll+0x215b58]
V  [jvm.dll+0x215100]
V  [jvm.dll+0x1a1beb]
V  [jvm.dll+0x225158]
V  [jvm.dll+0x22319c]
V  [jvm.dll+0x77fa62]
V  [jvm.dll+0x7795aa]
V  [jvm.dll+0x667066]
C  [ucrtbase.dll+0x21bb2]
C  [KERNEL32.DLL+0x17034]
C  [ntdll.dll+0x52651]


---------------  P R O C E S S  ---------------

Threads class SMR info:
_java_thread_list=0x0000021977efe0a0, length=16, elements={
0x000002195af726f0, 0x000002195af77c80, 0x00000219771aa280, 0x00000219771acba0,
0x00000219771ad4b0, 0x00000219771addc0, 0x00000219771aeab0, 0x000002197721af00,
0x000002197721fc20, 0x0000021977c66080, 0x0000021977c718d0, 0x0000021977e4aa40,
0x0000021977e655a0, 0x0000021977e65c10, 0x0000021977ed0040, 0x000002195ae96f90
}

Java Threads: ( => current thread )
  0x000002195af726f0 JavaThread "Reference Handler" daemon [_thread_blocked, id=1380, stack(0x0000005bb5f00000,0x0000005bb6000000)]
  0x000002195af77c80 JavaThread "Finalizer" daemon [_thread_blocked, id=4948, stack(0x0000005bb6000000,0x0000005bb6100000)]
  0x00000219771aa280 JavaThread "Signal Dispatcher" daemon [_thread_blocked, id=10460, stack(0x0000005bb6100000,0x0000005bb6200000)]
  0x00000219771acba0 JavaThread "Attach Listener" daemon [_thread_blocked, id=10080, stack(0x0000005bb6200000,0x0000005bb6300000)]
  0x00000219771ad4b0 JavaThread "Service Thread" daemon [_thread_blocked, id=2032, stack(0x0000005bb6300000,0x0000005bb6400000)]
  0x00000219771addc0 JavaThread "Monitor Deflation Thread" daemon [_thread_blocked, id=5804, stack(0x0000005bb6400000,0x0000005bb6500000)]
=>0x00000219771aeab0 JavaThread "C2 CompilerThread0" daemon [_thread_in_native, id=11004, stack(0x0000005bb6500000,0x0000005bb6600000)]
  0x000002197721af00 JavaThread "C1 CompilerThread0" daemon [_thread_blocked, id=1388, stack(0x0000005bb6600000,0x0000005bb6700000)]
  0x000002197721fc20 JavaThread "Sweeper thread" daemon [_thread_blocked, id=7940, stack(0x0000005bb6700000,0x0000005bb6800000)]
  0x0000021977c66080 JavaThread "Notification Thread" daemon [_thread_blocked, id=8076, stack(0x0000005bb6800000,0x0000005bb6900000)]
  0x0000021977c718d0 JavaThread "Common-Cleaner" daemon [_thread_blocked, id=5768, stack(0x0000005bb6a00000,0x0000005bb6b00000)]
  0x0000021977e4aa40 JavaThread "Java2D Disposer" daemon [_thread_blocked, id=6976, stack(0x0000005bb6b00000,0x0000005bb6c00000)]
  0x0000021977e655a0 JavaThread "AWT-Shutdown" [_thread_blocked, id=8324, stack(0x0000005bb6c00000,0x0000005bb6d00000)]
  0x0000021977e65c10 JavaThread "AWT-Windows" daemon [_thread_in_native, id=1892, stack(0x0000005bb6d00000,0x0000005bb6e00000)]
  0x0000021977ed0040 JavaThread "AWT-EventQueue-0" [_thread_blocked, id=4856, stack(0x0000005bb6e00000,0x0000005bb6f00000)]
  0x000002195ae96f90 JavaThread "DestroyJavaVM" [_thread_blocked, id=8864, stack(0x0000005bb5800000,0x0000005bb5900000)]

Other Threads:
  0x000002195af6e3f0 VMThread "VM Thread" [stack: 0x0000005bb5e00000,0x0000005bb5f00000] [id=6520]
  0x0000021977c715e0 WatcherThread [stack: 0x0000005bb6900000,0x0000005bb6a00000] [id=3796]
  0x000002195aecfa70 GCTaskThread "GC Thread#0" [stack: 0x0000005bb5900000,0x0000005bb5a00000] [id=5616]
  0x000002195aedd450 ConcurrentGCThread "G1 Main Marker" [stack: 0x0000005bb5a00000,0x0000005bb5b00000] [id=10592]
  0x000002195aedf6c0 ConcurrentGCThread "G1 Conc#0" [stack: 0x0000005bb5b00000,0x0000005bb5c00000] [id=8136]
  0x000002195af3f410 ConcurrentGCThread "G1 Refine#0" [stack: 0x0000005bb5c00000,0x0000005bb5d00000] [id=9012]
  0x000002195af40540 ConcurrentGCThread "G1 Service" [stack: 0x0000005bb5d00000,0x0000005bb5e00000] [id=11040]

Threads with active compile tasks:
C2 CompilerThread0  1547873  618       4       sun.java2d.loops.GraphicsPrimitiveMgr$2::compare (39 bytes)

VM state: not at safepoint (normal execution)

VM Mutex/Monitor currently owned by a thread: None

Heap address: 0x00000000a3400000, size: 1484 MB, Compressed Oops mode: 32-bit

CDS archive(s) mapped at: [0x0000000800000000-0x0000000800bb0000-0x0000000800bb0000), size 12255232, SharedBaseAddress: 0x0000000800000000, ArchiveRelocationMode: 0.
Compressed class space mapped at: 0x0000000800c00000-0x0000000840c00000, reserved size: 1073741824
Narrow klass base: 0x0000000800000000, Narrow klass shift: 3, Narrow klass range: 0x100000000

GC Precious Log:
 CPUs: 4 total, 4 available
 Memory: 5933M
 Large Page Support: Disabled
 NUMA Support: Disabled
 Compressed Oops: Enabled (32-bit)
 Heap Region Size: 1M
 Heap Min Capacity: 8M
 Heap Initial Capacity: 94M
 Heap Max Capacity: 1484M
 Pre-touch: Disabled
 Parallel Workers: 4
 Concurrent Workers: 1
 Concurrent Refinement Workers: 4
 Periodic GC: Disabled

Heap:
 garbage-first heap   total 96256K, used 4096K [0x00000000a3400000, 0x0000000100000000)
  region size 1024K, 5 young (5120K), 0 survivors (0K)
 Metaspace       used 5539K, committed 5760K, reserved 1056768K
  class space    used 586K, committed 704K, reserved 1048576K

Heap Regions: E=young(eden), S=young(survivor), O=old, HS=humongous(starts), HC=humongous(continues), CS=collection set, F=free, OA=open archive, CA=closed archive, TAMS=top-at-mark-start (previous, next)
|   0|0x00000000a3400000, 0x00000000a3400000, 0x00000000a3500000|  0%| F|  |TAMS 0x00000000a3400000, 0x00000000a3400000| Untracked 
|   1|0x00000000a3500000, 0x00000000a3500000, 0x00000000a3600000|  0%| F|  |TAMS 0x00000000a3500000, 0x00000000a3500000| Untracked 
|   2|0x00000000a3600000, 0x00000000a3600000, 0x00000000a3700000|  0%| F|  |TAMS 0x00000000a3600000, 0x00000000a3600000| Untracked 
|   3|0x00000000a3700000, 0x00000000a3700000, 0x00000000a3800000|  0%| F|  |TAMS 0x00000000a3700000, 0x00000000a3700000| Untracked 
|   4|0x00000000a3800000, 0x00000000a3800000, 0x00000000a3900000|  0%| F|  |TAMS 0x00000000a3800000, 0x00000000a3800000| Untracked 
|   5|0x00000000a3900000, 0x00000000a3900000, 0x00000000a3a00000|  0%| F|  |TAMS 0x00000000a3900000, 0x00000000a3900000| Untracked 
|   6|0x00000000a3a00000, 0x00000000a3a00000, 0x00000000a3b00000|  0%| F|  |TAMS 0x00000000a3a00000, 0x00000000a3a00000| Untracked 
|   7|0x00000000a3b00000, 0x00000000a3b00000, 0x00000000a3c00000|  0%| F|  |TAMS 0x00000000a3b00000, 0x00000000a3b00000| Untracked 
|   8|0x00000000a3c00000, 0x00000000a3c00000, 0x00000000a3d00000|  0%| F|  |TAMS 0x00000000a3c00000, 0x00000000a3c00000| Untracked 
|   9|0x00000000a3d00000, 0x00000000a3d00000, 0x00000000a3e00000|  0%| F|  |TAMS 0x00000000a3d00000, 0x00000000a3d00000| Untracked 
|  10|0x00000000a3e00000, 0x00000000a3e00000, 0x00000000a3f00000|  0%| F|  |TAMS 0x00000000a3e00000, 0x00000000a3e00000| Untracked 
|  11|0x00000000a3f00000, 0x00000000a3f00000, 0x00000000a4000000|  0%| F|  |TAMS 0x00000000a3f00000, 0x00000000a3f00000| Untracked 
|  12|0x00000000a4000000, 0x00000000a4000000, 0x00000000a4100000|  0%| F|  |TAMS 0x00000000a4000000, 0x00000000a4000000| Untracked 
|  13|0x00000000a4100000, 0x00000000a4100000, 0x00000000a4200000|  0%| F|  |TAMS 0x00000000a4100000, 0x00000000a4100000| Untracked 
|  14|0x00000000a4200000, 0x00000000a4200000, 0x00000000a4300000|  0%| F|  |TAMS 0x00000000a4200000, 0x00000000a4200000| Untracked 
|  15|0x00000000a4300000, 0x00000000a4300000, 0x00000000a4400000|  0%| F|  |TAMS 0x00000000a4300000, 0x00000000a4300000| Untracked 
|  16|0x00000000a4400000, 0x00000000a4400000, 0x00000000a4500000|  0%| F|  |TAMS 0x00000000a4400000, 0x00000000a4400000| Untracked 
|  17|0x00000000a4500000, 0x00000000a4500000, 0x00000000a4600000|  0%| F|  |TAMS 0x00000000a4500000, 0x00000000a4500000| Untracked 
|  18|0x00000000a4600000, 0x00000000a4600000, 0x00000000a4700000|  0%| F|  |TAMS 0x00000000a4600000, 0x00000000a4600000| Untracked 
|  19|0x00000000a4700000, 0x00000000a4700000, 0x00000000a4800000|  0%| F|  |TAMS 0x00000000a4700000, 0x00000000a4700000| Untracked 
|  20|0x00000000a4800000, 0x00000000a4800000, 0x00000000a4900000|  0%| F|  |TAMS 0x00000000a4800000, 0x00000000a4800000| Untracked 
|  21|0x00000000a4900000, 0x00000000a4900000, 0x00000000a4a00000|  0%| F|  |TAMS 0x00000000a4900000, 0x00000000a4900000| Untracked 
|  22|0x00000000a4a00000, 0x00000000a4a00000, 0x00000000a4b00000|  0%| F|  |TAMS 0x00000000a4a00000, 0x00000000a4a00000| Untracked 
|  23|0x00000000a4b00000, 0x00000000a4b00000, 0x00000000a4c00000|  0%| F|  |TAMS 0x00000000a4b00000, 0x00000000a4b00000| Untracked 
|  24|0x00000000a4c00000, 0x00000000a4c00000, 0x00000000a4d00000|  0%| F|  |TAMS 0x00000000a4c00000, 0x00000000a4c00000| Untracked 
|  25|0x00000000a4d00000, 0x00000000a4d00000, 0x00000000a4e00000|  0%| F|  |TAMS 0x00000000a4d00000, 0x00000000a4d00000| Untracked 
|  26|0x00000000a4e00000, 0x00000000a4e00000, 0x00000000a4f00000|  0%| F|  |TAMS 0x00000000a4e00000, 0x00000000a4e00000| Untracked 
|  27|0x00000000a4f00000, 0x00000000a4f00000, 0x00000000a5000000|  0%| F|  |TAMS 0x00000000a4f00000, 0x00000000a4f00000| Untracked 
|  28|0x00000000a5000000, 0x00000000a5000000, 0x00000000a5100000|  0%| F|  |TAMS 0x00000000a5000000, 0x00000000a5000000| Untracked 
|  29|0x00000000a5100000, 0x00000000a5100000, 0x00000000a5200000|  0%| F|  |TAMS 0x00000000a5100000, 0x00000000a5100000| Untracked 
|  30|0x00000000a5200000, 0x00000000a5200000, 0x00000000a5300000|  0%| F|  |TAMS 0x00000000a5200000, 0x00000000a5200000| Untracked 
|  31|0x00000000a5300000, 0x00000000a5300000, 0x00000000a5400000|  0%| F|  |TAMS 0x00000000a5300000, 0x00000000a5300000| Untracked 
|  32|0x00000000a5400000, 0x00000000a5400000, 0x00000000a5500000|  0%| F|  |TAMS 0x00000000a5400000, 0x00000000a5400000| Untracked 
|  33|0x00000000a5500000, 0x00000000a5500000, 0x00000000a5600000|  0%| F|  |TAMS 0x00000000a5500000, 0x00000000a5500000| Untracked 
|  34|0x00000000a5600000, 0x00000000a5600000, 0x00000000a5700000|  0%| F|  |TAMS 0x00000000a5600000, 0x00000000a5600000| Untracked 
|  35|0x00000000a5700000, 0x00000000a5700000, 0x00000000a5800000|  0%| F|  |TAMS 0x00000000a5700000, 0x00000000a5700000| Untracked 
|  36|0x00000000a5800000, 0x00000000a5800000, 0x00000000a5900000|  0%| F|  |TAMS 0x00000000a5800000, 0x00000000a5800000| Untracked 
|  37|0x00000000a5900000, 0x00000000a5900000, 0x00000000a5a00000|  0%| F|  |TAMS 0x00000000a5900000, 0x00000000a5900000| Untracked 
|  38|0x00000000a5a00000, 0x00000000a5a00000, 0x00000000a5b00000|  0%| F|  |TAMS 0x00000000a5a00000, 0x00000000a5a00000| Untracked 
|  39|0x00000000a5b00000, 0x00000000a5b00000, 0x00000000a5c00000|  0%| F|  |TAMS 0x00000000a5b00000, 0x00000000a5b00000| Untracked 
|  40|0x00000000a5c00000, 0x00000000a5c00000, 0x00000000a5d00000|  0%| F|  |TAMS 0x00000000a5c00000, 0x00000000a5c00000| Untracked 
|  41|0x00000000a5d00000, 0x00000000a5d00000, 0x00000000a5e00000|  0%| F|  |TAMS 0x00000000a5d00000, 0x00000000a5d00000| Untracked 
|  42|0x00000000a5e00000, 0x00000000a5e00000, 0x00000000a5f00000|  0%| F|  |TAMS 0x00000000a5e00000, 0x00000000a5e00000| Untracked 
|  43|0x00000000a5f00000, 0x00000000a5f00000, 0x00000000a6000000|  0%| F|  |TAMS 0x00000000a5f00000, 0x00000000a5f00000| Untracked 
|  44|0x00000000a6000000, 0x00000000a6000000, 0x00000000a6100000|  0%| F|  |TAMS 0x00000000a6000000, 0x00000000a6000000| Untracked 
|  45|0x00000000a6100000, 0x00000000a6100000, 0x00000000a6200000|  0%| F|  |TAMS 0x00000000a6100000, 0x00000000a6100000| Untracked 
|  46|0x00000000a6200000, 0x00000000a6200000, 0x00000000a6300000|  0%| F|  |TAMS 0x00000000a6200000, 0x00000000a6200000| Untracked 
|  47|0x00000000a6300000, 0x00000000a6300000, 0x00000000a6400000|  0%| F|  |TAMS 0x00000000a6300000, 0x00000000a6300000| Untracked 
|  48|0x00000000a6400000, 0x00000000a6400000, 0x00000000a6500000|  0%| F|  |TAMS 0x00000000a6400000, 0x00000000a6400000| Untracked 
|  49|0x00000000a6500000, 0x00000000a6500000, 0x00000000a6600000|  0%| F|  |TAMS 0x00000000a6500000, 0x00000000a6500000| Untracked 
|  50|0x00000000a6600000, 0x00000000a6600000, 0x00000000a6700000|  0%| F|  |TAMS 0x00000000a6600000, 0x00000000a6600000| Untracked 
|  51|0x00000000a6700000, 0x00000000a6700000, 0x00000000a6800000|  0%| F|  |TAMS 0x00000000a6700000, 0x00000000a6700000| Untracked 
|  52|0x00000000a6800000, 0x00000000a6800000, 0x00000000a6900000|  0%| F|  |TAMS 0x00000000a6800000, 0x00000000a6800000| Untracked 
|  53|0x00000000a6900000, 0x00000000a6900000, 0x00000000a6a00000|  0%| F|  |TAMS 0x00000000a6900000, 0x00000000a6900000| Untracked 
|  54|0x00000000a6a00000, 0x00000000a6a00000, 0x00000000a6b00000|  0%| F|  |TAMS 0x00000000a6a00000, 0x00000000a6a00000| Untracked 
|  55|0x00000000a6b00000, 0x00000000a6b00000, 0x00000000a6c00000|  0%| F|  |TAMS 0x00000000a6b00000, 0x00000000a6b00000| Untracked 
|  56|0x00000000a6c00000, 0x00000000a6c00000, 0x00000000a6d00000|  0%| F|  |TAMS 0x00000000a6c00000, 0x00000000a6c00000| Untracked 
|  57|0x00000000a6d00000, 0x00000000a6d00000, 0x00000000a6e00000|  0%| F|  |TAMS 0x00000000a6d00000, 0x00000000a6d00000| Untracked 
|  58|0x00000000a6e00000, 0x00000000a6e00000, 0x00000000a6f00000|  0%| F|  |TAMS 0x00000000a6e00000, 0x00000000a6e00000| Untracked 
|  59|0x00000000a6f00000, 0x00000000a6f00000, 0x00000000a7000000|  0%| F|  |TAMS 0x00000000a6f00000, 0x00000000a6f00000| Untracked 
|  60|0x00000000a7000000, 0x00000000a7000000, 0x00000000a7100000|  0%| F|  |TAMS 0x00000000a7000000, 0x00000000a7000000| Untracked 
|  61|0x00000000a7100000, 0x00000000a7100000, 0x00000000a7200000|  0%| F|  |TAMS 0x00000000a7100000, 0x00000000a7100000| Untracked 
|  62|0x00000000a7200000, 0x00000000a7200000, 0x00000000a7300000|  0%| F|  |TAMS 0x00000000a7200000, 0x00000000a7200000| Untracked 
|  63|0x00000000a7300000, 0x00000000a7300000, 0x00000000a7400000|  0%| F|  |TAMS 0x00000000a7300000, 0x00000000a7300000| Untracked 
|  64|0x00000000a7400000, 0x00000000a7400000, 0x00000000a7500000|  0%| F|  |TAMS 0x00000000a7400000, 0x00000000a7400000| Untracked 
|  65|0x00000000a7500000, 0x00000000a7500000, 0x00000000a7600000|  0%| F|  |TAMS 0x00000000a7500000, 0x00000000a7500000| Untracked 
|  66|0x00000000a7600000, 0x00000000a7600000, 0x00000000a7700000|  0%| F|  |TAMS 0x00000000a7600000, 0x00000000a7600000| Untracked 
|  67|0x00000000a7700000, 0x00000000a7700000, 0x00000000a7800000|  0%| F|  |TAMS 0x00000000a7700000, 0x00000000a7700000| Untracked 
|  68|0x00000000a7800000, 0x00000000a7800000, 0x00000000a7900000|  0%| F|  |TAMS 0x00000000a7800000, 0x00000000a7800000| Untracked 
|  69|0x00000000a7900000, 0x00000000a7900000, 0x00000000a7a00000|  0%| F|  |TAMS 0x00000000a7900000, 0x00000000a7900000| Untracked 
|  70|0x00000000a7a00000, 0x00000000a7a00000, 0x00000000a7b00000|  0%| F|  |TAMS 0x00000000a7a00000, 0x00000000a7a00000| Untracked 
|  71|0x00000000a7b00000, 0x00000000a7b00000, 0x00000000a7c00000|  0%| F|  |TAMS 0x00000000a7b00000, 0x00000000a7b00000| Untracked 
|  72|0x00000000a7c00000, 0x00000000a7c00000, 0x00000000a7d00000|  0%| F|  |TAMS 0x00000000a7c00000, 0x00000000a7c00000| Untracked 
|  73|0x00000000a7d00000, 0x00000000a7d00000, 0x00000000a7e00000|  0%| F|  |TAMS 0x00000000a7d00000, 0x00000000a7d00000| Untracked 
|  74|0x00000000a7e00000, 0x00000000a7e00000, 0x00000000a7f00000|  0%| F|  |TAMS 0x00000000a7e00000, 0x00000000a7e00000| Untracked 
|  75|0x00000000a7f00000, 0x00000000a7f00000, 0x00000000a8000000|  0%| F|  |TAMS 0x00000000a7f00000, 0x00000000a7f00000| Untracked 
|  76|0x00000000a8000000, 0x00000000a8000000, 0x00000000a8100000|  0%| F|  |TAMS 0x00000000a8000000, 0x00000000a8000000| Untracked 
|  77|0x00000000a8100000, 0x00000000a8100000, 0x00000000a8200000|  0%| F|  |TAMS 0x00000000a8100000, 0x00000000a8100000| Untracked 
|  78|0x00000000a8200000, 0x00000000a8200000, 0x00000000a8300000|  0%| F|  |TAMS 0x00000000a8200000, 0x00000000a8200000| Untracked 
|  79|0x00000000a8300000, 0x00000000a8300000, 0x00000000a8400000|  0%| F|  |TAMS 0x00000000a8300000, 0x00000000a8300000| Untracked 
|  80|0x00000000a8400000, 0x00000000a8400000, 0x00000000a8500000|  0%| F|  |TAMS 0x00000000a8400000, 0x00000000a8400000| Untracked 
|  81|0x00000000a8500000, 0x00000000a8500000, 0x00000000a8600000|  0%| F|  |TAMS 0x00000000a8500000, 0x00000000a8500000| Untracked 
|  82|0x00000000a8600000, 0x00000000a8600000, 0x00000000a8700000|  0%| F|  |TAMS 0x00000000a8600000, 0x00000000a8600000| Untracked 
|  83|0x00000000a8700000, 0x00000000a8700000, 0x00000000a8800000|  0%| F|  |TAMS 0x00000000a8700000, 0x00000000a8700000| Untracked 
|  84|0x00000000a8800000, 0x00000000a8800000, 0x00000000a8900000|  0%| F|  |TAMS 0x00000000a8800000, 0x00000000a8800000| Untracked 
|  85|0x00000000a8900000, 0x00000000a8900000, 0x00000000a8a00000|  0%| F|  |TAMS 0x00000000a8900000, 0x00000000a8900000| Untracked 
|  86|0x00000000a8a00000, 0x00000000a8a00000, 0x00000000a8b00000|  0%| F|  |TAMS 0x00000000a8a00000, 0x00000000a8a00000| Untracked 
|  87|0x00000000a8b00000, 0x00000000a8b00000, 0x00000000a8c00000|  0%| F|  |TAMS 0x00000000a8b00000, 0x00000000a8b00000| Untracked 
|  88|0x00000000a8c00000, 0x00000000a8c00000, 0x00000000a8d00000|  0%| F|  |TAMS 0x00000000a8c00000, 0x00000000a8c00000| Untracked 
|  89|0x00000000a8d00000, 0x00000000a8e00000, 0x00000000a8e00000|100%| E|  |TAMS 0x00000000a8d00000, 0x00000000a8d00000| Complete 
|  90|0x00000000a8e00000, 0x00000000a8f00000, 0x00000000a8f00000|100%| E|CS|TAMS 0x00000000a8e00000, 0x00000000a8e00000| Complete 
|  91|0x00000000a8f00000, 0x00000000a9000000, 0x00000000a9000000|100%| E|CS|TAMS 0x00000000a8f00000, 0x00000000a8f00000| Complete 
|  92|0x00000000a9000000, 0x00000000a9100000, 0x00000000a9100000|100%| E|CS|TAMS 0x00000000a9000000, 0x00000000a9000000| Complete 
|  93|0x00000000a9100000, 0x00000000a9200000, 0x00000000a9200000|100%| E|CS|TAMS 0x00000000a9100000, 0x00000000a9100000| Complete 

Card table byte_map: [0x0000021971910000,0x0000021971c00000] _byte_map_base: 0x00000219713f6000

Marking Bits (Prev, Next): (CMBitMap*) 0x000002195aed1080, (CMBitMap*) 0x000002195aed10c0
 Prev Bits: [0x0000021971ef0000, 0x0000021973620000)
 Next Bits: [0x0000021973620000, 0x0000021974d50000)

Polling page: 0x0000021959050000

Metaspace:

Usage:
  Non-class:      4.84 MB used.
      Class:    586.97 KB used.
       Both:      5.41 MB used.

Virtual space:
  Non-class space:        8.00 MB reserved,       4.94 MB ( 62%) committed,  1 nodes.
      Class space:        1.00 GB reserved,     704.00 KB ( <1%) committed,  1 nodes.
              Both:        1.01 GB reserved,       5.62 MB ( <1%) committed. 

Chunk freelists:
   Non-Class:  2.89 MB
       Class:  3.24 MB
        Both:  6.13 MB

MaxMetaspaceSize: 17179869184.00 GB
CompressedClassSpaceSize: 1.00 GB
 - commit_granule_bytes: 65536.
 - commit_granule_words: 8192.
 - virtual_space_node_default_size: 1048576.
 - enlarge_chunks_in_place: 1.
 - new_chunks_are_fully_committed: 0.
 - uncommit_free_chunks: 1.
 - use_allocation_guard: 0.
 - handle_deallocations: 1.


Internal statistics:

num_allocs_failed_limit: 0.
num_arena_births: 108.
num_arena_deaths: 0.
num_vsnodes_births: 2.
num_vsnodes_deaths: 0.
num_space_committed: 90.
num_space_uncommitted: 0.
num_chunks_returned_to_freelist: 0.
num_chunks_taken_from_freelist: 128.
num_chunk_merges: 0.
num_chunk_splits: 83.
num_chunks_enlarged: 43.
num_purges: 0.

CodeHeap 'non-profiled nmethods': size=120000Kb used=163Kb max_used=163Kb free=119836Kb
 bounds [0x000002196a0f0000, 0x000002196a360000, 0x0000021971620000]
CodeHeap 'profiled nmethods': size=120000Kb used=893Kb max_used=893Kb free=119106Kb
 bounds [0x0000021962bc0000, 0x0000021962e30000, 0x000002196a0f0000]
CodeHeap 'non-nmethods': size=5760Kb used=1217Kb max_used=1226Kb free=4542Kb
 bounds [0x0000021962620000, 0x0000021962890000, 0x0000021962bc0000]
 total_blobs=1144 nmethods=618 adapters=440
 compilation: enabled
              stopped_count=0, restarted_count=0
 full_count=0

Compilation events (20 events):
Event: 5.363 Thread 0x000002197721af00  608       3       java.awt.Component::getCursor_NoClientCode (30 bytes)
Event: 5.363 Thread 0x000002197721af00 nmethod 608 0x0000021962c9b310 code [0x0000021962c9b500, 0x0000021962c9b8a8]
Event: 5.395 Thread 0x000002197721af00  609       3       sun.awt.AWTAutoShutdown::notifyToolkitThreadBusy (8 bytes)
Event: 5.395 Thread 0x000002197721af00 nmethod 609 0x0000021962c9ba10 code [0x0000021962c9bbc0, 0x0000021962c9bd48]
Event: 5.395 Thread 0x000002197721af00  610       3       sun.awt.AWTAutoShutdown::notifyToolkitThreadFree (8 bytes)
Event: 5.396 Thread 0x000002197721af00 nmethod 610 0x0000021962c9be10 code [0x0000021962c9bfc0, 0x0000021962c9c148]
Event: 5.413 Thread 0x000002197721af00  612   !   3       sun.awt.PostEventQueue::flush (168 bytes)
Event: 5.414 Thread 0x000002197721af00 nmethod 612 0x0000021962c9c210 code [0x0000021962c9c4c0, 0x0000021962c9d248]
Event: 5.414 Thread 0x000002197721af00  611       3       sun.awt.SunToolkit::flushPendingEvents (19 bytes)
Event: 5.415 Thread 0x000002197721af00 nmethod 611 0x0000021962c9d810 code [0x0000021962c9d9e0, 0x0000021962c9dc98]
Event: 5.419 Thread 0x000002197721af00  613       3       java.awt.EventQueue::eventToCacheIndex (80 bytes)
Event: 5.419 Thread 0x000002197721af00 nmethod 613 0x0000021962c9dd90 code [0x0000021962c9df80, 0x0000021962c9e578]
Event: 5.706 Thread 0x000002197721af00  614       3       java.util.EventObject::<init> (24 bytes)
Event: 5.707 Thread 0x000002197721af00 nmethod 614 0x0000021962c9e610 code [0x0000021962c9e7c0, 0x0000021962c9ea88]
Event: 5.707 Thread 0x000002197721af00  615       1       java.beans.PropertyChangeEvent::getOldValue (5 bytes)
Event: 5.707 Thread 0x000002197721af00 nmethod 615 0x000002196a118090 code [0x000002196a118220, 0x000002196a1182f8]
Event: 1547.811 Thread 0x000002197721af00  617       3       java.util.concurrent.locks.ReentrantLock$Sync::isHeldExclusively (16 bytes)
Event: 1547.812 Thread 0x000002197721af00 nmethod 617 0x0000021962c9eb90 code [0x0000021962c9ed40, 0x0000021962c9eed8]
Event: 1547.831 Thread 0x000002197721af00  620       3       java.lang.ref.WeakReference::<init> (6 bytes)
Event: 1547.831 Thread 0x00000219771aeab0  618       4       sun.java2d.loops.GraphicsPrimitiveMgr$2::compare (39 bytes)

GC Heap History (0 events):
No events

Deoptimization events (0 events):
No events

Classes unloaded (0 events):
No events

Classes redefined (0 events):
No events

Internal exceptions (13 events):
Event: 0.334 Thread 0x000002195ae96f90 Exception <a 'java/lang/NoSuchMethodError'{0x00000000a9018038}: 'void java.lang.invoke.DirectMethodHandle$Holder.invokeSpecial(java.lang.Object, java.lang.Object, java.lang.Object)'> (0x00000000a9018038) 
thrown [t:\workspace\open\src\hotspot\share\interpreter\linkResolver.cpp, line 790]
Event: 0.376 Thread 0x000002195ae96f90 Exception <a 'java/lang/ClassNotFoundException'{0x00000000a9038790}: sun/awt/resources/spi/awtProvider> (0x00000000a9038790) 
thrown [t:\workspace\open\src\hotspot\share\classfile\systemDictionary.cpp, line 256]
Event: 0.504 Thread 0x000002195ae96f90 Exception <a 'java/io/FileNotFoundException'{0x00000000a9092480}> (0x00000000a9092480) 
thrown [t:\workspace\open\src\hotspot\share\prims\jni.cpp, line 579]
Event: 0.526 Thread 0x000002195ae96f90 Exception <a 'java/io/FileNotFoundException'{0x00000000a90c0d90}> (0x00000000a90c0d90) 
thrown [t:\workspace\open\src\hotspot\share\prims\jni.cpp, line 579]
Event: 0.527 Thread 0x000002195ae96f90 Exception <a 'java/lang/NoSuchMethodError'{0x00000000a90c1f88}: 'java.lang.Object java.lang.invoke.DirectMethodHandle$Holder.invokeStatic(java.lang.Object)'> (0x00000000a90c1f88) 
thrown [t:\workspace\open\src\hotspot\share\interpreter\linkResolver.cpp, line 790]
Event: 0.636 Thread 0x000002195ae96f90 Exception <a 'java/lang/NoSuchMethodError'{0x00000000a8f17c70}: 'java.lang.Object java.lang.invoke.DirectMethodHandle$Holder.invokeStaticInit(java.lang.Object)'> (0x00000000a8f17c70) 
thrown [t:\workspace\open\src\hotspot\share\interpreter\linkResolver.cpp, line 790]
Event: 0.735 Thread 0x000002195ae96f90 Exception <a 'java/lang/NoSuchMethodError'{0x00000000a8fcc130}: 'java.lang.Object java.lang.invoke.DirectMethodHandle$Holder.newInvokeSpecial(java.lang.Object, java.lang.Object, java.lang.Object, java.lang.Object, java.lang.Object)'> (0x00000000a8fcc130) 
thrown [t:\workspace\open\src\hotspot\share\interpreter\linkResolver.cpp, line 790]
Event: 0.740 Thread 0x000002195ae96f90 Exception <a 'java/lang/NoSuchMethodError'{0x00000000a8fd7c18}: 'java.lang.Object java.lang.invoke.DirectMethodHandle$Holder.invokeStatic(java.lang.Object, int, java.lang.Object, java.lang.Object, java.lang.Object, java.lang.Object)'> (0x00000000a8fd7c18) 
thrown [t:\workspace\open\src\hotspot\share\interpreter\linkResolver.cpp, line 790]
Event: 0.752 Thread 0x000002195ae96f90 Exception <a 'java/lang/NoSuchMethodError'{0x00000000a8ffdce0}: 'java.lang.Object java.lang.invoke.DirectMethodHandle$Holder.invokeStatic(java.lang.Object, int, java.lang.Object)'> (0x00000000a8ffdce0) 
thrown [t:\workspace\open\src\hotspot\share\interpreter\linkResolver.cpp, line 790]
Event: 0.812 Thread 0x000002195ae96f90 Exception <a 'java/lang/ClassNotFoundException'{0x00000000a8eb63c8}: com/sun/swing/internal/plaf/metal/resources/spi/metalProvider> (0x00000000a8eb63c8) 
thrown [t:\workspace\open\src\hotspot\share\classfile\systemDictionary.cpp, line 256]
Event: 0.814 Thread 0x000002195ae96f90 Exception <a 'java/lang/ClassNotFoundException'{0x00000000a8eba460}: com/sun/swing/internal/plaf/basic/resources/spi/basicProvider> (0x00000000a8eba460) 
thrown [t:\workspace\open\src\hotspot\share\classfile\systemDictionary.cpp, line 256]
Event: 0.876 Thread 0x000002195ae96f90 Exception <a 'java/lang/NoSuchMethodError'{0x00000000a8ef4ff8}: 'void java.lang.invoke.DirectMethodHandle$Holder.invokeStaticInit(java.lang.Object)'> (0x00000000a8ef4ff8) 
thrown [t:\workspace\open\src\hotspot\share\interpreter\linkResolver.cpp, line 790]
Event: 0.953 Thread 0x0000021977e65c10 Exception <a 'java/lang/NoSuchMethodError'{0x00000000a8f53798}: 'void java.lang.invoke.DirectMethodHandle$Holder.invokeVirtual(java.lang.Object, java.lang.Object)'> (0x00000000a8f53798) 
thrown [t:\workspace\open\src\hotspot\share\interpreter\linkResolver.cpp, line 790]

Events (20 events):
Event: 2.926 loading class java/awt/event/MouseWheelEvent
Event: 2.926 loading class java/awt/event/MouseWheelEvent done
Event: 2.930 Executing  VM operation: Cleanup
Event: 2.930 Executing  VM operation: Cleanup done
Event: 3.934 Executing  VM operation: Cleanup
Event: 3.934 Executing  VM operation: Cleanup done
Event: 4.940 Executing  VM operation: Cleanup
Event: 4.940 Executing  VM operation: Cleanup done
Event: 5.707 loading class java/awt/KeyboardFocusManager$2
Event: 5.707 loading class java/awt/KeyboardFocusManager$2 done
Event: 5.707 loading class sun/awt/SunToolkit$1
Event: 5.708 loading class sun/awt/SunToolkit$1 done
Event: 5.952 Executing  VM operation: Cleanup
Event: 5.952 Executing  VM operation: Cleanup done
Event: 1547.818 loading class java/util/WeakHashMap$KeyIterator
Event: 1547.818 loading class java/util/WeakHashMap$HashIterator
Event: 1547.818 loading class java/util/WeakHashMap$HashIterator done
Event: 1547.818 loading class java/util/WeakHashMap$KeyIterator done
Event: 1547.819 loading class javax/swing/RepaintManager$DisplayChangedRunnable
Event: 1547.819 loading class javax/swing/RepaintManager$DisplayChangedRunnable done


Dynamic libraries:
0x00007ff786ad0000 - 0x00007ff786ae0000 	C:\Program Files\Java\jdk-16.0.2\bin\javaw.exe
0x00007ffc4be50000 - 0x00007ffc4c045000 	C:\WINDOWS\SYSTEM32\ntdll.dll
0x00007ffc4aa40000 - 0x00007ffc4aafe000 	C:\WINDOWS\System32\KERNEL32.DLL
0x00007ffc49ae0000 - 0x00007ffc49da8000 	C:\WINDOWS\System32\KERNELBASE.dll
0x00007ffc49670000 - 0x00007ffc49770000 	C:\WINDOWS\System32\ucrtbase.dll
0x00007ffc449a0000 - 0x00007ffc449b8000 	C:\Program Files\Java\jdk-16.0.2\bin\jli.dll
0x00007ffc4b330000 - 0x00007ffc4b3de000 	C:\WINDOWS\System32\ADVAPI32.dll
0x00007ffc4a000000 - 0x00007ffc4a09e000 	C:\WINDOWS\System32\msvcrt.dll
0x00007ffc49f40000 - 0x00007ffc49fdc000 	C:\WINDOWS\System32\sechost.dll
0x00007ffc4b140000 - 0x00007ffc4b265000 	C:\WINDOWS\System32\RPCRT4.dll
0x00007ffc4a140000 - 0x00007ffc4a2e1000 	C:\WINDOWS\System32\USER32.dll
0x00007ffc49e60000 - 0x00007ffc49e82000 	C:\WINDOWS\System32\win32u.dll
0x00007ffc4a300000 - 0x00007ffc4a32b000 	C:\WINDOWS\System32\GDI32.dll
0x00007ffc49560000 - 0x00007ffc4966d000 	C:\WINDOWS\System32\gdi32full.dll
0x00007ffc49770000 - 0x00007ffc4980d000 	C:\WINDOWS\System32\msvcp_win.dll
0x00007ffc43d10000 - 0x00007ffc43d29000 	C:\Program Files\Java\jdk-16.0.2\bin\VCRUNTIME140.dll
0x00007ffc3be90000 - 0x00007ffc3c12a000 	C:\WINDOWS\WinSxS\amd64_microsoft.windows.common-controls_6595b64144ccf1df_6.0.19041.1110_none_60b5254171f9507e\COMCTL32.dll
0x00007ffc3af90000 - 0x00007ffc3af9a000 	C:\WINDOWS\SYSTEM32\VERSION.dll
0x00007ffc4aa10000 - 0x00007ffc4aa40000 	C:\WINDOWS\System32\IMM32.DLL
0x00007ffc44fe0000 - 0x00007ffc44fec000 	C:\Program Files\Java\jdk-16.0.2\bin\vcruntime140_1.dll
0x00007ffc3ed10000 - 0x00007ffc3eda1000 	C:\Program Files\Java\jdk-16.0.2\bin\msvcp140.dll
0x00007ffc1fe30000 - 0x00007ffc209db000 	C:\Program Files\Java\jdk-16.0.2\bin\server\jvm.dll
0x00007ffc4a0a0000 - 0x00007ffc4a0a8000 	C:\WINDOWS\System32\PSAPI.DLL
0x00007ffc44280000 - 0x00007ffc44289000 	C:\WINDOWS\SYSTEM32\WSOCK32.dll
0x00007ffc4b0d0000 - 0x00007ffc4b13b000 	C:\WINDOWS\System32\WS2_32.dll
0x00007ffc36660000 - 0x00007ffc36687000 	C:\WINDOWS\SYSTEM32\WINMM.dll
0x00007ffc47450000 - 0x00007ffc47462000 	C:\WINDOWS\SYSTEM32\kernel.appcore.dll
0x00007ffc43d00000 - 0x00007ffc43d0a000 	C:\Program Files\Java\jdk-16.0.2\bin\jimage.dll
0x00007ffc389d0000 - 0x00007ffc38bb4000 	C:\WINDOWS\SYSTEM32\DBGHELP.DLL
0x00007ffc389a0000 - 0x00007ffc389cc000 	C:\WINDOWS\SYSTEM32\dbgcore.DLL
0x00007ffc498c0000 - 0x00007ffc49942000 	C:\WINDOWS\System32\bcryptPrimitives.dll
0x00007ffc43cd0000 - 0x00007ffc43cf5000 	C:\Program Files\Java\jdk-16.0.2\bin\java.dll
0x00007ffc4b6c0000 - 0x00007ffc4be04000 	C:\WINDOWS\System32\SHELL32.dll
0x00007ffc47650000 - 0x00007ffc47de5000 	C:\WINDOWS\SYSTEM32\windows.storage.dll
0x00007ffc4ad00000 - 0x00007ffc4b055000 	C:\WINDOWS\System32\combase.dll
0x00007ffc48fb0000 - 0x00007ffc48fde000 	C:\WINDOWS\SYSTEM32\Wldp.dll
0x00007ffc4a460000 - 0x00007ffc4a50d000 	C:\WINDOWS\System32\SHCORE.dll
0x00007ffc4b270000 - 0x00007ffc4b2c5000 	C:\WINDOWS\System32\shlwapi.dll
0x00007ffc494a0000 - 0x00007ffc494bf000 	C:\WINDOWS\SYSTEM32\profapi.dll
0x00007ffc1fcb0000 - 0x00007ffc1fe30000 	C:\Program Files\Java\jdk-16.0.2\bin\awt.dll
0x00007ffc4b3e0000 - 0x00007ffc4b4ad000 	C:\WINDOWS\System32\OLEAUT32.dll
0x00007ffc46d90000 - 0x00007ffc46e20000 	C:\WINDOWS\SYSTEM32\apphelp.dll
0x00007ffc47160000 - 0x00007ffc4718f000 	C:\WINDOWS\system32\DWMAPI.DLL
0x00007ffc46f50000 - 0x00007ffc46fee000 	C:\WINDOWS\system32\uxtheme.dll
0x00007ffc2c680000 - 0x00007ffc2c7a5000 	C:\WINDOWS\system32\opengl32.dll
0x00007ffc3f000000 - 0x00007ffc3f02c000 	C:\WINDOWS\SYSTEM32\GLU32.dll
0x00007ffc4abe0000 - 0x00007ffc4acf5000 	C:\WINDOWS\System32\MSCTF.dll
0x00007ffc4a330000 - 0x00007ffc4a45a000 	C:\WINDOWS\System32\ole32.dll
0x00007ffc25c20000 - 0x00007ffc25ca9000 	C:\Program Files\Java\jdk-16.0.2\bin\freetype.dll
0x00007ffc23e40000 - 0x00007ffc23f36000 	C:\Program Files\Java\jdk-16.0.2\bin\harfbuzz.dll
0x00007ffc369a0000 - 0x00007ffc369b2000 	C:\Program Files\Java\jdk-16.0.2\bin\fontmanager.dll
0x00007ffc40190000 - 0x00007ffc40289000 	C:\WINDOWS\SYSTEM32\textinputframework.dll
0x00007ffc46710000 - 0x00007ffc46a6e000 	C:\WINDOWS\System32\CoreUIComponents.dll
0x00007ffc46b50000 - 0x00007ffc46c42000 	C:\WINDOWS\System32\CoreMessaging.dll
0x00007ffc48370000 - 0x00007ffc483a3000 	C:\WINDOWS\SYSTEM32\ntmarta.dll
0x00007ffc46040000 - 0x00007ffc46194000 	C:\WINDOWS\SYSTEM32\wintypes.dll

dbghelp: loaded successfully - version: 4.0.5 - missing functions: none
symbol engine: initialized successfully - sym options: 0x614 - pdb path: .;C:\Program Files\Java\jdk-16.0.2\bin;C:\WINDOWS\SYSTEM32;C:\WINDOWS\WinSxS\amd64_microsoft.windows.common-controls_6595b64144ccf1df_6.0.19041.1110_none_60b5254171f9507e;C:\Program Files\Java\jdk-16.0.2\bin\server

VM Arguments:
jvm_args: -Dfile.encoding=Cp1252 -XX:+ShowCodeDetailsInExceptionMessages 
java_command: Drawing
java_class_path (initial): C:\Users\miko\eclipse-workspace\LabExer9\bin
Launcher Type: SUN_STANDARD

[Global flags]
     intx CICompilerCount                          = 3                                         {product} {ergonomic}
     uint ConcGCThreads                            = 1                                         {product} {ergonomic}
     uint G1ConcRefinementThreads                  = 4                                         {product} {ergonomic}
   size_t G1HeapRegionSize                         = 1048576                                   {product} {ergonomic}
    uintx GCDrainStackTargetSize                   = 64                                        {product} {ergonomic}
   size_t InitialHeapSize                          = 98566144                                  {product} {ergonomic}
   size_t MarkStackSize                            = 4194304                                   {product} {ergonomic}
   size_t MaxHeapSize                              = 1556086784                                {product} {ergonomic}
   size_t MaxNewSize                               = 933232640                                 {product} {ergonomic}
   size_t MinHeapDeltaBytes                        = 1048576                                   {product} {ergonomic}
   size_t MinHeapSize                              = 8388608                                   {product} {ergonomic}
    uintx NonNMethodCodeHeapSize                   = 5832780                                {pd product} {ergonomic}
    uintx NonProfiledCodeHeapSize                  = 122912730                              {pd product} {ergonomic}
    uintx ProfiledCodeHeapSize                     = 122912730                              {pd product} {ergonomic}
    uintx ReservedCodeCacheSize                    = 251658240                              {pd product} {ergonomic}
     bool SegmentedCodeCache                       = true                                      {product} {ergonomic}
     bool ShowCodeDetailsInExceptionMessages       = true                                   {manageable} {command line}
   size_t SoftMaxHeapSize                          = 1556086784                             {manageable} {ergonomic}
     bool UseCompressedClassPointers               = true                           {product lp64_product} {ergonomic}
     bool UseCompressedOops                        = true                           {product lp64_product} {ergonomic}
     bool UseG1GC                                  = true                                      {product} {ergonomic}
     bool UseLargePagesIndividualAllocation        = false                                  {pd product} {ergonomic}

Logging:
Log output configuration:
 #0: stdout all=warning uptime,level,tags
 #1: stderr all=off uptime,level,tags

Environment Variables:
PATH=C:\Program Files\Python310\Scripts\;C:\Program Files\Python310\;C:\Program Files\Common Files\Oracle\Java\javapath;C:\WINDOWS\system32;C:\WINDOWS;C:\WINDOWS\System32\Wbem;C:\WINDOWS\System32\WindowsPowerShell\v1.0\;C:\WINDOWS\System32\OpenSSH\;C:\Users\miko\AppData\Local\Microsoft\WindowsApps;C:\adb;C:\Program Files\nodejs\;C:\Users\miko\AppData\Local\Microsoft\WindowsApps;C:\Users\miko\AppData\Roaming\npm;C:\Users\miko\AppData\Local\Programs\Microsoft VS Code\bin
USERNAME=miko
OS=Windows_NT
PROCESSOR_IDENTIFIER=Intel64 Family 6 Model 37 Stepping 5, GenuineIntel



---------------  S Y S T E M  ---------------

OS:
 Windows 10 , 64 bit Build 19041 (10.0.19041.1466)
OS uptime: 1 days 0:48 hours

CPU: total 4 (initial active 4) (2 cores per cpu, 2 threads per core) family 6 model 37 stepping 5 microcode 0x7, cx8, cmov, fxsr, ht, mmx, sse, sse2, sse3, ssse3, sse4.1, sse4.2, popcnt, tsc, tscinvbit, clflush

Memory: 4k page, system-wide physical 5933M (1336M free)
TotalPageFile size 16685M (AvailPageFile size 0M)
current process WorkingSet (physical memory assigned to process): 47M, peak: 48M
current process commit charge ("private bytes"): 173M, peak: 174M

vm_info: Java HotSpot(TM) 64-Bit Server VM (16.0.2+7-67) for windows-amd64 JRE (16.0.2+7-67), built on Jun  8 2021 23:24:19 by "mach5one" with MS VC++ 16.7 (VS2019)

END.
